2024-11-13 01:46:03,004 - INFO - \u0417\u0430\u043f\u0443\u0441\u043a \u043f\u0440\u043e\u0446\u0435\u0441\u0441\u0430 \u0441 1 \u043f\u043e\u0442\u043e\u043a\u0430\u043c\u0438
2024-11-13 01:46:03,011 - INFO - \u0417\u0430\u0433\u0440\u0443\u0436\u0435\u043d\u043e 1 URL, 61 \u0441\u043e\u043e\u0431\u0449\u0435\u043d\u0438\u0439 \u0438 2 \u043f\u0440\u043e\u043a\u0441\u0438
2024-11-13 01:46:07,377 - INFO - \u041f\u043e\u043f\u044b\u0442\u043a\u0430 \u0437\u0430\u0433\u0440\u0443\u0437\u043a\u0438 \u0441\u0442\u0440\u0430\u043d\u0438\u0446\u044b: https://uslugi.yandex.ru/profile/AndrejVladimirovichK-2877544
2024-11-13 01:46:08,037 - INFO - \u0422\u0435\u043a\u0443\u0449\u0438\u0439 URL \u043f\u043e\u0441\u043b\u0435 \u0437\u0430\u0433\u0440\u0443\u0437\u043a\u0438: https://uslugi.yandex.ru/profile/AndrejVladimirovichK-2877544
2024-11-13 01:46:38,741 - ERROR - \u0422\u0430\u0439\u043c\u0430\u0443\u0442 \u043f\u0440\u0438 \u0437\u0430\u0433\u0440\u0443\u0437\u043a\u0435 \u0441\u0442\u0440\u0430\u043d\u0438\u0446\u044b https://uslugi.yandex.ru/profile/AndrejVladimirovichK-2877544
2024-11-13 01:46:38,745 - INFO - \u041f\u043e\u043f\u044b\u0442\u043a\u0430 \u0437\u0430\u0433\u0440\u0443\u0437\u043a\u0438 \u0441\u0442\u0440\u0430\u043d\u0438\u0446\u044b: https://uslugi.yandex.ru/profile/AndrejVladimirovichK-2877544
2024-11-13 01:46:39,176 - INFO - \u0422\u0435\u043a\u0443\u0449\u0438\u0439 URL \u043f\u043e\u0441\u043b\u0435 \u0437\u0430\u0433\u0440\u0443\u0437\u043a\u0438: https://uslugi.yandex.ru/profile/AndrejVladimirovichK-2877544
2024-11-13 01:46:42,266 - INFO - \u041e\u0441\u0442\u0430\u043d\u0430\u0432\u043b\u0438\u0432\u0430\u0435\u043c \u043f\u0440\u043e\u0446\u0435\u0441\u0441...
2024-11-13 01:47:09,836 - ERROR - \u0422\u0430\u0439\u043c\u0430\u0443\u0442 \u043f\u0440\u0438 \u0437\u0430\u0433\u0440\u0443\u0437\u043a\u0435 \u0441\u0442\u0440\u0430\u043d\u0438\u0446\u044b https://uslugi.yandex.ru/profile/AndrejVladimirovichK-2877544
2024-11-13 01:47:12,543 - INFO - \u041f\u0440\u043e\u0446\u0435\u0441\u0441 \u0437\u0430\u0432\u0435\u0440\u0448\u0435\u043d
2024-11-13 01:56:05,922 - INFO - \u0417\u0430\u043f\u0443\u0441\u043a \u043f\u0440\u043e\u0446\u0435\u0441\u0441\u0430 \u0441 1 \u043f\u043e\u0442\u043e\u043a\u0430\u043c\u0438
2024-11-13 01:56:05,927 - INFO - \u0417\u0430\u0433\u0440\u0443\u0436\u0435\u043d\u043e 1 URL, 61 \u0441\u043e\u043e\u0431\u0449\u0435\u043d\u0438\u0439 \u0438 2 \u043f\u0440\u043e\u043a\u0441\u0438
2024-11-13 01:56:10,317 - INFO - \u041f\u043e\u043f\u044b\u0442\u043a\u0430 \u0437\u0430\u0433\u0440\u0443\u0437\u043a\u0438 \u0441\u0442\u0440\u0430\u043d\u0438\u0446\u044b: https://uslugi.yandex.ru/profile/AndrejVladimirovichK-2877544
2024-11-13 01:56:11,004 - INFO - \u0422\u0435\u043a\u0443\u0449\u0438\u0439 URL \u043f\u043e\u0441\u043b\u0435 \u0437\u0430\u0433\u0440\u0443\u0437\u043a\u0438: https://uslugi.yandex.ru/profile/AndrejVladimirovichK-2877544
2024-11-13 01:56:41,709 - WARNING - \u042d\u043b\u0435\u043c\u0435\u043d\u0442 '\u042f.\u041c\u0435\u0441\u0441\u0435\u043d\u0434\u0436\u0435\u0440' \u043d\u0435 \u043d\u0430\u0439\u0434\u0435\u043d \u043d\u0430 \u0441\u0442\u0440\u0430\u043d\u0438\u0446\u0435 https://uslugi.yandex.ru/profile/AndrejVladimirovichK-2877544. \u041f\u0440\u043e\u043f\u0443\u0441\u043a\u0430\u0435\u043c \u044d\u0442\u043e \u0434\u0435\u0439\u0441\u0442\u0432\u0438\u0435.
2024-11-13 01:56:41,713 - INFO - \u041f\u043e\u043f\u044b\u0442\u043a\u0430 \u0437\u0430\u0433\u0440\u0443\u0437\u043a\u0438 \u0441\u0442\u0440\u0430\u043d\u0438\u0446\u044b: https://uslugi.yandex.ru/profile/AndrejVladimirovichK-2877544
2024-11-13 01:56:42,153 - INFO - \u0422\u0435\u043a\u0443\u0449\u0438\u0439 URL \u043f\u043e\u0441\u043b\u0435 \u0437\u0430\u0433\u0440\u0443\u0437\u043a\u0438: https://uslugi.yandex.ru/profile/AndrejVladimirovichK-2877544
2024-11-13 01:57:00,698 - INFO - \u041e\u0441\u0442\u0430\u043d\u0430\u0432\u043b\u0438\u0432\u0430\u0435\u043c \u043f\u0440\u043e\u0446\u0435\u0441\u0441...
2024-11-13 01:57:12,851 - WARNING - \u042d\u043b\u0435\u043c\u0435\u043d\u0442 '\u042f.\u041c\u0435\u0441\u0441\u0435\u043d\u0434\u0436\u0435\u0440' \u043d\u0435 \u043d\u0430\u0439\u0434\u0435\u043d \u043d\u0430 \u0441\u0442\u0440\u0430\u043d\u0438\u0446\u0435 https://uslugi.yandex.ru/profile/AndrejVladimirovichK-2877544. \u041f\u0440\u043e\u043f\u0443\u0441\u043a\u0430\u0435\u043c \u044d\u0442\u043e \u0434\u0435\u0439\u0441\u0442\u0432\u0438\u0435.
2024-11-13 01:57:15,531 - INFO - \u041f\u0440\u043e\u0446\u0435\u0441\u0441 \u0437\u0430\u0432\u0435\u0440\u0448\u0435\u043d
2024-11-13 02:00:34,151 - INFO - \u0417\u0430\u043f\u0443\u0441\u043a \u043f\u0440\u043e\u0446\u0435\u0441\u0441\u0430 \u0441 1 \u043f\u043e\u0442\u043e\u043a\u0430\u043c\u0438
2024-11-13 02:00:34,157 - INFO - \u0417\u0430\u0433\u0440\u0443\u0436\u0435\u043d\u043e 1 URL, 61 \u0441\u043e\u043e\u0431\u0449\u0435\u043d\u0438\u0439 \u0438 2 \u043f\u0440\u043e\u043a\u0441\u0438
2024-11-13 02:00:38,534 - INFO - \u041f\u043e\u043f\u044b\u0442\u043a\u0430 \u0437\u0430\u0433\u0440\u0443\u0437\u043a\u0438 \u0441\u0442\u0440\u0430\u043d\u0438\u0446\u044b: https://uslugi.yandex.ru/profile/AndrejVladimirovichK-2877544
2024-11-13 02:00:39,141 - INFO - \u0422\u0435\u043a\u0443\u0449\u0438\u0439 URL \u043f\u043e\u0441\u043b\u0435 \u0437\u0430\u0433\u0440\u0443\u0437\u043a\u0438: https://uslugi.yandex.ru/profile/AndrejVladimirovichK-2877544
2024-11-13 02:01:09,845 - WARNING - \u042d\u043b\u0435\u043c\u0435\u043d\u0442 '\u042f.\u041c\u0435\u0441\u0441\u0435\u043d\u0434\u0436\u0435\u0440' \u043d\u0435 \u043d\u0430\u0439\u0434\u0435\u043d \u043d\u0430 \u0441\u0442\u0440\u0430\u043d\u0438\u0446\u0435 https://uslugi.yandex.ru/profile/AndrejVladimirovichK-2877544. \u041f\u0440\u043e\u043f\u0443\u0441\u043a\u0430\u0435\u043c \u044d\u0442\u043e \u0434\u0435\u0439\u0441\u0442\u0432\u0438\u0435.
2024-11-13 02:01:19,905 - WARNING - \u042d\u043b\u0435\u043c\u0435\u043d\u0442 \u0442\u0435\u043a\u0441\u0442\u043e\u0432\u043e\u0433\u043e \u043f\u043e\u043b\u044f \u043d\u0435 \u043d\u0430\u0439\u0434\u0435\u043d \u043d\u0430 \u0441\u0442\u0440\u0430\u043d\u0438\u0446\u0435 https://uslugi.yandex.ru/profile/AndrejVladimirovichK-2877544. \u041f\u0440\u043e\u043f\u0443\u0441\u043a\u0430\u0435\u043c \u044d\u0442\u043e \u0434\u0435\u0439\u0441\u0442\u0432\u0438\u0435.
2024-11-13 02:01:19,910 - INFO - \u041f\u043e\u043f\u044b\u0442\u043a\u0430 \u0437\u0430\u0433\u0440\u0443\u0437\u043a\u0438 \u0441\u0442\u0440\u0430\u043d\u0438\u0446\u044b: https://uslugi.yandex.ru/profile/AndrejVladimirovichK-2877544
2024-11-13 02:01:20,548 - INFO - \u0422\u0435\u043a\u0443\u0449\u0438\u0439 URL \u043f\u043e\u0441\u043b\u0435 \u0437\u0430\u0433\u0440\u0443\u0437\u043a\u0438: https://uslugi.yandex.ru/profile/AndrejVladimirovichK-2877544
2024-11-13 02:01:25,675 - INFO - \u041e\u0441\u0442\u0430\u043d\u0430\u0432\u043b\u0438\u0432\u0430\u0435\u043c \u043f\u0440\u043e\u0446\u0435\u0441\u0441...
2024-11-13 02:01:51,211 - WARNING - \u042d\u043b\u0435\u043c\u0435\u043d\u0442 '\u042f.\u041c\u0435\u0441\u0441\u0435\u043d\u0434\u0436\u0435\u0440' \u043d\u0435 \u043d\u0430\u0439\u0434\u0435\u043d \u043d\u0430 \u0441\u0442\u0440\u0430\u043d\u0438\u0446\u0435 https://uslugi.yandex.ru/profile/AndrejVladimirovichK-2877544. \u041f\u0440\u043e\u043f\u0443\u0441\u043a\u0430\u0435\u043c \u044d\u0442\u043e \u0434\u0435\u0439\u0441\u0442\u0432\u0438\u0435.
2024-11-13 02:02:00,885 - ERROR - \u041e\u0448\u0438\u0431\u043a\u0430 WebDriver \u043f\u0440\u0438 \u0437\u0430\u0433\u0440\u0443\u0437\u043a\u0435 https://uslugi.yandex.ru/profile/AndrejVladimirovichK-2877544: Message: Failed to decode response from marionette

2024-11-13 02:02:01,894 - ERROR - \u041e\u0448\u0438\u0431\u043a\u0430: main thread is not in main loop
Traceback (most recent call last):
  File "C:\YU rassulca\browser_handler.py", line 79, in process_page
    textarea = WebDriverWait(driver, 10).until(
               ^^^^^^^^^^^^^^^^^^^^^^^^^^^^^^^^
  File "C:\YU rassulca\venv\Lib\site-packages\selenium\webdriver\support\wait.py", line 96, in until
    value = method(self._driver)
            ^^^^^^^^^^^^^^^^^^^^
  File "C:\YU rassulca\venv\Lib\site-packages\selenium\webdriver\support\expected_conditions.py", line 84, in _predicate
    return driver.find_element(*locator)
           ^^^^^^^^^^^^^^^^^^^^^^^^^^^^^
  File "C:\YU rassulca\venv\Lib\site-packages\selenium\webdriver\remote\webdriver.py", line 766, in find_element
    return self.execute(Command.FIND_ELEMENT, {"using": by, "value": value})["value"]
           ^^^^^^^^^^^^^^^^^^^^^^^^^^^^^^^^^^^^^^^^^^^^^^^^^^^^^^^^^^^^^^^^^
  File "C:\YU rassulca\venv\Lib\site-packages\selenium\webdriver\remote\webdriver.py", line 380, in execute
    self.error_handler.check_response(response)
  File "C:\YU rassulca\venv\Lib\site-packages\selenium\webdriver\remote\errorhandler.py", line 229, in check_response
    raise exception_class(message, screen, stacktrace)
selenium.common.exceptions.WebDriverException: Message: Failed to decode response from marionette


During handling of the above exception, another exception occurred:

Traceback (most recent call last):
  File "C:\YU rassulca\main.py", line 104, in run_process
    start_process(
  File "C:\YU rassulca\browser_handler.py", line 119, in start_process
    process_page(driver, url, message, stop_flag)
  File "C:\YU rassulca\browser_handler.py", line 102, in process_page
    logging.error(f"\u041e\u0448\u0438\u0431\u043a\u0430 WebDriver \u043f\u0440\u0438 \u0437\u0430\u0433\u0440\u0443\u0437\u043a\u0435 {url}: {str(e)}")
  File "C:\Users\Administrator\AppData\Local\Programs\Python\Python312\Lib\logging\__init__.py", line 2183, in error
    root.error(msg, *args, **kwargs)
  File "C:\Users\Administrator\AppData\Local\Programs\Python\Python312\Lib\logging\__init__.py", line 1568, in error
    self._log(ERROR, msg, args, **kwargs)
  File "C:\Users\Administrator\AppData\Local\Programs\Python\Python312\Lib\logging\__init__.py", line 1684, in _log
    self.handle(record)
  File "C:\Users\Administrator\AppData\Local\Programs\Python\Python312\Lib\logging\__init__.py", line 1700, in handle
    self.callHandlers(record)
  File "C:\Users\Administrator\AppData\Local\Programs\Python\Python312\Lib\logging\__init__.py", line 1762, in callHandlers
    hdlr.handle(record)
  File "C:\Users\Administrator\AppData\Local\Programs\Python\Python312\Lib\logging\__init__.py", line 1028, in handle
    self.emit(record)
  File "C:\YU rassulca\main.py", line 60, in emit
    self.text_widget.after(0, append)
  File "C:\Users\Administrator\AppData\Local\Programs\Python\Python312\Lib\tkinter\__init__.py", line 873, in after
    name = self._register(callit)
           ^^^^^^^^^^^^^^^^^^^^^^
  File "C:\Users\Administrator\AppData\Local\Programs\Python\Python312\Lib\tkinter\__init__.py", line 1604, in _register
    self.tk.createcommand(name, f)
RuntimeError: main thread is not in main loop
2024-11-13 02:08:44,440 - INFO - \u0417\u0430\u043f\u0443\u0441\u043a \u043f\u0440\u043e\u0446\u0435\u0441\u0441\u0430 \u0441 1 \u043f\u043e\u0442\u043e\u043a\u0430\u043c\u0438
2024-11-13 02:08:44,440 - INFO - \u0417\u0430\u0433\u0440\u0443\u0436\u0435\u043d\u043e 1 URL, 61 \u0441\u043e\u043e\u0431\u0449\u0435\u043d\u0438\u0439 \u0438 2 \u043f\u0440\u043e\u043a\u0441\u0438
2024-11-13 02:08:48,797 - INFO - \u041f\u043e\u043f\u044b\u0442\u043a\u0430 \u0437\u0430\u0433\u0440\u0443\u0437\u043a\u0438 \u0441\u0442\u0440\u0430\u043d\u0438\u0446\u044b: https://uslugi.yandex.ru/profile/AndrejVladimirovichK-2877544
2024-11-13 02:08:49,420 - INFO - \u0422\u0435\u043a\u0443\u0449\u0438\u0439 URL \u043f\u043e\u0441\u043b\u0435 \u0437\u0430\u0433\u0440\u0443\u0437\u043a\u0438: https://uslugi.yandex.ru/profile/AndrejVladimirovichK-2877544
2024-11-13 02:09:20,116 - WARNING - \u042d\u043b\u0435\u043c\u0435\u043d\u0442 '\u042f.\u041c\u0435\u0441\u0441\u0435\u043d\u0434\u0436\u0435\u0440' \u043d\u0435 \u043d\u0430\u0439\u0434\u0435\u043d \u043d\u0430 \u0441\u0442\u0440\u0430\u043d\u0438\u0446\u0435 https://uslugi.yandex.ru/profile/AndrejVladimirovichK-2877544. \u041f\u0440\u043e\u043f\u0443\u0441\u043a\u0430\u0435\u043c \u044d\u0442\u043e \u0434\u0435\u0439\u0441\u0442\u0432\u0438\u0435.
2024-11-13 02:09:30,173 - WARNING - \u042d\u043b\u0435\u043c\u0435\u043d\u0442 \u0442\u0435\u043a\u0441\u0442\u043e\u0432\u043e\u0433\u043e \u043f\u043e\u043b\u044f \u043d\u0435 \u043d\u0430\u0439\u0434\u0435\u043d \u043d\u0430 \u0441\u0442\u0440\u0430\u043d\u0438\u0446\u0435 https://uslugi.yandex.ru/profile/AndrejVladimirovichK-2877544. \u041f\u0440\u043e\u043f\u0443\u0441\u043a\u0430\u0435\u043c \u044d\u0442\u043e \u0434\u0435\u0439\u0441\u0442\u0432\u0438\u0435.
2024-11-13 02:09:30,173 - INFO - \u041f\u043e\u043f\u044b\u0442\u043a\u0430 \u0437\u0430\u0433\u0440\u0443\u0437\u043a\u0438 \u0441\u0442\u0440\u0430\u043d\u0438\u0446\u044b: https://uslugi.yandex.ru/profile/AndrejVladimirovichK-2877544
2024-11-13 02:09:30,644 - INFO - \u0422\u0435\u043a\u0443\u0449\u0438\u0439 URL \u043f\u043e\u0441\u043b\u0435 \u0437\u0430\u0433\u0440\u0443\u0437\u043a\u0438: https://uslugi.yandex.ru/profile/AndrejVladimirovichK-2877544
2024-11-13 02:10:01,294 - WARNING - \u042d\u043b\u0435\u043c\u0435\u043d\u0442 '\u042f.\u041c\u0435\u0441\u0441\u0435\u043d\u0434\u0436\u0435\u0440' \u043d\u0435 \u043d\u0430\u0439\u0434\u0435\u043d \u043d\u0430 \u0441\u0442\u0440\u0430\u043d\u0438\u0446\u0435 https://uslugi.yandex.ru/profile/AndrejVladimirovichK-2877544. \u041f\u0440\u043e\u043f\u0443\u0441\u043a\u0430\u0435\u043c \u044d\u0442\u043e \u0434\u0435\u0439\u0441\u0442\u0432\u0438\u0435.
2024-11-13 02:10:02,363 - ERROR - \u041e\u0448\u0438\u0431\u043a\u0430 WebDriver \u043f\u0440\u0438 \u0437\u0430\u0433\u0440\u0443\u0437\u043a\u0435 https://uslugi.yandex.ru/profile/AndrejVladimirovichK-2877544: Message: Failed to decode response from marionette

2024-11-13 02:10:03,398 - INFO - \u041f\u043e\u043f\u044b\u0442\u043a\u0430 \u0437\u0430\u0433\u0440\u0443\u0437\u043a\u0438 \u0441\u0442\u0440\u0430\u043d\u0438\u0446\u044b: https://uslugi.yandex.ru/profile/AndrejVladimirovichK-2877544
2024-11-13 02:10:04,409 - ERROR - \u041e\u0448\u0438\u0431\u043a\u0430 WebDriver \u043f\u0440\u0438 \u0437\u0430\u0433\u0440\u0443\u0437\u043a\u0435 https://uslugi.yandex.ru/profile/AndrejVladimirovichK-2877544: Message: Tried to run command without establishing a connection

2024-11-13 02:10:05,419 - INFO - \u041f\u043e\u043f\u044b\u0442\u043a\u0430 \u0437\u0430\u0433\u0440\u0443\u0437\u043a\u0438 \u0441\u0442\u0440\u0430\u043d\u0438\u0446\u044b: https://uslugi.yandex.ru/profile/AndrejVladimirovichK-2877544
2024-11-13 02:10:06,429 - ERROR - \u041e\u0448\u0438\u0431\u043a\u0430 WebDriver \u043f\u0440\u0438 \u0437\u0430\u0433\u0440\u0443\u0437\u043a\u0435 https://uslugi.yandex.ru/profile/AndrejVladimirovichK-2877544: Message: Tried to run command without establishing a connection

2024-11-13 02:10:07,441 - INFO - \u041f\u043e\u043f\u044b\u0442\u043a\u0430 \u0437\u0430\u0433\u0440\u0443\u0437\u043a\u0438 \u0441\u0442\u0440\u0430\u043d\u0438\u0446\u044b: https://uslugi.yandex.ru/profile/AndrejVladimirovichK-2877544
2024-11-13 02:10:08,451 - ERROR - \u041e\u0448\u0438\u0431\u043a\u0430 WebDriver \u043f\u0440\u0438 \u0437\u0430\u0433\u0440\u0443\u0437\u043a\u0435 https://uslugi.yandex.ru/profile/AndrejVladimirovichK-2877544: Message: Tried to run command without establishing a connection

2024-11-13 02:10:09,461 - INFO - \u041f\u043e\u043f\u044b\u0442\u043a\u0430 \u0437\u0430\u0433\u0440\u0443\u0437\u043a\u0438 \u0441\u0442\u0440\u0430\u043d\u0438\u0446\u044b: https://uslugi.yandex.ru/profile/AndrejVladimirovichK-2877544
2024-11-13 02:10:10,472 - ERROR - \u041e\u0448\u0438\u0431\u043a\u0430 WebDriver \u043f\u0440\u0438 \u0437\u0430\u0433\u0440\u0443\u0437\u043a\u0435 https://uslugi.yandex.ru/profile/AndrejVladimirovichK-2877544: Message: Tried to run command without establishing a connection

2024-11-13 02:10:11,483 - INFO - \u041f\u043e\u043f\u044b\u0442\u043a\u0430 \u0437\u0430\u0433\u0440\u0443\u0437\u043a\u0438 \u0441\u0442\u0440\u0430\u043d\u0438\u0446\u044b: https://uslugi.yandex.ru/profile/AndrejVladimirovichK-2877544
2024-11-13 02:10:12,495 - ERROR - \u041e\u0448\u0438\u0431\u043a\u0430 WebDriver \u043f\u0440\u0438 \u0437\u0430\u0433\u0440\u0443\u0437\u043a\u0435 https://uslugi.yandex.ru/profile/AndrejVladimirovichK-2877544: Message: Tried to run command without establishing a connection

2024-11-13 02:10:13,523 - INFO - \u041f\u043e\u043f\u044b\u0442\u043a\u0430 \u0437\u0430\u0433\u0440\u0443\u0437\u043a\u0438 \u0441\u0442\u0440\u0430\u043d\u0438\u0446\u044b: https://uslugi.yandex.ru/profile/AndrejVladimirovichK-2877544
2024-11-13 02:10:14,536 - ERROR - \u041e\u0448\u0438\u0431\u043a\u0430 WebDriver \u043f\u0440\u0438 \u0437\u0430\u0433\u0440\u0443\u0437\u043a\u0435 https://uslugi.yandex.ru/profile/AndrejVladimirovichK-2877544: Message: Tried to run command without establishing a connection

2024-11-13 02:10:15,558 - INFO - \u041f\u043e\u043f\u044b\u0442\u043a\u0430 \u0437\u0430\u0433\u0440\u0443\u0437\u043a\u0438 \u0441\u0442\u0440\u0430\u043d\u0438\u0446\u044b: https://uslugi.yandex.ru/profile/AndrejVladimirovichK-2877544
2024-11-13 02:10:16,569 - ERROR - \u041e\u0448\u0438\u0431\u043a\u0430 WebDriver \u043f\u0440\u0438 \u0437\u0430\u0433\u0440\u0443\u0437\u043a\u0435 https://uslugi.yandex.ru/profile/AndrejVladimirovichK-2877544: Message: Tried to run command without establishing a connection

2024-11-13 02:10:17,590 - INFO - \u041f\u043e\u043f\u044b\u0442\u043a\u0430 \u0437\u0430\u0433\u0440\u0443\u0437\u043a\u0438 \u0441\u0442\u0440\u0430\u043d\u0438\u0446\u044b: https://uslugi.yandex.ru/profile/AndrejVladimirovichK-2877544
2024-11-13 02:10:18,602 - ERROR - \u041e\u0448\u0438\u0431\u043a\u0430 WebDriver \u043f\u0440\u0438 \u0437\u0430\u0433\u0440\u0443\u0437\u043a\u0435 https://uslugi.yandex.ru/profile/AndrejVladimirovichK-2877544: Message: Tried to run command without establishing a connection

2024-11-13 02:10:19,612 - INFO - \u041f\u043e\u043f\u044b\u0442\u043a\u0430 \u0437\u0430\u0433\u0440\u0443\u0437\u043a\u0438 \u0441\u0442\u0440\u0430\u043d\u0438\u0446\u044b: https://uslugi.yandex.ru/profile/AndrejVladimirovichK-2877544
2024-11-13 02:10:20,638 - ERROR - \u041e\u0448\u0438\u0431\u043a\u0430 WebDriver \u043f\u0440\u0438 \u0437\u0430\u0433\u0440\u0443\u0437\u043a\u0435 https://uslugi.yandex.ru/profile/AndrejVladimirovichK-2877544: Message: Tried to run command without establishing a connection

2024-11-13 02:10:21,649 - INFO - \u041f\u043e\u043f\u044b\u0442\u043a\u0430 \u0437\u0430\u0433\u0440\u0443\u0437\u043a\u0438 \u0441\u0442\u0440\u0430\u043d\u0438\u0446\u044b: https://uslugi.yandex.ru/profile/AndrejVladimirovichK-2877544
2024-11-13 02:10:22,659 - ERROR - \u041e\u0448\u0438\u0431\u043a\u0430 WebDriver \u043f\u0440\u0438 \u0437\u0430\u0433\u0440\u0443\u0437\u043a\u0435 https://uslugi.yandex.ru/profile/AndrejVladimirovichK-2877544: Message: Tried to run command without establishing a connection

2024-11-13 02:10:23,671 - INFO - \u041f\u043e\u043f\u044b\u0442\u043a\u0430 \u0437\u0430\u0433\u0440\u0443\u0437\u043a\u0438 \u0441\u0442\u0440\u0430\u043d\u0438\u0446\u044b: https://uslugi.yandex.ru/profile/AndrejVladimirovichK-2877544
2024-11-13 02:10:24,682 - ERROR - \u041e\u0448\u0438\u0431\u043a\u0430 WebDriver \u043f\u0440\u0438 \u0437\u0430\u0433\u0440\u0443\u0437\u043a\u0435 https://uslugi.yandex.ru/profile/AndrejVladimirovichK-2877544: Message: Tried to run command without establishing a connection

2024-11-13 02:10:25,693 - INFO - \u041f\u043e\u043f\u044b\u0442\u043a\u0430 \u0437\u0430\u0433\u0440\u0443\u0437\u043a\u0438 \u0441\u0442\u0440\u0430\u043d\u0438\u0446\u044b: https://uslugi.yandex.ru/profile/AndrejVladimirovichK-2877544
2024-11-13 02:10:26,704 - ERROR - \u041e\u0448\u0438\u0431\u043a\u0430 WebDriver \u043f\u0440\u0438 \u0437\u0430\u0433\u0440\u0443\u0437\u043a\u0435 https://uslugi.yandex.ru/profile/AndrejVladimirovichK-2877544: Message: Tried to run command without establishing a connection

2024-11-13 02:10:27,717 - INFO - \u041f\u043e\u043f\u044b\u0442\u043a\u0430 \u0437\u0430\u0433\u0440\u0443\u0437\u043a\u0438 \u0441\u0442\u0440\u0430\u043d\u0438\u0446\u044b: https://uslugi.yandex.ru/profile/AndrejVladimirovichK-2877544
2024-11-13 02:10:28,745 - ERROR - \u041e\u0448\u0438\u0431\u043a\u0430 WebDriver \u043f\u0440\u0438 \u0437\u0430\u0433\u0440\u0443\u0437\u043a\u0435 https://uslugi.yandex.ru/profile/AndrejVladimirovichK-2877544: Message: Tried to run command without establishing a connection

2024-11-13 02:10:29,755 - INFO - \u041f\u043e\u043f\u044b\u0442\u043a\u0430 \u0437\u0430\u0433\u0440\u0443\u0437\u043a\u0438 \u0441\u0442\u0440\u0430\u043d\u0438\u0446\u044b: https://uslugi.yandex.ru/profile/AndrejVladimirovichK-2877544
2024-11-13 02:10:30,770 - ERROR - \u041e\u0448\u0438\u0431\u043a\u0430 WebDriver \u043f\u0440\u0438 \u0437\u0430\u0433\u0440\u0443\u0437\u043a\u0435 https://uslugi.yandex.ru/profile/AndrejVladimirovichK-2877544: Message: Tried to run command without establishing a connection

2024-11-13 02:10:31,801 - INFO - \u041f\u043e\u043f\u044b\u0442\u043a\u0430 \u0437\u0430\u0433\u0440\u0443\u0437\u043a\u0438 \u0441\u0442\u0440\u0430\u043d\u0438\u0446\u044b: https://uslugi.yandex.ru/profile/AndrejVladimirovichK-2877544
2024-11-13 02:10:32,810 - ERROR - \u041e\u0448\u0438\u0431\u043a\u0430 WebDriver \u043f\u0440\u0438 \u0437\u0430\u0433\u0440\u0443\u0437\u043a\u0435 https://uslugi.yandex.ru/profile/AndrejVladimirovichK-2877544: Message: Tried to run command without establishing a connection

2024-11-13 02:10:33,821 - INFO - \u041f\u043e\u043f\u044b\u0442\u043a\u0430 \u0437\u0430\u0433\u0440\u0443\u0437\u043a\u0438 \u0441\u0442\u0440\u0430\u043d\u0438\u0446\u044b: https://uslugi.yandex.ru/profile/AndrejVladimirovichK-2877544
2024-11-13 02:10:34,831 - ERROR - \u041e\u0448\u0438\u0431\u043a\u0430 WebDriver \u043f\u0440\u0438 \u0437\u0430\u0433\u0440\u0443\u0437\u043a\u0435 https://uslugi.yandex.ru/profile/AndrejVladimirovichK-2877544: Message: Tried to run command without establishing a connection

2024-11-13 02:10:35,842 - INFO - \u041f\u043e\u043f\u044b\u0442\u043a\u0430 \u0437\u0430\u0433\u0440\u0443\u0437\u043a\u0438 \u0441\u0442\u0440\u0430\u043d\u0438\u0446\u044b: https://uslugi.yandex.ru/profile/AndrejVladimirovichK-2877544
2024-11-13 02:10:36,853 - ERROR - \u041e\u0448\u0438\u0431\u043a\u0430 WebDriver \u043f\u0440\u0438 \u0437\u0430\u0433\u0440\u0443\u0437\u043a\u0435 https://uslugi.yandex.ru/profile/AndrejVladimirovichK-2877544: Message: Tried to run command without establishing a connection

2024-11-13 02:10:37,862 - INFO - \u041f\u043e\u043f\u044b\u0442\u043a\u0430 \u0437\u0430\u0433\u0440\u0443\u0437\u043a\u0438 \u0441\u0442\u0440\u0430\u043d\u0438\u0446\u044b: https://uslugi.yandex.ru/profile/AndrejVladimirovichK-2877544
2024-11-13 02:10:38,875 - ERROR - \u041e\u0448\u0438\u0431\u043a\u0430 WebDriver \u043f\u0440\u0438 \u0437\u0430\u0433\u0440\u0443\u0437\u043a\u0435 https://uslugi.yandex.ru/profile/AndrejVladimirovichK-2877544: Message: Tried to run command without establishing a connection

2024-11-13 02:10:39,886 - INFO - \u041f\u043e\u043f\u044b\u0442\u043a\u0430 \u0437\u0430\u0433\u0440\u0443\u0437\u043a\u0438 \u0441\u0442\u0440\u0430\u043d\u0438\u0446\u044b: https://uslugi.yandex.ru/profile/AndrejVladimirovichK-2877544
2024-11-13 02:10:40,897 - ERROR - \u041e\u0448\u0438\u0431\u043a\u0430 WebDriver \u043f\u0440\u0438 \u0437\u0430\u0433\u0440\u0443\u0437\u043a\u0435 https://uslugi.yandex.ru/profile/AndrejVladimirovichK-2877544: Message: Tried to run command without establishing a connection

2024-11-13 02:10:41,911 - INFO - \u041f\u043e\u043f\u044b\u0442\u043a\u0430 \u0437\u0430\u0433\u0440\u0443\u0437\u043a\u0438 \u0441\u0442\u0440\u0430\u043d\u0438\u0446\u044b: https://uslugi.yandex.ru/profile/AndrejVladimirovichK-2877544
2024-11-13 02:10:42,921 - ERROR - \u041e\u0448\u0438\u0431\u043a\u0430 WebDriver \u043f\u0440\u0438 \u0437\u0430\u0433\u0440\u0443\u0437\u043a\u0435 https://uslugi.yandex.ru/profile/AndrejVladimirovichK-2877544: Message: Tried to run command without establishing a connection

2024-11-13 02:10:43,933 - INFO - \u041f\u043e\u043f\u044b\u0442\u043a\u0430 \u0437\u0430\u0433\u0440\u0443\u0437\u043a\u0438 \u0441\u0442\u0440\u0430\u043d\u0438\u0446\u044b: https://uslugi.yandex.ru/profile/AndrejVladimirovichK-2877544
2024-11-13 02:10:44,944 - ERROR - \u041e\u0448\u0438\u0431\u043a\u0430 WebDriver \u043f\u0440\u0438 \u0437\u0430\u0433\u0440\u0443\u0437\u043a\u0435 https://uslugi.yandex.ru/profile/AndrejVladimirovichK-2877544: Message: Tried to run command without establishing a connection

2024-11-13 02:10:45,955 - INFO - \u041f\u043e\u043f\u044b\u0442\u043a\u0430 \u0437\u0430\u0433\u0440\u0443\u0437\u043a\u0438 \u0441\u0442\u0440\u0430\u043d\u0438\u0446\u044b: https://uslugi.yandex.ru/profile/AndrejVladimirovichK-2877544
2024-11-13 02:10:46,967 - ERROR - \u041e\u0448\u0438\u0431\u043a\u0430 WebDriver \u043f\u0440\u0438 \u0437\u0430\u0433\u0440\u0443\u0437\u043a\u0435 https://uslugi.yandex.ru/profile/AndrejVladimirovichK-2877544: Message: Tried to run command without establishing a connection

2024-11-13 02:10:47,977 - INFO - \u041f\u043e\u043f\u044b\u0442\u043a\u0430 \u0437\u0430\u0433\u0440\u0443\u0437\u043a\u0438 \u0441\u0442\u0440\u0430\u043d\u0438\u0446\u044b: https://uslugi.yandex.ru/profile/AndrejVladimirovichK-2877544
2024-11-13 02:10:48,989 - ERROR - \u041e\u0448\u0438\u0431\u043a\u0430 WebDriver \u043f\u0440\u0438 \u0437\u0430\u0433\u0440\u0443\u0437\u043a\u0435 https://uslugi.yandex.ru/profile/AndrejVladimirovichK-2877544: Message: Tried to run command without establishing a connection

2024-11-13 02:10:50,000 - INFO - \u041f\u043e\u043f\u044b\u0442\u043a\u0430 \u0437\u0430\u0433\u0440\u0443\u0437\u043a\u0438 \u0441\u0442\u0440\u0430\u043d\u0438\u0446\u044b: https://uslugi.yandex.ru/profile/AndrejVladimirovichK-2877544
2024-11-13 02:10:51,011 - ERROR - \u041e\u0448\u0438\u0431\u043a\u0430 WebDriver \u043f\u0440\u0438 \u0437\u0430\u0433\u0440\u0443\u0437\u043a\u0435 https://uslugi.yandex.ru/profile/AndrejVladimirovichK-2877544: Message: Tried to run command without establishing a connection

2024-11-13 02:10:52,022 - INFO - \u041f\u043e\u043f\u044b\u0442\u043a\u0430 \u0437\u0430\u0433\u0440\u0443\u0437\u043a\u0438 \u0441\u0442\u0440\u0430\u043d\u0438\u0446\u044b: https://uslugi.yandex.ru/profile/AndrejVladimirovichK-2877544
2024-11-13 02:10:53,031 - ERROR - \u041e\u0448\u0438\u0431\u043a\u0430 WebDriver \u043f\u0440\u0438 \u0437\u0430\u0433\u0440\u0443\u0437\u043a\u0435 https://uslugi.yandex.ru/profile/AndrejVladimirovichK-2877544: Message: Tried to run command without establishing a connection

2024-11-13 02:10:54,043 - INFO - \u041f\u043e\u043f\u044b\u0442\u043a\u0430 \u0437\u0430\u0433\u0440\u0443\u0437\u043a\u0438 \u0441\u0442\u0440\u0430\u043d\u0438\u0446\u044b: https://uslugi.yandex.ru/profile/AndrejVladimirovichK-2877544
2024-11-13 02:10:55,053 - ERROR - \u041e\u0448\u0438\u0431\u043a\u0430 WebDriver \u043f\u0440\u0438 \u0437\u0430\u0433\u0440\u0443\u0437\u043a\u0435 https://uslugi.yandex.ru/profile/AndrejVladimirovichK-2877544: Message: Tried to run command without establishing a connection

2024-11-13 02:10:56,066 - INFO - \u041f\u043e\u043f\u044b\u0442\u043a\u0430 \u0437\u0430\u0433\u0440\u0443\u0437\u043a\u0438 \u0441\u0442\u0440\u0430\u043d\u0438\u0446\u044b: https://uslugi.yandex.ru/profile/AndrejVladimirovichK-2877544
2024-11-13 02:10:57,076 - ERROR - \u041e\u0448\u0438\u0431\u043a\u0430 WebDriver \u043f\u0440\u0438 \u0437\u0430\u0433\u0440\u0443\u0437\u043a\u0435 https://uslugi.yandex.ru/profile/AndrejVladimirovichK-2877544: Message: Tried to run command without establishing a connection

2024-11-13 02:10:58,089 - INFO - \u041f\u043e\u043f\u044b\u0442\u043a\u0430 \u0437\u0430\u0433\u0440\u0443\u0437\u043a\u0438 \u0441\u0442\u0440\u0430\u043d\u0438\u0446\u044b: https://uslugi.yandex.ru/profile/AndrejVladimirovichK-2877544
2024-11-13 02:10:59,098 - ERROR - \u041e\u0448\u0438\u0431\u043a\u0430 WebDriver \u043f\u0440\u0438 \u0437\u0430\u0433\u0440\u0443\u0437\u043a\u0435 https://uslugi.yandex.ru/profile/AndrejVladimirovichK-2877544: Message: Tried to run command without establishing a connection

2024-11-13 02:11:00,110 - INFO - \u041f\u043e\u043f\u044b\u0442\u043a\u0430 \u0437\u0430\u0433\u0440\u0443\u0437\u043a\u0438 \u0441\u0442\u0440\u0430\u043d\u0438\u0446\u044b: https://uslugi.yandex.ru/profile/AndrejVladimirovichK-2877544
2024-11-13 02:11:01,123 - ERROR - \u041e\u0448\u0438\u0431\u043a\u0430 WebDriver \u043f\u0440\u0438 \u0437\u0430\u0433\u0440\u0443\u0437\u043a\u0435 https://uslugi.yandex.ru/profile/AndrejVladimirovichK-2877544: Message: Tried to run command without establishing a connection

2024-11-13 02:11:02,136 - INFO - \u041f\u043e\u043f\u044b\u0442\u043a\u0430 \u0437\u0430\u0433\u0440\u0443\u0437\u043a\u0438 \u0441\u0442\u0440\u0430\u043d\u0438\u0446\u044b: https://uslugi.yandex.ru/profile/AndrejVladimirovichK-2877544
2024-11-13 02:11:03,147 - ERROR - \u041e\u0448\u0438\u0431\u043a\u0430 WebDriver \u043f\u0440\u0438 \u0437\u0430\u0433\u0440\u0443\u0437\u043a\u0435 https://uslugi.yandex.ru/profile/AndrejVladimirovichK-2877544: Message: Tried to run command without establishing a connection

2024-11-13 02:11:04,161 - INFO - \u041f\u043e\u043f\u044b\u0442\u043a\u0430 \u0437\u0430\u0433\u0440\u0443\u0437\u043a\u0438 \u0441\u0442\u0440\u0430\u043d\u0438\u0446\u044b: https://uslugi.yandex.ru/profile/AndrejVladimirovichK-2877544
2024-11-13 02:11:05,173 - ERROR - \u041e\u0448\u0438\u0431\u043a\u0430 WebDriver \u043f\u0440\u0438 \u0437\u0430\u0433\u0440\u0443\u0437\u043a\u0435 https://uslugi.yandex.ru/profile/AndrejVladimirovichK-2877544: Message: Tried to run command without establishing a connection

2024-11-13 02:11:06,186 - INFO - \u041f\u043e\u043f\u044b\u0442\u043a\u0430 \u0437\u0430\u0433\u0440\u0443\u0437\u043a\u0438 \u0441\u0442\u0440\u0430\u043d\u0438\u0446\u044b: https://uslugi.yandex.ru/profile/AndrejVladimirovichK-2877544
2024-11-13 02:11:07,195 - ERROR - \u041e\u0448\u0438\u0431\u043a\u0430 WebDriver \u043f\u0440\u0438 \u0437\u0430\u0433\u0440\u0443\u0437\u043a\u0435 https://uslugi.yandex.ru/profile/AndrejVladimirovichK-2877544: Message: Tried to run command without establishing a connection

2024-11-13 02:11:08,208 - INFO - \u041f\u043e\u043f\u044b\u0442\u043a\u0430 \u0437\u0430\u0433\u0440\u0443\u0437\u043a\u0438 \u0441\u0442\u0440\u0430\u043d\u0438\u0446\u044b: https://uslugi.yandex.ru/profile/AndrejVladimirovichK-2877544
2024-11-13 02:11:09,219 - ERROR - \u041e\u0448\u0438\u0431\u043a\u0430 WebDriver \u043f\u0440\u0438 \u0437\u0430\u0433\u0440\u0443\u0437\u043a\u0435 https://uslugi.yandex.ru/profile/AndrejVladimirovichK-2877544: Message: Tried to run command without establishing a connection

2024-11-13 02:11:10,230 - INFO - \u041f\u043e\u043f\u044b\u0442\u043a\u0430 \u0437\u0430\u0433\u0440\u0443\u0437\u043a\u0438 \u0441\u0442\u0440\u0430\u043d\u0438\u0446\u044b: https://uslugi.yandex.ru/profile/AndrejVladimirovichK-2877544
2024-11-13 02:11:11,241 - ERROR - \u041e\u0448\u0438\u0431\u043a\u0430 WebDriver \u043f\u0440\u0438 \u0437\u0430\u0433\u0440\u0443\u0437\u043a\u0435 https://uslugi.yandex.ru/profile/AndrejVladimirovichK-2877544: Message: Tried to run command without establishing a connection

2024-11-13 02:11:12,261 - INFO - \u041f\u043e\u043f\u044b\u0442\u043a\u0430 \u0437\u0430\u0433\u0440\u0443\u0437\u043a\u0438 \u0441\u0442\u0440\u0430\u043d\u0438\u0446\u044b: https://uslugi.yandex.ru/profile/AndrejVladimirovichK-2877544
2024-11-13 02:11:13,272 - ERROR - \u041e\u0448\u0438\u0431\u043a\u0430 WebDriver \u043f\u0440\u0438 \u0437\u0430\u0433\u0440\u0443\u0437\u043a\u0435 https://uslugi.yandex.ru/profile/AndrejVladimirovichK-2877544: Message: Tried to run command without establishing a connection

2024-11-13 02:11:14,285 - INFO - \u041f\u043e\u043f\u044b\u0442\u043a\u0430 \u0437\u0430\u0433\u0440\u0443\u0437\u043a\u0438 \u0441\u0442\u0440\u0430\u043d\u0438\u0446\u044b: https://uslugi.yandex.ru/profile/AndrejVladimirovichK-2877544
2024-11-13 02:11:15,296 - ERROR - \u041e\u0448\u0438\u0431\u043a\u0430 WebDriver \u043f\u0440\u0438 \u0437\u0430\u0433\u0440\u0443\u0437\u043a\u0435 https://uslugi.yandex.ru/profile/AndrejVladimirovichK-2877544: Message: Tried to run command without establishing a connection

2024-11-13 02:11:16,309 - INFO - \u041f\u043e\u043f\u044b\u0442\u043a\u0430 \u0437\u0430\u0433\u0440\u0443\u0437\u043a\u0438 \u0441\u0442\u0440\u0430\u043d\u0438\u0446\u044b: https://uslugi.yandex.ru/profile/AndrejVladimirovichK-2877544
2024-11-13 02:11:17,329 - ERROR - \u041e\u0448\u0438\u0431\u043a\u0430 WebDriver \u043f\u0440\u0438 \u0437\u0430\u0433\u0440\u0443\u0437\u043a\u0435 https://uslugi.yandex.ru/profile/AndrejVladimirovichK-2877544: Message: Tried to run command without establishing a connection

2024-11-13 02:11:18,341 - INFO - \u041f\u043e\u043f\u044b\u0442\u043a\u0430 \u0437\u0430\u0433\u0440\u0443\u0437\u043a\u0438 \u0441\u0442\u0440\u0430\u043d\u0438\u0446\u044b: https://uslugi.yandex.ru/profile/AndrejVladimirovichK-2877544
2024-11-13 02:11:19,350 - ERROR - \u041e\u0448\u0438\u0431\u043a\u0430 WebDriver \u043f\u0440\u0438 \u0437\u0430\u0433\u0440\u0443\u0437\u043a\u0435 https://uslugi.yandex.ru/profile/AndrejVladimirovichK-2877544: Message: Tried to run command without establishing a connection

2024-11-13 02:11:20,362 - INFO - \u041f\u043e\u043f\u044b\u0442\u043a\u0430 \u0437\u0430\u0433\u0440\u0443\u0437\u043a\u0438 \u0441\u0442\u0440\u0430\u043d\u0438\u0446\u044b: https://uslugi.yandex.ru/profile/AndrejVladimirovichK-2877544
2024-11-13 02:11:21,373 - ERROR - \u041e\u0448\u0438\u0431\u043a\u0430 WebDriver \u043f\u0440\u0438 \u0437\u0430\u0433\u0440\u0443\u0437\u043a\u0435 https://uslugi.yandex.ru/profile/AndrejVladimirovichK-2877544: Message: Tried to run command without establishing a connection

2024-11-13 02:11:22,385 - INFO - \u041f\u043e\u043f\u044b\u0442\u043a\u0430 \u0437\u0430\u0433\u0440\u0443\u0437\u043a\u0438 \u0441\u0442\u0440\u0430\u043d\u0438\u0446\u044b: https://uslugi.yandex.ru/profile/AndrejVladimirovichK-2877544
2024-11-13 02:11:23,407 - ERROR - \u041e\u0448\u0438\u0431\u043a\u0430 WebDriver \u043f\u0440\u0438 \u0437\u0430\u0433\u0440\u0443\u0437\u043a\u0435 https://uslugi.yandex.ru/profile/AndrejVladimirovichK-2877544: Message: Tried to run command without establishing a connection

2024-11-13 02:11:24,420 - INFO - \u041f\u043e\u043f\u044b\u0442\u043a\u0430 \u0437\u0430\u0433\u0440\u0443\u0437\u043a\u0438 \u0441\u0442\u0440\u0430\u043d\u0438\u0446\u044b: https://uslugi.yandex.ru/profile/AndrejVladimirovichK-2877544
2024-11-13 02:11:25,432 - ERROR - \u041e\u0448\u0438\u0431\u043a\u0430 WebDriver \u043f\u0440\u0438 \u0437\u0430\u0433\u0440\u0443\u0437\u043a\u0435 https://uslugi.yandex.ru/profile/AndrejVladimirovichK-2877544: Message: Tried to run command without establishing a connection

2024-11-13 02:11:26,445 - INFO - \u041f\u043e\u043f\u044b\u0442\u043a\u0430 \u0437\u0430\u0433\u0440\u0443\u0437\u043a\u0438 \u0441\u0442\u0440\u0430\u043d\u0438\u0446\u044b: https://uslugi.yandex.ru/profile/AndrejVladimirovichK-2877544
2024-11-13 02:11:27,455 - ERROR - \u041e\u0448\u0438\u0431\u043a\u0430 WebDriver \u043f\u0440\u0438 \u0437\u0430\u0433\u0440\u0443\u0437\u043a\u0435 https://uslugi.yandex.ru/profile/AndrejVladimirovichK-2877544: Message: Tried to run command without establishing a connection

2024-11-13 02:11:28,466 - INFO - \u041f\u043e\u043f\u044b\u0442\u043a\u0430 \u0437\u0430\u0433\u0440\u0443\u0437\u043a\u0438 \u0441\u0442\u0440\u0430\u043d\u0438\u0446\u044b: https://uslugi.yandex.ru/profile/AndrejVladimirovichK-2877544
2024-11-13 02:11:29,475 - ERROR - \u041e\u0448\u0438\u0431\u043a\u0430 WebDriver \u043f\u0440\u0438 \u0437\u0430\u0433\u0440\u0443\u0437\u043a\u0435 https://uslugi.yandex.ru/profile/AndrejVladimirovichK-2877544: Message: Tried to run command without establishing a connection

2024-11-13 02:11:30,486 - INFO - \u041f\u043e\u043f\u044b\u0442\u043a\u0430 \u0437\u0430\u0433\u0440\u0443\u0437\u043a\u0438 \u0441\u0442\u0440\u0430\u043d\u0438\u0446\u044b: https://uslugi.yandex.ru/profile/AndrejVladimirovichK-2877544
2024-11-13 02:11:31,499 - ERROR - \u041e\u0448\u0438\u0431\u043a\u0430 WebDriver \u043f\u0440\u0438 \u0437\u0430\u0433\u0440\u0443\u0437\u043a\u0435 https://uslugi.yandex.ru/profile/AndrejVladimirovichK-2877544: Message: Tried to run command without establishing a connection

2024-11-13 02:11:32,512 - INFO - \u041f\u043e\u043f\u044b\u0442\u043a\u0430 \u0437\u0430\u0433\u0440\u0443\u0437\u043a\u0438 \u0441\u0442\u0440\u0430\u043d\u0438\u0446\u044b: https://uslugi.yandex.ru/profile/AndrejVladimirovichK-2877544
2024-11-13 02:11:33,542 - ERROR - \u041e\u0448\u0438\u0431\u043a\u0430 WebDriver \u043f\u0440\u0438 \u0437\u0430\u0433\u0440\u0443\u0437\u043a\u0435 https://uslugi.yandex.ru/profile/AndrejVladimirovichK-2877544: Message: Tried to run command without establishing a connection

2024-11-13 02:11:34,553 - INFO - \u041f\u043e\u043f\u044b\u0442\u043a\u0430 \u0437\u0430\u0433\u0440\u0443\u0437\u043a\u0438 \u0441\u0442\u0440\u0430\u043d\u0438\u0446\u044b: https://uslugi.yandex.ru/profile/AndrejVladimirovichK-2877544
2024-11-13 02:11:35,565 - ERROR - \u041e\u0448\u0438\u0431\u043a\u0430 WebDriver \u043f\u0440\u0438 \u0437\u0430\u0433\u0440\u0443\u0437\u043a\u0435 https://uslugi.yandex.ru/profile/AndrejVladimirovichK-2877544: Message: Tried to run command without establishing a connection

2024-11-13 02:11:36,577 - INFO - \u041f\u043e\u043f\u044b\u0442\u043a\u0430 \u0437\u0430\u0433\u0440\u0443\u0437\u043a\u0438 \u0441\u0442\u0440\u0430\u043d\u0438\u0446\u044b: https://uslugi.yandex.ru/profile/AndrejVladimirovichK-2877544
2024-11-13 02:11:37,585 - ERROR - \u041e\u0448\u0438\u0431\u043a\u0430 WebDriver \u043f\u0440\u0438 \u0437\u0430\u0433\u0440\u0443\u0437\u043a\u0435 https://uslugi.yandex.ru/profile/AndrejVladimirovichK-2877544: Message: Tried to run command without establishing a connection

2024-11-13 02:11:38,596 - INFO - \u041f\u043e\u043f\u044b\u0442\u043a\u0430 \u0437\u0430\u0433\u0440\u0443\u0437\u043a\u0438 \u0441\u0442\u0440\u0430\u043d\u0438\u0446\u044b: https://uslugi.yandex.ru/profile/AndrejVladimirovichK-2877544
2024-11-13 02:11:39,607 - ERROR - \u041e\u0448\u0438\u0431\u043a\u0430 WebDriver \u043f\u0440\u0438 \u0437\u0430\u0433\u0440\u0443\u0437\u043a\u0435 https://uslugi.yandex.ru/profile/AndrejVladimirovichK-2877544: Message: Tried to run command without establishing a connection

2024-11-13 02:11:40,617 - INFO - \u041f\u043e\u043f\u044b\u0442\u043a\u0430 \u0437\u0430\u0433\u0440\u0443\u0437\u043a\u0438 \u0441\u0442\u0440\u0430\u043d\u0438\u0446\u044b: https://uslugi.yandex.ru/profile/AndrejVladimirovichK-2877544
2024-11-13 02:11:41,626 - ERROR - \u041e\u0448\u0438\u0431\u043a\u0430 WebDriver \u043f\u0440\u0438 \u0437\u0430\u0433\u0440\u0443\u0437\u043a\u0435 https://uslugi.yandex.ru/profile/AndrejVladimirovichK-2877544: Message: Tried to run command without establishing a connection

2024-11-13 02:11:42,638 - INFO - \u041f\u043e\u043f\u044b\u0442\u043a\u0430 \u0437\u0430\u0433\u0440\u0443\u0437\u043a\u0438 \u0441\u0442\u0440\u0430\u043d\u0438\u0446\u044b: https://uslugi.yandex.ru/profile/AndrejVladimirovichK-2877544
2024-11-13 02:11:43,650 - ERROR - \u041e\u0448\u0438\u0431\u043a\u0430 WebDriver \u043f\u0440\u0438 \u0437\u0430\u0433\u0440\u0443\u0437\u043a\u0435 https://uslugi.yandex.ru/profile/AndrejVladimirovichK-2877544: Message: Tried to run command without establishing a connection

2024-11-13 02:11:44,663 - INFO - \u041f\u043e\u043f\u044b\u0442\u043a\u0430 \u0437\u0430\u0433\u0440\u0443\u0437\u043a\u0438 \u0441\u0442\u0440\u0430\u043d\u0438\u0446\u044b: https://uslugi.yandex.ru/profile/AndrejVladimirovichK-2877544
2024-11-13 02:11:45,673 - ERROR - \u041e\u0448\u0438\u0431\u043a\u0430 WebDriver \u043f\u0440\u0438 \u0437\u0430\u0433\u0440\u0443\u0437\u043a\u0435 https://uslugi.yandex.ru/profile/AndrejVladimirovichK-2877544: Message: Tried to run command without establishing a connection

2024-11-13 02:11:46,685 - INFO - \u041f\u043e\u043f\u044b\u0442\u043a\u0430 \u0437\u0430\u0433\u0440\u0443\u0437\u043a\u0438 \u0441\u0442\u0440\u0430\u043d\u0438\u0446\u044b: https://uslugi.yandex.ru/profile/AndrejVladimirovichK-2877544
2024-11-13 02:11:47,695 - ERROR - \u041e\u0448\u0438\u0431\u043a\u0430 WebDriver \u043f\u0440\u0438 \u0437\u0430\u0433\u0440\u0443\u0437\u043a\u0435 https://uslugi.yandex.ru/profile/AndrejVladimirovichK-2877544: Message: Tried to run command without establishing a connection

2024-11-13 02:11:48,706 - INFO - \u041f\u043e\u043f\u044b\u0442\u043a\u0430 \u0437\u0430\u0433\u0440\u0443\u0437\u043a\u0438 \u0441\u0442\u0440\u0430\u043d\u0438\u0446\u044b: https://uslugi.yandex.ru/profile/AndrejVladimirovichK-2877544
2024-11-13 02:11:49,716 - ERROR - \u041e\u0448\u0438\u0431\u043a\u0430 WebDriver \u043f\u0440\u0438 \u0437\u0430\u0433\u0440\u0443\u0437\u043a\u0435 https://uslugi.yandex.ru/profile/AndrejVladimirovichK-2877544: Message: Tried to run command without establishing a connection

2024-11-13 02:11:50,727 - INFO - \u041f\u043e\u043f\u044b\u0442\u043a\u0430 \u0437\u0430\u0433\u0440\u0443\u0437\u043a\u0438 \u0441\u0442\u0440\u0430\u043d\u0438\u0446\u044b: https://uslugi.yandex.ru/profile/AndrejVladimirovichK-2877544
2024-11-13 02:11:51,746 - ERROR - \u041e\u0448\u0438\u0431\u043a\u0430 WebDriver \u043f\u0440\u0438 \u0437\u0430\u0433\u0440\u0443\u0437\u043a\u0435 https://uslugi.yandex.ru/profile/AndrejVladimirovichK-2877544: Message: Tried to run command without establishing a connection

2024-11-13 02:11:52,756 - INFO - \u041f\u043e\u043f\u044b\u0442\u043a\u0430 \u0437\u0430\u0433\u0440\u0443\u0437\u043a\u0438 \u0441\u0442\u0440\u0430\u043d\u0438\u0446\u044b: https://uslugi.yandex.ru/profile/AndrejVladimirovichK-2877544
2024-11-13 02:11:53,767 - ERROR - \u041e\u0448\u0438\u0431\u043a\u0430 WebDriver \u043f\u0440\u0438 \u0437\u0430\u0433\u0440\u0443\u0437\u043a\u0435 https://uslugi.yandex.ru/profile/AndrejVladimirovichK-2877544: Message: Tried to run command without establishing a connection

2024-11-13 02:11:54,778 - INFO - \u041f\u043e\u043f\u044b\u0442\u043a\u0430 \u0437\u0430\u0433\u0440\u0443\u0437\u043a\u0438 \u0441\u0442\u0440\u0430\u043d\u0438\u0446\u044b: https://uslugi.yandex.ru/profile/AndrejVladimirovichK-2877544
2024-11-13 02:11:55,787 - ERROR - \u041e\u0448\u0438\u0431\u043a\u0430 WebDriver \u043f\u0440\u0438 \u0437\u0430\u0433\u0440\u0443\u0437\u043a\u0435 https://uslugi.yandex.ru/profile/AndrejVladimirovichK-2877544: Message: Tried to run command without establishing a connection

2024-11-13 02:11:56,798 - INFO - \u041f\u043e\u043f\u044b\u0442\u043a\u0430 \u0437\u0430\u0433\u0440\u0443\u0437\u043a\u0438 \u0441\u0442\u0440\u0430\u043d\u0438\u0446\u044b: https://uslugi.yandex.ru/profile/AndrejVladimirovichK-2877544
2024-11-13 02:11:57,808 - ERROR - \u041e\u0448\u0438\u0431\u043a\u0430 WebDriver \u043f\u0440\u0438 \u0437\u0430\u0433\u0440\u0443\u0437\u043a\u0435 https://uslugi.yandex.ru/profile/AndrejVladimirovichK-2877544: Message: Tried to run command without establishing a connection

2024-11-13 02:11:58,818 - INFO - \u041f\u043e\u043f\u044b\u0442\u043a\u0430 \u0437\u0430\u0433\u0440\u0443\u0437\u043a\u0438 \u0441\u0442\u0440\u0430\u043d\u0438\u0446\u044b: https://uslugi.yandex.ru/profile/AndrejVladimirovichK-2877544
2024-11-13 02:11:59,831 - ERROR - \u041e\u0448\u0438\u0431\u043a\u0430 WebDriver \u043f\u0440\u0438 \u0437\u0430\u0433\u0440\u0443\u0437\u043a\u0435 https://uslugi.yandex.ru/profile/AndrejVladimirovichK-2877544: Message: Tried to run command without establishing a connection

2024-11-13 02:12:00,844 - INFO - \u041f\u043e\u043f\u044b\u0442\u043a\u0430 \u0437\u0430\u0433\u0440\u0443\u0437\u043a\u0438 \u0441\u0442\u0440\u0430\u043d\u0438\u0446\u044b: https://uslugi.yandex.ru/profile/AndrejVladimirovichK-2877544
2024-11-13 02:12:01,854 - ERROR - \u041e\u0448\u0438\u0431\u043a\u0430 WebDriver \u043f\u0440\u0438 \u0437\u0430\u0433\u0440\u0443\u0437\u043a\u0435 https://uslugi.yandex.ru/profile/AndrejVladimirovichK-2877544: Message: Tried to run command without establishing a connection

2024-11-13 02:12:02,863 - INFO - \u041f\u043e\u043f\u044b\u0442\u043a\u0430 \u0437\u0430\u0433\u0440\u0443\u0437\u043a\u0438 \u0441\u0442\u0440\u0430\u043d\u0438\u0446\u044b: https://uslugi.yandex.ru/profile/AndrejVladimirovichK-2877544
2024-11-13 02:12:03,874 - ERROR - \u041e\u0448\u0438\u0431\u043a\u0430 WebDriver \u043f\u0440\u0438 \u0437\u0430\u0433\u0440\u0443\u0437\u043a\u0435 https://uslugi.yandex.ru/profile/AndrejVladimirovichK-2877544: Message: Tried to run command without establishing a connection

2024-11-13 02:12:04,883 - INFO - \u041f\u043e\u043f\u044b\u0442\u043a\u0430 \u0437\u0430\u0433\u0440\u0443\u0437\u043a\u0438 \u0441\u0442\u0440\u0430\u043d\u0438\u0446\u044b: https://uslugi.yandex.ru/profile/AndrejVladimirovichK-2877544
2024-11-13 02:12:05,893 - ERROR - \u041e\u0448\u0438\u0431\u043a\u0430 WebDriver \u043f\u0440\u0438 \u0437\u0430\u0433\u0440\u0443\u0437\u043a\u0435 https://uslugi.yandex.ru/profile/AndrejVladimirovichK-2877544: Message: Tried to run command without establishing a connection

2024-11-13 02:12:06,904 - INFO - \u041f\u043e\u043f\u044b\u0442\u043a\u0430 \u0437\u0430\u0433\u0440\u0443\u0437\u043a\u0438 \u0441\u0442\u0440\u0430\u043d\u0438\u0446\u044b: https://uslugi.yandex.ru/profile/AndrejVladimirovichK-2877544
2024-11-13 02:12:11,944 - WARNING - Retrying (Retry(total=2, connect=None, read=None, redirect=None, status=None)) after connection broken by 'NewConnectionError('<urllib3.connection.HTTPConnection object at 0x00000219C3EFAE70>: Failed to establish a new connection: [WinError 10061] No connection could be made because the target machine actively refused it')': /session/9aab87dc-b9c8-4932-8645-d1c57b50e838/timeouts
2024-11-13 02:12:16,970 - WARNING - Retrying (Retry(total=1, connect=None, read=None, redirect=None, status=None)) after connection broken by 'NewConnectionError('<urllib3.connection.HTTPConnection object at 0x00000219B2723E30>: Failed to establish a new connection: [WinError 10061] No connection could be made because the target machine actively refused it')': /session/9aab87dc-b9c8-4932-8645-d1c57b50e838/timeouts
2024-11-13 02:12:22,005 - WARNING - Retrying (Retry(total=0, connect=None, read=None, redirect=None, status=None)) after connection broken by 'NewConnectionError('<urllib3.connection.HTTPConnection object at 0x00000219C3FA3D70>: Failed to establish a new connection: [WinError 10061] No connection could be made because the target machine actively refused it')': /session/9aab87dc-b9c8-4932-8645-d1c57b50e838/timeouts
2024-11-13 02:12:27,033 - ERROR - \u041d\u0435\u0438\u0437\u0432\u0435\u0441\u0442\u043d\u0430\u044f \u043e\u0448\u0438\u0431\u043a\u0430 \u043f\u0440\u0438 \u043e\u0431\u0440\u0430\u0431\u043e\u0442\u043a\u0435 https://uslugi.yandex.ru/profile/AndrejVladimirovichK-2877544: HTTPConnectionPool(host='localhost', port=50887): Max retries exceeded with url: /session/9aab87dc-b9c8-4932-8645-d1c57b50e838/timeouts (Caused by NewConnectionError('<urllib3.connection.HTTPConnection object at 0x00000219B2723FB0>: Failed to establish a new connection: [WinError 10061] No connection could be made because the target machine actively refused it'))
Traceback (most recent call last):
  File "C:\YU rassulca\venv\Lib\site-packages\urllib3\connection.py", line 199, in _new_conn
    sock = connection.create_connection(
           ^^^^^^^^^^^^^^^^^^^^^^^^^^^^^
  File "C:\YU rassulca\venv\Lib\site-packages\urllib3\util\connection.py", line 85, in create_connection
    raise err
  File "C:\YU rassulca\venv\Lib\site-packages\urllib3\util\connection.py", line 73, in create_connection
    sock.connect(sa)
ConnectionRefusedError: [WinError 10061] No connection could be made because the target machine actively refused it

The above exception was the direct cause of the following exception:

Traceback (most recent call last):
  File "C:\YU rassulca\venv\Lib\site-packages\urllib3\connectionpool.py", line 789, in urlopen
    response = self._make_request(
               ^^^^^^^^^^^^^^^^^^^
  File "C:\YU rassulca\venv\Lib\site-packages\urllib3\connectionpool.py", line 495, in _make_request
    conn.request(
  File "C:\YU rassulca\venv\Lib\site-packages\urllib3\connection.py", line 441, in request
    self.endheaders()
  File "C:\Users\Administrator\AppData\Local\Programs\Python\Python312\Lib\http\client.py", line 1331, in endheaders
    self._send_output(message_body, encode_chunked=encode_chunked)
  File "C:\Users\Administrator\AppData\Local\Programs\Python\Python312\Lib\http\client.py", line 1091, in _send_output
    self.send(msg)
  File "C:\Users\Administrator\AppData\Local\Programs\Python\Python312\Lib\http\client.py", line 1035, in send
    self.connect()
  File "C:\YU rassulca\venv\Lib\site-packages\urllib3\connection.py", line 279, in connect
    self.sock = self._new_conn()
                ^^^^^^^^^^^^^^^^
  File "C:\YU rassulca\venv\Lib\site-packages\urllib3\connection.py", line 214, in _new_conn
    raise NewConnectionError(
urllib3.exceptions.NewConnectionError: <urllib3.connection.HTTPConnection object at 0x00000219B2723FB0>: Failed to establish a new connection: [WinError 10061] No connection could be made because the target machine actively refused it

The above exception was the direct cause of the following exception:

Traceback (most recent call last):
  File "C:\YU rassulca\browser_handler.py", line 56, in process_page
    driver.set_page_load_timeout(30)
  File "C:\YU rassulca\venv\Lib\site-packages\selenium\webdriver\remote\webdriver.py", line 715, in set_page_load_timeout
    self.execute(Command.SET_TIMEOUTS, {"pageLoad": int(float(time_to_wait) * 1000)})
  File "C:\YU rassulca\venv\Lib\site-packages\selenium\webdriver\remote\webdriver.py", line 378, in execute
    response = self.command_executor.execute(driver_command, params)
               ^^^^^^^^^^^^^^^^^^^^^^^^^^^^^^^^^^^^^^^^^^^^^^^^^^^^^
  File "C:\YU rassulca\venv\Lib\site-packages\selenium\webdriver\remote\remote_connection.py", line 391, in execute
    return self._request(command_info[0], url, body=data)
           ^^^^^^^^^^^^^^^^^^^^^^^^^^^^^^^^^^^^^^^^^^^^^^
  File "C:\YU rassulca\venv\Lib\site-packages\selenium\webdriver\remote\remote_connection.py", line 415, in _request
    response = self._conn.request(method, url, body=body, headers=headers, timeout=self._client_config.timeout)
               ^^^^^^^^^^^^^^^^^^^^^^^^^^^^^^^^^^^^^^^^^^^^^^^^^^^^^^^^^^^^^^^^^^^^^^^^^^^^^^^^^^^^^^^^^^^^^^^^
  File "C:\YU rassulca\venv\Lib\site-packages\urllib3\_request_methods.py", line 143, in request
    return self.request_encode_body(
           ^^^^^^^^^^^^^^^^^^^^^^^^^
  File "C:\YU rassulca\venv\Lib\site-packages\urllib3\_request_methods.py", line 278, in request_encode_body
    return self.urlopen(method, url, **extra_kw)
           ^^^^^^^^^^^^^^^^^^^^^^^^^^^^^^^^^^^^^
  File "C:\YU rassulca\venv\Lib\site-packages\urllib3\poolmanager.py", line 443, in urlopen
    response = conn.urlopen(method, u.request_uri, **kw)
               ^^^^^^^^^^^^^^^^^^^^^^^^^^^^^^^^^^^^^^^^^
  File "C:\YU rassulca\venv\Lib\site-packages\urllib3\connectionpool.py", line 873, in urlopen
    return self.urlopen(
           ^^^^^^^^^^^^^
  File "C:\YU rassulca\venv\Lib\site-packages\urllib3\connectionpool.py", line 873, in urlopen
    return self.urlopen(
           ^^^^^^^^^^^^^
  File "C:\YU rassulca\venv\Lib\site-packages\urllib3\connectionpool.py", line 873, in urlopen
    return self.urlopen(
           ^^^^^^^^^^^^^
  File "C:\YU rassulca\venv\Lib\site-packages\urllib3\connectionpool.py", line 843, in urlopen
    retries = retries.increment(
              ^^^^^^^^^^^^^^^^^^
  File "C:\YU rassulca\venv\Lib\site-packages\urllib3\util\retry.py", line 519, in increment
    raise MaxRetryError(_pool, url, reason) from reason  # type: ignore[arg-type]
    ^^^^^^^^^^^^^^^^^^^^^^^^^^^^^^^^^^^^^^^^^^^^^^^^^^^
urllib3.exceptions.MaxRetryError: HTTPConnectionPool(host='localhost', port=50887): Max retries exceeded with url: /session/9aab87dc-b9c8-4932-8645-d1c57b50e838/timeouts (Caused by NewConnectionError('<urllib3.connection.HTTPConnection object at 0x00000219B2723FB0>: Failed to establish a new connection: [WinError 10061] No connection could be made because the target machine actively refused it'))
2024-11-13 02:12:28,063 - INFO - \u041f\u043e\u043f\u044b\u0442\u043a\u0430 \u0437\u0430\u0433\u0440\u0443\u0437\u043a\u0438 \u0441\u0442\u0440\u0430\u043d\u0438\u0446\u044b: https://uslugi.yandex.ru/profile/AndrejVladimirovichK-2877544
2024-11-13 02:12:33,100 - WARNING - Retrying (Retry(total=2, connect=None, read=None, redirect=None, status=None)) after connection broken by 'NewConnectionError('<urllib3.connection.HTTPConnection object at 0x00000219C4141CD0>: Failed to establish a new connection: [WinError 10061] No connection could be made because the target machine actively refused it')': /session/9aab87dc-b9c8-4932-8645-d1c57b50e838/timeouts
2024-11-13 02:12:38,136 - WARNING - Retrying (Retry(total=1, connect=None, read=None, redirect=None, status=None)) after connection broken by 'NewConnectionError('<urllib3.connection.HTTPConnection object at 0x00000219B27543B0>: Failed to establish a new connection: [WinError 10061] No connection could be made because the target machine actively refused it')': /session/9aab87dc-b9c8-4932-8645-d1c57b50e838/timeouts
2024-11-13 02:12:43,161 - WARNING - Retrying (Retry(total=0, connect=None, read=None, redirect=None, status=None)) after connection broken by 'NewConnectionError('<urllib3.connection.HTTPConnection object at 0x00000219B27546B0>: Failed to establish a new connection: [WinError 10061] No connection could be made because the target machine actively refused it')': /session/9aab87dc-b9c8-4932-8645-d1c57b50e838/timeouts
2024-11-13 02:12:48,189 - ERROR - \u041d\u0435\u0438\u0437\u0432\u0435\u0441\u0442\u043d\u0430\u044f \u043e\u0448\u0438\u0431\u043a\u0430 \u043f\u0440\u0438 \u043e\u0431\u0440\u0430\u0431\u043e\u0442\u043a\u0435 https://uslugi.yandex.ru/profile/AndrejVladimirovichK-2877544: HTTPConnectionPool(host='localhost', port=50887): Max retries exceeded with url: /session/9aab87dc-b9c8-4932-8645-d1c57b50e838/timeouts (Caused by NewConnectionError('<urllib3.connection.HTTPConnection object at 0x00000219C3FA3D70>: Failed to establish a new connection: [WinError 10061] No connection could be made because the target machine actively refused it'))
Traceback (most recent call last):
  File "C:\YU rassulca\venv\Lib\site-packages\urllib3\connection.py", line 199, in _new_conn
    sock = connection.create_connection(
           ^^^^^^^^^^^^^^^^^^^^^^^^^^^^^
  File "C:\YU rassulca\venv\Lib\site-packages\urllib3\util\connection.py", line 85, in create_connection
    raise err
  File "C:\YU rassulca\venv\Lib\site-packages\urllib3\util\connection.py", line 73, in create_connection
    sock.connect(sa)
ConnectionRefusedError: [WinError 10061] No connection could be made because the target machine actively refused it

The above exception was the direct cause of the following exception:

Traceback (most recent call last):
  File "C:\YU rassulca\venv\Lib\site-packages\urllib3\connectionpool.py", line 789, in urlopen
    response = self._make_request(
               ^^^^^^^^^^^^^^^^^^^
  File "C:\YU rassulca\venv\Lib\site-packages\urllib3\connectionpool.py", line 495, in _make_request
    conn.request(
  File "C:\YU rassulca\venv\Lib\site-packages\urllib3\connection.py", line 441, in request
    self.endheaders()
  File "C:\Users\Administrator\AppData\Local\Programs\Python\Python312\Lib\http\client.py", line 1331, in endheaders
    self._send_output(message_body, encode_chunked=encode_chunked)
  File "C:\Users\Administrator\AppData\Local\Programs\Python\Python312\Lib\http\client.py", line 1091, in _send_output
    self.send(msg)
  File "C:\Users\Administrator\AppData\Local\Programs\Python\Python312\Lib\http\client.py", line 1035, in send
    self.connect()
  File "C:\YU rassulca\venv\Lib\site-packages\urllib3\connection.py", line 279, in connect
    self.sock = self._new_conn()
                ^^^^^^^^^^^^^^^^
  File "C:\YU rassulca\venv\Lib\site-packages\urllib3\connection.py", line 214, in _new_conn
    raise NewConnectionError(
urllib3.exceptions.NewConnectionError: <urllib3.connection.HTTPConnection object at 0x00000219C3FA3D70>: Failed to establish a new connection: [WinError 10061] No connection could be made because the target machine actively refused it

The above exception was the direct cause of the following exception:

Traceback (most recent call last):
  File "C:\YU rassulca\browser_handler.py", line 56, in process_page
    driver.set_page_load_timeout(30)
  File "C:\YU rassulca\venv\Lib\site-packages\selenium\webdriver\remote\webdriver.py", line 715, in set_page_load_timeout
    self.execute(Command.SET_TIMEOUTS, {"pageLoad": int(float(time_to_wait) * 1000)})
  File "C:\YU rassulca\venv\Lib\site-packages\selenium\webdriver\remote\webdriver.py", line 378, in execute
    response = self.command_executor.execute(driver_command, params)
               ^^^^^^^^^^^^^^^^^^^^^^^^^^^^^^^^^^^^^^^^^^^^^^^^^^^^^
  File "C:\YU rassulca\venv\Lib\site-packages\selenium\webdriver\remote\remote_connection.py", line 391, in execute
    return self._request(command_info[0], url, body=data)
           ^^^^^^^^^^^^^^^^^^^^^^^^^^^^^^^^^^^^^^^^^^^^^^
  File "C:\YU rassulca\venv\Lib\site-packages\selenium\webdriver\remote\remote_connection.py", line 415, in _request
    response = self._conn.request(method, url, body=body, headers=headers, timeout=self._client_config.timeout)
               ^^^^^^^^^^^^^^^^^^^^^^^^^^^^^^^^^^^^^^^^^^^^^^^^^^^^^^^^^^^^^^^^^^^^^^^^^^^^^^^^^^^^^^^^^^^^^^^^
  File "C:\YU rassulca\venv\Lib\site-packages\urllib3\_request_methods.py", line 143, in request
    return self.request_encode_body(
           ^^^^^^^^^^^^^^^^^^^^^^^^^
  File "C:\YU rassulca\venv\Lib\site-packages\urllib3\_request_methods.py", line 278, in request_encode_body
    return self.urlopen(method, url, **extra_kw)
           ^^^^^^^^^^^^^^^^^^^^^^^^^^^^^^^^^^^^^
  File "C:\YU rassulca\venv\Lib\site-packages\urllib3\poolmanager.py", line 443, in urlopen
    response = conn.urlopen(method, u.request_uri, **kw)
               ^^^^^^^^^^^^^^^^^^^^^^^^^^^^^^^^^^^^^^^^^
  File "C:\YU rassulca\venv\Lib\site-packages\urllib3\connectionpool.py", line 873, in urlopen
    return self.urlopen(
           ^^^^^^^^^^^^^
  File "C:\YU rassulca\venv\Lib\site-packages\urllib3\connectionpool.py", line 873, in urlopen
    return self.urlopen(
           ^^^^^^^^^^^^^
  File "C:\YU rassulca\venv\Lib\site-packages\urllib3\connectionpool.py", line 873, in urlopen
    return self.urlopen(
           ^^^^^^^^^^^^^
  File "C:\YU rassulca\venv\Lib\site-packages\urllib3\connectionpool.py", line 843, in urlopen
    retries = retries.increment(
              ^^^^^^^^^^^^^^^^^^
  File "C:\YU rassulca\venv\Lib\site-packages\urllib3\util\retry.py", line 519, in increment
    raise MaxRetryError(_pool, url, reason) from reason  # type: ignore[arg-type]
    ^^^^^^^^^^^^^^^^^^^^^^^^^^^^^^^^^^^^^^^^^^^^^^^^^^^
urllib3.exceptions.MaxRetryError: HTTPConnectionPool(host='localhost', port=50887): Max retries exceeded with url: /session/9aab87dc-b9c8-4932-8645-d1c57b50e838/timeouts (Caused by NewConnectionError('<urllib3.connection.HTTPConnection object at 0x00000219C3FA3D70>: Failed to establish a new connection: [WinError 10061] No connection could be made because the target machine actively refused it'))
2024-11-13 02:12:49,206 - INFO - \u041f\u043e\u043f\u044b\u0442\u043a\u0430 \u0437\u0430\u0433\u0440\u0443\u0437\u043a\u0438 \u0441\u0442\u0440\u0430\u043d\u0438\u0446\u044b: https://uslugi.yandex.ru/profile/AndrejVladimirovichK-2877544
2024-11-13 02:12:54,240 - WARNING - Retrying (Retry(total=2, connect=None, read=None, redirect=None, status=None)) after connection broken by 'NewConnectionError('<urllib3.connection.HTTPConnection object at 0x00000219B27217C0>: Failed to establish a new connection: [WinError 10061] No connection could be made because the target machine actively refused it')': /session/9aab87dc-b9c8-4932-8645-d1c57b50e838/timeouts
2024-11-13 02:12:59,276 - WARNING - Retrying (Retry(total=1, connect=None, read=None, redirect=None, status=None)) after connection broken by 'NewConnectionError('<urllib3.connection.HTTPConnection object at 0x00000219B2722ED0>: Failed to establish a new connection: [WinError 10061] No connection could be made because the target machine actively refused it')': /session/9aab87dc-b9c8-4932-8645-d1c57b50e838/timeouts
2024-11-13 02:13:04,310 - WARNING - Retrying (Retry(total=0, connect=None, read=None, redirect=None, status=None)) after connection broken by 'NewConnectionError('<urllib3.connection.HTTPConnection object at 0x00000219B2722C60>: Failed to establish a new connection: [WinError 10061] No connection could be made because the target machine actively refused it')': /session/9aab87dc-b9c8-4932-8645-d1c57b50e838/timeouts
2024-11-13 02:13:09,343 - ERROR - \u041d\u0435\u0438\u0437\u0432\u0435\u0441\u0442\u043d\u0430\u044f \u043e\u0448\u0438\u0431\u043a\u0430 \u043f\u0440\u0438 \u043e\u0431\u0440\u0430\u0431\u043e\u0442\u043a\u0435 https://uslugi.yandex.ru/profile/AndrejVladimirovichK-2877544: HTTPConnectionPool(host='localhost', port=50887): Max retries exceeded with url: /session/9aab87dc-b9c8-4932-8645-d1c57b50e838/timeouts (Caused by NewConnectionError('<urllib3.connection.HTTPConnection object at 0x00000219B27548F0>: Failed to establish a new connection: [WinError 10061] No connection could be made because the target machine actively refused it'))
Traceback (most recent call last):
  File "C:\YU rassulca\venv\Lib\site-packages\urllib3\connection.py", line 199, in _new_conn
    sock = connection.create_connection(
           ^^^^^^^^^^^^^^^^^^^^^^^^^^^^^
  File "C:\YU rassulca\venv\Lib\site-packages\urllib3\util\connection.py", line 85, in create_connection
    raise err
  File "C:\YU rassulca\venv\Lib\site-packages\urllib3\util\connection.py", line 73, in create_connection
    sock.connect(sa)
ConnectionRefusedError: [WinError 10061] No connection could be made because the target machine actively refused it

The above exception was the direct cause of the following exception:

Traceback (most recent call last):
  File "C:\YU rassulca\venv\Lib\site-packages\urllib3\connectionpool.py", line 789, in urlopen
    response = self._make_request(
               ^^^^^^^^^^^^^^^^^^^
  File "C:\YU rassulca\venv\Lib\site-packages\urllib3\connectionpool.py", line 495, in _make_request
    conn.request(
  File "C:\YU rassulca\venv\Lib\site-packages\urllib3\connection.py", line 441, in request
    self.endheaders()
  File "C:\Users\Administrator\AppData\Local\Programs\Python\Python312\Lib\http\client.py", line 1331, in endheaders
    self._send_output(message_body, encode_chunked=encode_chunked)
  File "C:\Users\Administrator\AppData\Local\Programs\Python\Python312\Lib\http\client.py", line 1091, in _send_output
    self.send(msg)
  File "C:\Users\Administrator\AppData\Local\Programs\Python\Python312\Lib\http\client.py", line 1035, in send
    self.connect()
  File "C:\YU rassulca\venv\Lib\site-packages\urllib3\connection.py", line 279, in connect
    self.sock = self._new_conn()
                ^^^^^^^^^^^^^^^^
  File "C:\YU rassulca\venv\Lib\site-packages\urllib3\connection.py", line 214, in _new_conn
    raise NewConnectionError(
urllib3.exceptions.NewConnectionError: <urllib3.connection.HTTPConnection object at 0x00000219B27548F0>: Failed to establish a new connection: [WinError 10061] No connection could be made because the target machine actively refused it

The above exception was the direct cause of the following exception:

Traceback (most recent call last):
  File "C:\YU rassulca\browser_handler.py", line 56, in process_page
    driver.set_page_load_timeout(30)
  File "C:\YU rassulca\venv\Lib\site-packages\selenium\webdriver\remote\webdriver.py", line 715, in set_page_load_timeout
    self.execute(Command.SET_TIMEOUTS, {"pageLoad": int(float(time_to_wait) * 1000)})
  File "C:\YU rassulca\venv\Lib\site-packages\selenium\webdriver\remote\webdriver.py", line 378, in execute
    response = self.command_executor.execute(driver_command, params)
               ^^^^^^^^^^^^^^^^^^^^^^^^^^^^^^^^^^^^^^^^^^^^^^^^^^^^^
  File "C:\YU rassulca\venv\Lib\site-packages\selenium\webdriver\remote\remote_connection.py", line 391, in execute
    return self._request(command_info[0], url, body=data)
           ^^^^^^^^^^^^^^^^^^^^^^^^^^^^^^^^^^^^^^^^^^^^^^
  File "C:\YU rassulca\venv\Lib\site-packages\selenium\webdriver\remote\remote_connection.py", line 415, in _request
    response = self._conn.request(method, url, body=body, headers=headers, timeout=self._client_config.timeout)
               ^^^^^^^^^^^^^^^^^^^^^^^^^^^^^^^^^^^^^^^^^^^^^^^^^^^^^^^^^^^^^^^^^^^^^^^^^^^^^^^^^^^^^^^^^^^^^^^^
  File "C:\YU rassulca\venv\Lib\site-packages\urllib3\_request_methods.py", line 143, in request
    return self.request_encode_body(
           ^^^^^^^^^^^^^^^^^^^^^^^^^
  File "C:\YU rassulca\venv\Lib\site-packages\urllib3\_request_methods.py", line 278, in request_encode_body
    return self.urlopen(method, url, **extra_kw)
           ^^^^^^^^^^^^^^^^^^^^^^^^^^^^^^^^^^^^^
  File "C:\YU rassulca\venv\Lib\site-packages\urllib3\poolmanager.py", line 443, in urlopen
    response = conn.urlopen(method, u.request_uri, **kw)
               ^^^^^^^^^^^^^^^^^^^^^^^^^^^^^^^^^^^^^^^^^
  File "C:\YU rassulca\venv\Lib\site-packages\urllib3\connectionpool.py", line 873, in urlopen
    return self.urlopen(
           ^^^^^^^^^^^^^
  File "C:\YU rassulca\venv\Lib\site-packages\urllib3\connectionpool.py", line 873, in urlopen
    return self.urlopen(
           ^^^^^^^^^^^^^
  File "C:\YU rassulca\venv\Lib\site-packages\urllib3\connectionpool.py", line 873, in urlopen
    return self.urlopen(
           ^^^^^^^^^^^^^
  File "C:\YU rassulca\venv\Lib\site-packages\urllib3\connectionpool.py", line 843, in urlopen
    retries = retries.increment(
              ^^^^^^^^^^^^^^^^^^
  File "C:\YU rassulca\venv\Lib\site-packages\urllib3\util\retry.py", line 519, in increment
    raise MaxRetryError(_pool, url, reason) from reason  # type: ignore[arg-type]
    ^^^^^^^^^^^^^^^^^^^^^^^^^^^^^^^^^^^^^^^^^^^^^^^^^^^
urllib3.exceptions.MaxRetryError: HTTPConnectionPool(host='localhost', port=50887): Max retries exceeded with url: /session/9aab87dc-b9c8-4932-8645-d1c57b50e838/timeouts (Caused by NewConnectionError('<urllib3.connection.HTTPConnection object at 0x00000219B27548F0>: Failed to establish a new connection: [WinError 10061] No connection could be made because the target machine actively refused it'))
2024-11-13 02:13:10,364 - INFO - \u041f\u043e\u043f\u044b\u0442\u043a\u0430 \u0437\u0430\u0433\u0440\u0443\u0437\u043a\u0438 \u0441\u0442\u0440\u0430\u043d\u0438\u0446\u044b: https://uslugi.yandex.ru/profile/AndrejVladimirovichK-2877544
2024-11-13 02:13:15,379 - WARNING - Retrying (Retry(total=2, connect=None, read=None, redirect=None, status=None)) after connection broken by 'NewConnectionError('<urllib3.connection.HTTPConnection object at 0x00000219B2754A70>: Failed to establish a new connection: [WinError 10061] No connection could be made because the target machine actively refused it')': /session/9aab87dc-b9c8-4932-8645-d1c57b50e838/timeouts
2024-11-13 02:13:20,415 - WARNING - Retrying (Retry(total=1, connect=None, read=None, redirect=None, status=None)) after connection broken by 'NewConnectionError('<urllib3.connection.HTTPConnection object at 0x00000219B2754830>: Failed to establish a new connection: [WinError 10061] No connection could be made because the target machine actively refused it')': /session/9aab87dc-b9c8-4932-8645-d1c57b50e838/timeouts
2024-11-13 02:13:25,453 - WARNING - Retrying (Retry(total=0, connect=None, read=None, redirect=None, status=None)) after connection broken by 'NewConnectionError('<urllib3.connection.HTTPConnection object at 0x00000219B2754EC0>: Failed to establish a new connection: [WinError 10061] No connection could be made because the target machine actively refused it')': /session/9aab87dc-b9c8-4932-8645-d1c57b50e838/timeouts
2024-11-13 02:13:30,488 - ERROR - \u041d\u0435\u0438\u0437\u0432\u0435\u0441\u0442\u043d\u0430\u044f \u043e\u0448\u0438\u0431\u043a\u0430 \u043f\u0440\u0438 \u043e\u0431\u0440\u0430\u0431\u043e\u0442\u043a\u0435 https://uslugi.yandex.ru/profile/AndrejVladimirovichK-2877544: HTTPConnectionPool(host='localhost', port=50887): Max retries exceeded with url: /session/9aab87dc-b9c8-4932-8645-d1c57b50e838/timeouts (Caused by NewConnectionError('<urllib3.connection.HTTPConnection object at 0x00000219B27550A0>: Failed to establish a new connection: [WinError 10061] No connection could be made because the target machine actively refused it'))
Traceback (most recent call last):
  File "C:\YU rassulca\venv\Lib\site-packages\urllib3\connection.py", line 199, in _new_conn
    sock = connection.create_connection(
           ^^^^^^^^^^^^^^^^^^^^^^^^^^^^^
  File "C:\YU rassulca\venv\Lib\site-packages\urllib3\util\connection.py", line 85, in create_connection
    raise err
  File "C:\YU rassulca\venv\Lib\site-packages\urllib3\util\connection.py", line 73, in create_connection
    sock.connect(sa)
ConnectionRefusedError: [WinError 10061] No connection could be made because the target machine actively refused it

The above exception was the direct cause of the following exception:

Traceback (most recent call last):
  File "C:\YU rassulca\venv\Lib\site-packages\urllib3\connectionpool.py", line 789, in urlopen
    response = self._make_request(
               ^^^^^^^^^^^^^^^^^^^
  File "C:\YU rassulca\venv\Lib\site-packages\urllib3\connectionpool.py", line 495, in _make_request
    conn.request(
  File "C:\YU rassulca\venv\Lib\site-packages\urllib3\connection.py", line 441, in request
    self.endheaders()
  File "C:\Users\Administrator\AppData\Local\Programs\Python\Python312\Lib\http\client.py", line 1331, in endheaders
    self._send_output(message_body, encode_chunked=encode_chunked)
  File "C:\Users\Administrator\AppData\Local\Programs\Python\Python312\Lib\http\client.py", line 1091, in _send_output
    self.send(msg)
  File "C:\Users\Administrator\AppData\Local\Programs\Python\Python312\Lib\http\client.py", line 1035, in send
    self.connect()
  File "C:\YU rassulca\venv\Lib\site-packages\urllib3\connection.py", line 279, in connect
    self.sock = self._new_conn()
                ^^^^^^^^^^^^^^^^
  File "C:\YU rassulca\venv\Lib\site-packages\urllib3\connection.py", line 214, in _new_conn
    raise NewConnectionError(
urllib3.exceptions.NewConnectionError: <urllib3.connection.HTTPConnection object at 0x00000219B27550A0>: Failed to establish a new connection: [WinError 10061] No connection could be made because the target machine actively refused it

The above exception was the direct cause of the following exception:

Traceback (most recent call last):
  File "C:\YU rassulca\browser_handler.py", line 56, in process_page
    driver.set_page_load_timeout(30)
  File "C:\YU rassulca\venv\Lib\site-packages\selenium\webdriver\remote\webdriver.py", line 715, in set_page_load_timeout
    self.execute(Command.SET_TIMEOUTS, {"pageLoad": int(float(time_to_wait) * 1000)})
  File "C:\YU rassulca\venv\Lib\site-packages\selenium\webdriver\remote\webdriver.py", line 378, in execute
    response = self.command_executor.execute(driver_command, params)
               ^^^^^^^^^^^^^^^^^^^^^^^^^^^^^^^^^^^^^^^^^^^^^^^^^^^^^
  File "C:\YU rassulca\venv\Lib\site-packages\selenium\webdriver\remote\remote_connection.py", line 391, in execute
    return self._request(command_info[0], url, body=data)
           ^^^^^^^^^^^^^^^^^^^^^^^^^^^^^^^^^^^^^^^^^^^^^^
  File "C:\YU rassulca\venv\Lib\site-packages\selenium\webdriver\remote\remote_connection.py", line 415, in _request
    response = self._conn.request(method, url, body=body, headers=headers, timeout=self._client_config.timeout)
               ^^^^^^^^^^^^^^^^^^^^^^^^^^^^^^^^^^^^^^^^^^^^^^^^^^^^^^^^^^^^^^^^^^^^^^^^^^^^^^^^^^^^^^^^^^^^^^^^
  File "C:\YU rassulca\venv\Lib\site-packages\urllib3\_request_methods.py", line 143, in request
    return self.request_encode_body(
           ^^^^^^^^^^^^^^^^^^^^^^^^^
  File "C:\YU rassulca\venv\Lib\site-packages\urllib3\_request_methods.py", line 278, in request_encode_body
    return self.urlopen(method, url, **extra_kw)
           ^^^^^^^^^^^^^^^^^^^^^^^^^^^^^^^^^^^^^
  File "C:\YU rassulca\venv\Lib\site-packages\urllib3\poolmanager.py", line 443, in urlopen
    response = conn.urlopen(method, u.request_uri, **kw)
               ^^^^^^^^^^^^^^^^^^^^^^^^^^^^^^^^^^^^^^^^^
  File "C:\YU rassulca\venv\Lib\site-packages\urllib3\connectionpool.py", line 873, in urlopen
    return self.urlopen(
           ^^^^^^^^^^^^^
  File "C:\YU rassulca\venv\Lib\site-packages\urllib3\connectionpool.py", line 873, in urlopen
    return self.urlopen(
           ^^^^^^^^^^^^^
  File "C:\YU rassulca\venv\Lib\site-packages\urllib3\connectionpool.py", line 873, in urlopen
    return self.urlopen(
           ^^^^^^^^^^^^^
  File "C:\YU rassulca\venv\Lib\site-packages\urllib3\connectionpool.py", line 843, in urlopen
    retries = retries.increment(
              ^^^^^^^^^^^^^^^^^^
  File "C:\YU rassulca\venv\Lib\site-packages\urllib3\util\retry.py", line 519, in increment
    raise MaxRetryError(_pool, url, reason) from reason  # type: ignore[arg-type]
    ^^^^^^^^^^^^^^^^^^^^^^^^^^^^^^^^^^^^^^^^^^^^^^^^^^^
urllib3.exceptions.MaxRetryError: HTTPConnectionPool(host='localhost', port=50887): Max retries exceeded with url: /session/9aab87dc-b9c8-4932-8645-d1c57b50e838/timeouts (Caused by NewConnectionError('<urllib3.connection.HTTPConnection object at 0x00000219B27550A0>: Failed to establish a new connection: [WinError 10061] No connection could be made because the target machine actively refused it'))
2024-11-13 02:13:31,506 - INFO - \u041f\u043e\u043f\u044b\u0442\u043a\u0430 \u0437\u0430\u0433\u0440\u0443\u0437\u043a\u0438 \u0441\u0442\u0440\u0430\u043d\u0438\u0446\u044b: https://uslugi.yandex.ru/profile/AndrejVladimirovichK-2877544
2024-11-13 02:13:36,532 - WARNING - Retrying (Retry(total=2, connect=None, read=None, redirect=None, status=None)) after connection broken by 'NewConnectionError('<urllib3.connection.HTTPConnection object at 0x00000219B2755250>: Failed to establish a new connection: [WinError 10061] No connection could be made because the target machine actively refused it')': /session/9aab87dc-b9c8-4932-8645-d1c57b50e838/timeouts
2024-11-13 02:13:41,556 - WARNING - Retrying (Retry(total=1, connect=None, read=None, redirect=None, status=None)) after connection broken by 'NewConnectionError('<urllib3.connection.HTTPConnection object at 0x00000219B2754F80>: Failed to establish a new connection: [WinError 10061] No connection could be made because the target machine actively refused it')': /session/9aab87dc-b9c8-4932-8645-d1c57b50e838/timeouts
2024-11-13 02:16:55,977 - INFO - \u0417\u0430\u043f\u0443\u0441\u043a \u043f\u0440\u043e\u0446\u0435\u0441\u0441\u0430 \u0441 1 \u043f\u043e\u0442\u043e\u043a\u0430\u043c\u0438
2024-11-13 02:16:55,977 - INFO - \u0417\u0430\u0433\u0440\u0443\u0436\u0435\u043d\u043e 1 URL, 61 \u0441\u043e\u043e\u0431\u0449\u0435\u043d\u0438\u0439 \u0438 2 \u043f\u0440\u043e\u043a\u0441\u0438
2024-11-13 02:17:00,353 - INFO - \u041f\u043e\u043f\u044b\u0442\u043a\u0430 \u0437\u0430\u0433\u0440\u0443\u0437\u043a\u0438 \u0441\u0442\u0440\u0430\u043d\u0438\u0446\u044b: https://uslugi.yandex.ru/profile/AndrejVladimirovichK-2877544
2024-11-13 02:17:01,002 - INFO - \u0422\u0435\u043a\u0443\u0449\u0438\u0439 URL \u043f\u043e\u0441\u043b\u0435 \u0437\u0430\u0433\u0440\u0443\u0437\u043a\u0438: https://uslugi.yandex.ru/profile/AndrejVladimirovichK-2877544
2024-11-13 02:17:01,169 - INFO - \u042d\u043b\u0435\u043c\u0435\u043d\u0442 'Logo-Link' \u043d\u0430\u0439\u0434\u0435\u043d
2024-11-13 02:17:01,649 - INFO - \u041a\u043d\u043e\u043f\u043a\u0430 '\u0427\u0430\u0442' \u043d\u0430\u0436\u0430\u0442\u0430
2024-11-13 02:17:31,713 - WARNING - \u042d\u043b\u0435\u043c\u0435\u043d\u0442 '\u042f.\u041c\u0435\u0441\u0441\u0435\u043d\u0434\u0436\u0435\u0440' \u043d\u0435 \u043d\u0430\u0439\u0434\u0435\u043d \u043d\u0430 \u0441\u0442\u0440\u0430\u043d\u0438\u0446\u0435 https://uslugi.yandex.ru/profile/AndrejVladimirovichK-2877544. \u041f\u0440\u043e\u043f\u0443\u0441\u043a\u0430\u0435\u043c \u044d\u0442\u043e \u0434\u0435\u0439\u0441\u0442\u0432\u0438\u0435.
2024-11-13 02:17:41,792 - WARNING - \u042d\u043b\u0435\u043c\u0435\u043d\u0442 \u0442\u0435\u043a\u0441\u0442\u043e\u0432\u043e\u0433\u043e \u043f\u043e\u043b\u044f \u043d\u0435 \u043d\u0430\u0439\u0434\u0435\u043d \u043d\u0430 \u0441\u0442\u0440\u0430\u043d\u0438\u0446\u0435 https://uslugi.yandex.ru/profile/AndrejVladimirovichK-2877544. \u041f\u0440\u043e\u043f\u0443\u0441\u043a\u0430\u0435\u043c \u044d\u0442\u043e \u0434\u0435\u0439\u0441\u0442\u0432\u0438\u0435.
2024-11-13 02:17:41,792 - INFO - \u041f\u043e\u043f\u044b\u0442\u043a\u0430 \u0437\u0430\u0433\u0440\u0443\u0437\u043a\u0438 \u0441\u0442\u0440\u0430\u043d\u0438\u0446\u044b: https://uslugi.yandex.ru/profile/AndrejVladimirovichK-2877544
2024-11-13 02:17:42,220 - INFO - \u0422\u0435\u043a\u0443\u0449\u0438\u0439 URL \u043f\u043e\u0441\u043b\u0435 \u0437\u0430\u0433\u0440\u0443\u0437\u043a\u0438: https://uslugi.yandex.ru/profile/AndrejVladimirovichK-2877544
2024-11-13 02:17:42,361 - INFO - \u042d\u043b\u0435\u043c\u0435\u043d\u0442 'Logo-Link' \u043d\u0430\u0439\u0434\u0435\u043d
2024-11-13 02:17:42,820 - INFO - \u041a\u043d\u043e\u043f\u043a\u0430 '\u0427\u0430\u0442' \u043d\u0430\u0436\u0430\u0442\u0430
2024-11-13 02:18:12,901 - WARNING - \u042d\u043b\u0435\u043c\u0435\u043d\u0442 '\u042f.\u041c\u0435\u0441\u0441\u0435\u043d\u0434\u0436\u0435\u0440' \u043d\u0435 \u043d\u0430\u0439\u0434\u0435\u043d \u043d\u0430 \u0441\u0442\u0440\u0430\u043d\u0438\u0446\u0435 https://uslugi.yandex.ru/profile/AndrejVladimirovichK-2877544. \u041f\u0440\u043e\u043f\u0443\u0441\u043a\u0430\u0435\u043c \u044d\u0442\u043e \u0434\u0435\u0439\u0441\u0442\u0432\u0438\u0435.
2024-11-13 02:18:22,963 - WARNING - \u042d\u043b\u0435\u043c\u0435\u043d\u0442 \u0442\u0435\u043a\u0441\u0442\u043e\u0432\u043e\u0433\u043e \u043f\u043e\u043b\u044f \u043d\u0435 \u043d\u0430\u0439\u0434\u0435\u043d \u043d\u0430 \u0441\u0442\u0440\u0430\u043d\u0438\u0446\u0435 https://uslugi.yandex.ru/profile/AndrejVladimirovichK-2877544. \u041f\u0440\u043e\u043f\u0443\u0441\u043a\u0430\u0435\u043c \u044d\u0442\u043e \u0434\u0435\u0439\u0441\u0442\u0432\u0438\u0435.
2024-11-13 02:18:25,586 - INFO - \u041f\u0440\u043e\u0446\u0435\u0441\u0441 \u0437\u0430\u0432\u0435\u0440\u0448\u0435\u043d
2024-11-13 02:26:12,881 - INFO - \u0417\u0430\u043f\u0443\u0441\u043a \u043f\u0440\u043e\u0446\u0435\u0441\u0441\u0430 \u0441 1 \u043f\u043e\u0442\u043e\u043a\u0430\u043c\u0438
2024-11-13 02:26:12,881 - INFO - \u0417\u0430\u0433\u0440\u0443\u0436\u0435\u043d\u043e 1 URL, 61 \u0441\u043e\u043e\u0431\u0449\u0435\u043d\u0438\u0439 \u0438 2 \u043f\u0440\u043e\u043a\u0441\u0438
2024-11-13 02:26:17,278 - INFO - \u041f\u043e\u043f\u044b\u0442\u043a\u0430 \u0437\u0430\u0433\u0440\u0443\u0437\u043a\u0438 \u0441\u0442\u0440\u0430\u043d\u0438\u0446\u044b: https://uslugi.yandex.ru/profile/AndrejVladimirovichK-2877544
2024-11-13 02:26:17,959 - INFO - \u0422\u0435\u043a\u0443\u0449\u0438\u0439 URL \u043f\u043e\u0441\u043b\u0435 \u0437\u0430\u0433\u0440\u0443\u0437\u043a\u0438: https://uslugi.yandex.ru/profile/AndrejVladimirovichK-2877544
2024-11-13 02:26:18,128 - INFO - \u042d\u043b\u0435\u043c\u0435\u043d\u0442 'Logo-Link' \u043d\u0430\u0439\u0434\u0435\u043d
2024-11-13 02:26:18,603 - INFO - \u041a\u043d\u043e\u043f\u043a\u0430 '\u0427\u0430\u0442' \u043d\u0430\u0436\u0430\u0442\u0430
2024-11-13 02:27:03,699 - WARNING - \u042d\u043b\u0435\u043c\u0435\u043d\u0442 '\u042f.\u041c\u0435\u0441\u0441\u0435\u043d\u0434\u0436\u0435\u0440' \u043d\u0435 \u043d\u0430\u0439\u0434\u0435\u043d \u043d\u0430 \u0441\u0442\u0440\u0430\u043d\u0438\u0446\u0435 https://uslugi.yandex.ru/profile/AndrejVladimirovichK-2877544. \u041f\u0440\u043e\u043f\u0443\u0441\u043a\u0430\u0435\u043c \u044d\u0442\u043e \u0434\u0435\u0439\u0441\u0442\u0432\u0438\u0435.
2024-11-13 02:27:23,810 - WARNING - \u042d\u043b\u0435\u043c\u0435\u043d\u0442 \u0442\u0435\u043a\u0441\u0442\u043e\u0432\u043e\u0433\u043e \u043f\u043e\u043b\u044f \u043d\u0435 \u043d\u0430\u0439\u0434\u0435\u043d \u043d\u0430 \u0441\u0442\u0440\u0430\u043d\u0438\u0446\u0435 https://uslugi.yandex.ru/profile/AndrejVladimirovichK-2877544. \u041f\u0440\u043e\u043f\u0443\u0441\u043a\u0430\u0435\u043c \u044d\u0442\u043e \u0434\u0435\u0439\u0441\u0442\u0432\u0438\u0435. \u041e\u0448\u0438\u0431\u043a\u0430: Message: 
Stacktrace:
RemoteError@chrome://remote/content/shared/RemoteError.sys.mjs:8:8
WebDriverError@chrome://remote/content/shared/webdriver/Errors.sys.mjs:193:5
NoSuchElementError@chrome://remote/content/shared/webdriver/Errors.sys.mjs:511:5
dom.find/</<@chrome://remote/content/shared/DOM.sys.mjs:136:16

2024-11-13 02:27:23,810 - INFO - \u041f\u043e\u043f\u044b\u0442\u043a\u0430 \u0437\u0430\u0433\u0440\u0443\u0437\u043a\u0438 \u0441\u0442\u0440\u0430\u043d\u0438\u0446\u044b: https://uslugi.yandex.ru/profile/AndrejVladimirovichK-2877544
2024-11-13 02:27:24,425 - INFO - \u0422\u0435\u043a\u0443\u0449\u0438\u0439 URL \u043f\u043e\u0441\u043b\u0435 \u0437\u0430\u0433\u0440\u0443\u0437\u043a\u0438: https://uslugi.yandex.ru/profile/AndrejVladimirovichK-2877544
2024-11-13 02:27:24,565 - INFO - \u042d\u043b\u0435\u043c\u0435\u043d\u0442 'Logo-Link' \u043d\u0430\u0439\u0434\u0435\u043d
2024-11-13 02:27:25,006 - INFO - \u041a\u043d\u043e\u043f\u043a\u0430 '\u0427\u0430\u0442' \u043d\u0430\u0436\u0430\u0442\u0430
2024-11-13 02:28:10,101 - WARNING - \u042d\u043b\u0435\u043c\u0435\u043d\u0442 '\u042f.\u041c\u0435\u0441\u0441\u0435\u043d\u0434\u0436\u0435\u0440' \u043d\u0435 \u043d\u0430\u0439\u0434\u0435\u043d \u043d\u0430 \u0441\u0442\u0440\u0430\u043d\u0438\u0446\u0435 https://uslugi.yandex.ru/profile/AndrejVladimirovichK-2877544. \u041f\u0440\u043e\u043f\u0443\u0441\u043a\u0430\u0435\u043c \u044d\u0442\u043e \u0434\u0435\u0439\u0441\u0442\u0432\u0438\u0435.
2024-11-13 02:28:30,212 - WARNING - \u042d\u043b\u0435\u043c\u0435\u043d\u0442 \u0442\u0435\u043a\u0441\u0442\u043e\u0432\u043e\u0433\u043e \u043f\u043e\u043b\u044f \u043d\u0435 \u043d\u0430\u0439\u0434\u0435\u043d \u043d\u0430 \u0441\u0442\u0440\u0430\u043d\u0438\u0446\u0435 https://uslugi.yandex.ru/profile/AndrejVladimirovichK-2877544. \u041f\u0440\u043e\u043f\u0443\u0441\u043a\u0430\u0435\u043c \u044d\u0442\u043e \u0434\u0435\u0439\u0441\u0442\u0432\u0438\u0435. \u041e\u0448\u0438\u0431\u043a\u0430: Message: 
Stacktrace:
RemoteError@chrome://remote/content/shared/RemoteError.sys.mjs:8:8
WebDriverError@chrome://remote/content/shared/webdriver/Errors.sys.mjs:193:5
NoSuchElementError@chrome://remote/content/shared/webdriver/Errors.sys.mjs:511:5
dom.find/</<@chrome://remote/content/shared/DOM.sys.mjs:136:16

2024-11-13 02:28:32,572 - INFO - \u041f\u0440\u043e\u0446\u0435\u0441\u0441 \u0437\u0430\u0432\u0435\u0440\u0448\u0435\u043d
2024-11-13 02:33:55,348 - INFO - \u0417\u0430\u043f\u0443\u0441\u043a \u043f\u0440\u043e\u0446\u0435\u0441\u0441\u0430 \u0441 1 \u043f\u043e\u0442\u043e\u043a\u0430\u043c\u0438
2024-11-13 02:33:55,348 - INFO - \u0417\u0430\u0433\u0440\u0443\u0436\u0435\u043d\u043e 1 URL, 61 \u0441\u043e\u043e\u0431\u0449\u0435\u043d\u0438\u0439 \u0438 2 \u043f\u0440\u043e\u043a\u0441\u0438
2024-11-13 02:33:59,732 - INFO - \u041f\u043e\u043f\u044b\u0442\u043a\u0430 \u0437\u0430\u0433\u0440\u0443\u0437\u043a\u0438 \u0441\u0442\u0440\u0430\u043d\u0438\u0446\u044b: https://uslugi.yandex.ru/profile/AndrejVladimirovichK-2877544
2024-11-13 02:34:00,451 - INFO - \u0422\u0435\u043a\u0443\u0449\u0438\u0439 URL \u043f\u043e\u0441\u043b\u0435 \u0437\u0430\u0433\u0440\u0443\u0437\u043a\u0438: https://uslugi.yandex.ru/profile/AndrejVladimirovichK-2877544
2024-11-13 02:34:00,630 - INFO - \u042d\u043b\u0435\u043c\u0435\u043d\u0442 'Logo-Link' \u043d\u0430\u0439\u0434\u0435\u043d
2024-11-13 02:34:01,057 - INFO - \u041a\u043d\u043e\u043f\u043a\u0430 '\u0427\u0430\u0442' \u043d\u0430\u0436\u0430\u0442\u0430
2024-11-13 02:34:51,178 - WARNING - \u042d\u043b\u0435\u043c\u0435\u043d\u0442 '\u042f.\u041c\u0435\u0441\u0441\u0435\u043d\u0434\u0436\u0435\u0440' \u043d\u0435 \u043d\u0430\u0439\u0434\u0435\u043d \u043d\u0430 \u0441\u0442\u0440\u0430\u043d\u0438\u0446\u0435 https://uslugi.yandex.ru/profile/AndrejVladimirovichK-2877544. \u041f\u0440\u043e\u0431\u0443\u0435\u043c \u0430\u043b\u044c\u0442\u0435\u0440\u043d\u0430\u0442\u0438\u0432\u043d\u044b\u0439 XPath.
2024-11-13 02:35:11,292 - WARNING - \u042d\u043b\u0435\u043c\u0435\u043d\u0442 '\u042f.\u041c\u0435\u0441\u0441\u0435\u043d\u0434\u0436\u0435\u0440' \u043d\u0435 \u043d\u0430\u0439\u0434\u0435\u043d \u043d\u0430 \u0441\u0442\u0440\u0430\u043d\u0438\u0446\u0435 https://uslugi.yandex.ru/profile/AndrejVladimirovichK-2877544 \u0434\u0430\u0436\u0435 \u0441 \u0430\u043b\u044c\u0442\u0435\u0440\u043d\u0430\u0442\u0438\u0432\u043d\u044b\u043c XPath. \u041f\u0440\u043e\u043f\u0443\u0441\u043a\u0430\u0435\u043c \u044d\u0442\u043e \u0434\u0435\u0439\u0441\u0442\u0432\u0438\u0435.
2024-11-13 02:35:31,411 - WARNING - \u042d\u043b\u0435\u043c\u0435\u043d\u0442 \u0442\u0435\u043a\u0441\u0442\u043e\u0432\u043e\u0433\u043e \u043f\u043e\u043b\u044f \u043d\u0435 \u043d\u0430\u0439\u0434\u0435\u043d \u043d\u0430 \u0441\u0442\u0440\u0430\u043d\u0438\u0446\u0435 https://uslugi.yandex.ru/profile/AndrejVladimirovichK-2877544. \u041f\u0440\u043e\u0431\u0443\u0435\u043c \u0430\u043b\u044c\u0442\u0435\u0440\u043d\u0430\u0442\u0438\u0432\u043d\u044b\u0439 XPath. \u041e\u0448\u0438\u0431\u043a\u0430: Message: 
Stacktrace:
RemoteError@chrome://remote/content/shared/RemoteError.sys.mjs:8:8
WebDriverError@chrome://remote/content/shared/webdriver/Errors.sys.mjs:193:5
NoSuchElementError@chrome://remote/content/shared/webdriver/Errors.sys.mjs:511:5
dom.find/</<@chrome://remote/content/shared/DOM.sys.mjs:136:16

2024-11-13 02:35:51,523 - WARNING - \u0410\u043b\u044c\u0442\u0435\u0440\u043d\u0430\u0442\u0438\u0432\u043d\u043e\u0435 \u0442\u0435\u043a\u0441\u0442\u043e\u0432\u043e\u0435 \u043f\u043e\u043b\u0435 \u043d\u0435 \u043d\u0430\u0439\u0434\u0435\u043d\u043e \u043d\u0430 \u0441\u0442\u0440\u0430\u043d\u0438\u0446\u0435 https://uslugi.yandex.ru/profile/AndrejVladimirovichK-2877544. \u041f\u0440\u043e\u043f\u0443\u0441\u043a\u0430\u0435\u043c \u044d\u0442\u043e \u0434\u0435\u0439\u0441\u0442\u0432\u0438\u0435. \u041e\u0448\u0438\u0431\u043a\u0430: Message: 
Stacktrace:
RemoteError@chrome://remote/content/shared/RemoteError.sys.mjs:8:8
WebDriverError@chrome://remote/content/shared/webdriver/Errors.sys.mjs:193:5
NoSuchElementError@chrome://remote/content/shared/webdriver/Errors.sys.mjs:511:5
dom.find/</<@chrome://remote/content/shared/DOM.sys.mjs:136:16

2024-11-13 02:35:51,523 - INFO - \u041f\u043e\u043f\u044b\u0442\u043a\u0430 \u0437\u0430\u0433\u0440\u0443\u0437\u043a\u0438 \u0441\u0442\u0440\u0430\u043d\u0438\u0446\u044b: https://uslugi.yandex.ru/profile/AndrejVladimirovichK-2877544
2024-11-13 02:35:52,023 - INFO - \u0422\u0435\u043a\u0443\u0449\u0438\u0439 URL \u043f\u043e\u0441\u043b\u0435 \u0437\u0430\u0433\u0440\u0443\u0437\u043a\u0438: https://uslugi.yandex.ru/profile/AndrejVladimirovichK-2877544
2024-11-13 02:35:52,166 - INFO - \u042d\u043b\u0435\u043c\u0435\u043d\u0442 'Logo-Link' \u043d\u0430\u0439\u0434\u0435\u043d
2024-11-13 02:35:52,590 - INFO - \u041a\u043d\u043e\u043f\u043a\u0430 '\u0427\u0430\u0442' \u043d\u0430\u0436\u0430\u0442\u0430
2024-11-13 02:36:42,717 - WARNING - \u042d\u043b\u0435\u043c\u0435\u043d\u0442 '\u042f.\u041c\u0435\u0441\u0441\u0435\u043d\u0434\u0436\u0435\u0440' \u043d\u0435 \u043d\u0430\u0439\u0434\u0435\u043d \u043d\u0430 \u0441\u0442\u0440\u0430\u043d\u0438\u0446\u0435 https://uslugi.yandex.ru/profile/AndrejVladimirovichK-2877544. \u041f\u0440\u043e\u0431\u0443\u0435\u043c \u0430\u043b\u044c\u0442\u0435\u0440\u043d\u0430\u0442\u0438\u0432\u043d\u044b\u0439 XPath.
2024-11-13 02:37:02,837 - WARNING - \u042d\u043b\u0435\u043c\u0435\u043d\u0442 '\u042f.\u041c\u0435\u0441\u0441\u0435\u043d\u0434\u0436\u0435\u0440' \u043d\u0435 \u043d\u0430\u0439\u0434\u0435\u043d \u043d\u0430 \u0441\u0442\u0440\u0430\u043d\u0438\u0446\u0435 https://uslugi.yandex.ru/profile/AndrejVladimirovichK-2877544 \u0434\u0430\u0436\u0435 \u0441 \u0430\u043b\u044c\u0442\u0435\u0440\u043d\u0430\u0442\u0438\u0432\u043d\u044b\u043c XPath. \u041f\u0440\u043e\u043f\u0443\u0441\u043a\u0430\u0435\u043c \u044d\u0442\u043e \u0434\u0435\u0439\u0441\u0442\u0432\u0438\u0435.
2024-11-13 02:37:22,964 - WARNING - \u042d\u043b\u0435\u043c\u0435\u043d\u0442 \u0442\u0435\u043a\u0441\u0442\u043e\u0432\u043e\u0433\u043e \u043f\u043e\u043b\u044f \u043d\u0435 \u043d\u0430\u0439\u0434\u0435\u043d \u043d\u0430 \u0441\u0442\u0440\u0430\u043d\u0438\u0446\u0435 https://uslugi.yandex.ru/profile/AndrejVladimirovichK-2877544. \u041f\u0440\u043e\u0431\u0443\u0435\u043c \u0430\u043b\u044c\u0442\u0435\u0440\u043d\u0430\u0442\u0438\u0432\u043d\u044b\u0439 XPath. \u041e\u0448\u0438\u0431\u043a\u0430: Message: 
Stacktrace:
RemoteError@chrome://remote/content/shared/RemoteError.sys.mjs:8:8
WebDriverError@chrome://remote/content/shared/webdriver/Errors.sys.mjs:193:5
NoSuchElementError@chrome://remote/content/shared/webdriver/Errors.sys.mjs:511:5
dom.find/</<@chrome://remote/content/shared/DOM.sys.mjs:136:16

2024-11-13 02:37:43,086 - WARNING - \u0410\u043b\u044c\u0442\u0435\u0440\u043d\u0430\u0442\u0438\u0432\u043d\u043e\u0435 \u0442\u0435\u043a\u0441\u0442\u043e\u0432\u043e\u0435 \u043f\u043e\u043b\u0435 \u043d\u0435 \u043d\u0430\u0439\u0434\u0435\u043d\u043e \u043d\u0430 \u0441\u0442\u0440\u0430\u043d\u0438\u0446\u0435 https://uslugi.yandex.ru/profile/AndrejVladimirovichK-2877544. \u041f\u0440\u043e\u043f\u0443\u0441\u043a\u0430\u0435\u043c \u044d\u0442\u043e \u0434\u0435\u0439\u0441\u0442\u0432\u0438\u0435. \u041e\u0448\u0438\u0431\u043a\u0430: Message: 
Stacktrace:
RemoteError@chrome://remote/content/shared/RemoteError.sys.mjs:8:8
WebDriverError@chrome://remote/content/shared/webdriver/Errors.sys.mjs:193:5
NoSuchElementError@chrome://remote/content/shared/webdriver/Errors.sys.mjs:511:5
dom.find/</<@chrome://remote/content/shared/DOM.sys.mjs:136:16

2024-11-13 02:37:45,448 - INFO - \u041f\u0440\u043e\u0446\u0435\u0441\u0441 \u0437\u0430\u0432\u0435\u0440\u0448\u0435\u043d
2024-11-13 02:44:38,185 - INFO - \u0417\u0430\u043f\u0443\u0441\u043a \u043f\u0440\u043e\u0446\u0435\u0441\u0441\u0430 \u0441 1 \u043f\u043e\u0442\u043e\u043a\u0430\u043c\u0438
2024-11-13 02:44:38,185 - INFO - \u0417\u0430\u0433\u0440\u0443\u0436\u0435\u043d\u043e 1 URL, 61 \u0441\u043e\u043e\u0431\u0449\u0435\u043d\u0438\u0439 \u0438 2 \u043f\u0440\u043e\u043a\u0441\u0438
2024-11-13 02:44:42,577 - INFO - \u041f\u043e\u043f\u044b\u0442\u043a\u0430 \u0437\u0430\u0433\u0440\u0443\u0437\u043a\u0438 \u0441\u0442\u0440\u0430\u043d\u0438\u0446\u044b: https://uslugi.yandex.ru/profile/AndrejVladimirovichK-2877544
2024-11-13 02:44:43,197 - INFO - \u0422\u0435\u043a\u0443\u0449\u0438\u0439 URL \u043f\u043e\u0441\u043b\u0435 \u0437\u0430\u0433\u0440\u0443\u0437\u043a\u0438: https://uslugi.yandex.ru/profile/AndrejVladimirovichK-2877544
2024-11-13 02:44:43,362 - INFO - \u042d\u043b\u0435\u043c\u0435\u043d\u0442 'Logo-Link' \u043d\u0430\u0439\u0434\u0435\u043d
2024-11-13 02:44:43,851 - INFO - \u041a\u043d\u043e\u043f\u043a\u0430 '\u0427\u0430\u0442' \u043d\u0430\u0436\u0430\u0442\u0430
2024-11-13 02:45:33,974 - WARNING - \u042d\u043b\u0435\u043c\u0435\u043d\u0442 '\u042f.\u041c\u0435\u0441\u0441\u0435\u043d\u0434\u0436\u0435\u0440' \u043d\u0435 \u043d\u0430\u0439\u0434\u0435\u043d \u043d\u0430 \u0441\u0442\u0440\u0430\u043d\u0438\u0446\u0435 https://uslugi.yandex.ru/profile/AndrejVladimirovichK-2877544. \u041f\u0440\u043e\u0431\u0443\u0435\u043c \u0430\u043b\u044c\u0442\u0435\u0440\u043d\u0430\u0442\u0438\u0432\u043d\u044b\u0439 XPath.
2024-11-13 02:45:54,096 - WARNING - \u042d\u043b\u0435\u043c\u0435\u043d\u0442 '\u042f.\u041c\u0435\u0441\u0441\u0435\u043d\u0434\u0436\u0435\u0440' \u043d\u0435 \u043d\u0430\u0439\u0434\u0435\u043d \u043d\u0430 \u0441\u0442\u0440\u0430\u043d\u0438\u0446\u0435 https://uslugi.yandex.ru/profile/AndrejVladimirovichK-2877544 \u0434\u0430\u0436\u0435 \u0441 \u0430\u043b\u044c\u0442\u0435\u0440\u043d\u0430\u0442\u0438\u0432\u043d\u044b\u043c XPath. \u041f\u0440\u043e\u043f\u0443\u0441\u043a\u0430\u0435\u043c \u044d\u0442\u043e \u0434\u0435\u0439\u0441\u0442\u0432\u0438\u0435.
2024-11-13 02:45:54,102 - INFO - \u041f\u0435\u0440\u0435\u043a\u043b\u044e\u0447\u0438\u043b\u0438\u0441\u044c \u043d\u0430 iframe
2024-11-13 02:45:54,106 - INFO - \u0422\u0435\u043a\u0441\u0442\u043e\u0432\u043e\u0435 \u043f\u043e\u043b\u0435 \u043d\u0430\u0439\u0434\u0435\u043d\u043e \u043d\u0430 https://uslugi.yandex.ru/profile/AndrejVladimirovichK-2877544
2024-11-13 02:45:54,440 - INFO - \u0422\u0435\u043a\u0441\u0442 \u0432\u0432\u0435\u0434\u0435\u043d \u0432 \u043f\u043e\u043b\u0435 \u043d\u0430 https://uslugi.yandex.ru/profile/AndrejVladimirovichK-2877544
2024-11-13 02:45:59,089 - INFO - \u041a\u043d\u043e\u043f\u043a\u0430 \u043e\u0442\u043f\u0440\u0430\u0432\u043a\u0438 \u0441\u043e\u043e\u0431\u0449\u0435\u043d\u0438\u044f \u043d\u0430\u0436\u0430\u0442\u0430 \u043d\u0430 https://uslugi.yandex.ru/profile/AndrejVladimirovichK-2877544
2024-11-13 02:46:14,768 - INFO - \u0421\u043e\u043e\u0431\u0449\u0435\u043d\u0438\u0435 \u043e\u0442\u043f\u0440\u0430\u0432\u043b\u0435\u043d\u043e \u043d\u0430 https://uslugi.yandex.ru/profile/AndrejVladimirovichK-2877544
2024-11-13 02:46:14,768 - INFO - \u041f\u043e\u043f\u044b\u0442\u043a\u0430 \u0437\u0430\u0433\u0440\u0443\u0437\u043a\u0438 \u0441\u0442\u0440\u0430\u043d\u0438\u0446\u044b: https://uslugi.yandex.ru/profile/AndrejVladimirovichK-2877544
2024-11-13 02:46:15,199 - INFO - \u0422\u0435\u043a\u0443\u0449\u0438\u0439 URL \u043f\u043e\u0441\u043b\u0435 \u0437\u0430\u0433\u0440\u0443\u0437\u043a\u0438: https://uslugi.yandex.ru/profile/AndrejVladimirovichK-2877544
2024-11-13 02:46:15,338 - INFO - \u042d\u043b\u0435\u043c\u0435\u043d\u0442 'Logo-Link' \u043d\u0430\u0439\u0434\u0435\u043d
2024-11-13 02:46:15,801 - INFO - \u041a\u043d\u043e\u043f\u043a\u0430 '\u0427\u0430\u0442' \u043d\u0430\u0436\u0430\u0442\u0430
2024-11-13 02:47:05,931 - WARNING - \u042d\u043b\u0435\u043c\u0435\u043d\u0442 '\u042f.\u041c\u0435\u0441\u0441\u0435\u043d\u0434\u0436\u0435\u0440' \u043d\u0435 \u043d\u0430\u0439\u0434\u0435\u043d \u043d\u0430 \u0441\u0442\u0440\u0430\u043d\u0438\u0446\u0435 https://uslugi.yandex.ru/profile/AndrejVladimirovichK-2877544. \u041f\u0440\u043e\u0431\u0443\u0435\u043c \u0430\u043b\u044c\u0442\u0435\u0440\u043d\u0430\u0442\u0438\u0432\u043d\u044b\u0439 XPath.
2024-11-13 02:47:26,055 - WARNING - \u042d\u043b\u0435\u043c\u0435\u043d\u0442 '\u042f.\u041c\u0435\u0441\u0441\u0435\u043d\u0434\u0436\u0435\u0440' \u043d\u0435 \u043d\u0430\u0439\u0434\u0435\u043d \u043d\u0430 \u0441\u0442\u0440\u0430\u043d\u0438\u0446\u0435 https://uslugi.yandex.ru/profile/AndrejVladimirovichK-2877544 \u0434\u0430\u0436\u0435 \u0441 \u0430\u043b\u044c\u0442\u0435\u0440\u043d\u0430\u0442\u0438\u0432\u043d\u044b\u043c XPath. \u041f\u0440\u043e\u043f\u0443\u0441\u043a\u0430\u0435\u043c \u044d\u0442\u043e \u0434\u0435\u0439\u0441\u0442\u0432\u0438\u0435.
2024-11-13 02:47:26,059 - INFO - \u041f\u0435\u0440\u0435\u043a\u043b\u044e\u0447\u0438\u043b\u0438\u0441\u044c \u043d\u0430 iframe
2024-11-13 02:47:26,064 - INFO - \u0422\u0435\u043a\u0441\u0442\u043e\u0432\u043e\u0435 \u043f\u043e\u043b\u0435 \u043d\u0430\u0439\u0434\u0435\u043d\u043e \u043d\u0430 https://uslugi.yandex.ru/profile/AndrejVladimirovichK-2877544
2024-11-13 02:47:26,402 - INFO - \u0422\u0435\u043a\u0441\u0442 \u0432\u0432\u0435\u0434\u0435\u043d \u0432 \u043f\u043e\u043b\u0435 \u043d\u0430 https://uslugi.yandex.ru/profile/AndrejVladimirovichK-2877544
2024-11-13 02:47:31,250 - INFO - \u041a\u043d\u043e\u043f\u043a\u0430 \u043e\u0442\u043f\u0440\u0430\u0432\u043a\u0438 \u0441\u043e\u043e\u0431\u0449\u0435\u043d\u0438\u044f \u043d\u0430\u0436\u0430\u0442\u0430 \u043d\u0430 https://uslugi.yandex.ru/profile/AndrejVladimirovichK-2877544
2024-11-13 02:47:48,988 - INFO - \u0421\u043e\u043e\u0431\u0449\u0435\u043d\u0438\u0435 \u043e\u0442\u043f\u0440\u0430\u0432\u043b\u0435\u043d\u043e \u043d\u0430 https://uslugi.yandex.ru/profile/AndrejVladimirovichK-2877544
2024-11-13 02:47:51,372 - INFO - \u041f\u0440\u043e\u0446\u0435\u0441\u0441 \u0437\u0430\u0432\u0435\u0440\u0448\u0435\u043d
2024-11-13 02:54:33,533 - INFO - \u0417\u0430\u043f\u0443\u0441\u043a \u043f\u0440\u043e\u0446\u0435\u0441\u0441\u0430 \u0441 1 \u043f\u043e\u0442\u043e\u043a\u0430\u043c\u0438
2024-11-13 02:54:33,534 - INFO - \u0417\u0430\u0433\u0440\u0443\u0436\u0435\u043d\u043e 1 URL, 61 \u0441\u043e\u043e\u0431\u0449\u0435\u043d\u0438\u0439 \u0438 2 \u043f\u0440\u043e\u043a\u0441\u0438
2024-11-13 02:54:37,898 - INFO - \u041f\u043e\u043f\u044b\u0442\u043a\u0430 \u0437\u0430\u0433\u0440\u0443\u0437\u043a\u0438 \u0441\u0442\u0440\u0430\u043d\u0438\u0446\u044b: https://uslugi.yandex.ru/profile/AndrejVladimirovichK-2877544
2024-11-13 02:54:38,489 - INFO - \u0422\u0435\u043a\u0443\u0449\u0438\u0439 URL \u043f\u043e\u0441\u043b\u0435 \u0437\u0430\u0433\u0440\u0443\u0437\u043a\u0438: https://uslugi.yandex.ru/profile/AndrejVladimirovichK-2877544
2024-11-13 02:54:38,661 - INFO - \u042d\u043b\u0435\u043c\u0435\u043d\u0442 'Logo-Link' \u043d\u0430\u0439\u0434\u0435\u043d
2024-11-13 02:54:39,139 - INFO - \u041a\u043d\u043e\u043f\u043a\u0430 '\u0427\u0430\u0442' \u043d\u0430\u0436\u0430\u0442\u0430
2024-11-13 02:55:29,261 - WARNING - \u042d\u043b\u0435\u043c\u0435\u043d\u0442 '\u042f.\u041c\u0435\u0441\u0441\u0435\u043d\u0434\u0436\u0435\u0440' \u043d\u0435 \u043d\u0430\u0439\u0434\u0435\u043d \u043d\u0430 \u0441\u0442\u0440\u0430\u043d\u0438\u0446\u0435 https://uslugi.yandex.ru/profile/AndrejVladimirovichK-2877544. \u041f\u0440\u043e\u0431\u0443\u0435\u043c \u0430\u043b\u044c\u0442\u0435\u0440\u043d\u0430\u0442\u0438\u0432\u043d\u044b\u0439 XPath.
2024-11-13 02:55:49,378 - WARNING - \u042d\u043b\u0435\u043c\u0435\u043d\u0442 '\u042f.\u041c\u0435\u0441\u0441\u0435\u043d\u0434\u0436\u0435\u0440' \u043d\u0435 \u043d\u0430\u0439\u0434\u0435\u043d \u043d\u0430 \u0441\u0442\u0440\u0430\u043d\u0438\u0446\u0435 https://uslugi.yandex.ru/profile/AndrejVladimirovichK-2877544 \u0434\u0430\u0436\u0435 \u0441 \u0430\u043b\u044c\u0442\u0435\u0440\u043d\u0430\u0442\u0438\u0432\u043d\u044b\u043c XPath. \u041f\u0440\u043e\u043f\u0443\u0441\u043a\u0430\u0435\u043c \u044d\u0442\u043e \u0434\u0435\u0439\u0441\u0442\u0432\u0438\u0435.
2024-11-13 02:55:49,384 - INFO - \u041f\u0435\u0440\u0435\u043a\u043b\u044e\u0447\u0438\u043b\u0438\u0441\u044c \u043d\u0430 iframe
2024-11-13 02:55:49,389 - INFO - \u0422\u0435\u043a\u0441\u0442\u043e\u0432\u043e\u0435 \u043f\u043e\u043b\u0435 \u043d\u0430\u0439\u0434\u0435\u043d\u043e \u043d\u0430 https://uslugi.yandex.ru/profile/AndrejVladimirovichK-2877544
2024-11-13 02:55:49,736 - INFO - \u0422\u0435\u043a\u0441\u0442 \u0432\u0432\u0435\u0434\u0435\u043d \u0432 \u043f\u043e\u043b\u0435 \u043d\u0430 https://uslugi.yandex.ru/profile/AndrejVladimirovichK-2877544
2024-11-13 02:55:55,567 - INFO - \u041a\u043d\u043e\u043f\u043a\u0430 \u043e\u0442\u043f\u0440\u0430\u0432\u043a\u0438 \u0441\u043e\u043e\u0431\u0449\u0435\u043d\u0438\u044f \u043d\u0430\u0436\u0430\u0442\u0430 \u043d\u0430 https://uslugi.yandex.ru/profile/AndrejVladimirovichK-2877544
2024-11-13 02:56:01,027 - INFO - \u0421\u043e\u043e\u0431\u0449\u0435\u043d\u0438\u0435 \u043e\u0442\u043f\u0440\u0430\u0432\u043b\u0435\u043d\u043e \u043d\u0430 https://uslugi.yandex.ru/profile/AndrejVladimirovichK-2877544
2024-11-13 02:56:01,264 - INFO - \u041a\u043d\u043e\u043f\u043a\u0430 '\u041d\u0435 \u0441\u0435\u0439\u0447\u0430\u0441' \u043d\u0430\u0436\u0430\u0442\u0430 \u043d\u0430 https://uslugi.yandex.ru/profile/AndrejVladimirovichK-2877544
2024-11-13 02:56:01,265 - INFO - \u041f\u043e\u043f\u044b\u0442\u043a\u0430 \u0437\u0430\u0433\u0440\u0443\u0437\u043a\u0438 \u0441\u0442\u0440\u0430\u043d\u0438\u0446\u044b: https://uslugi.yandex.ru/profile/AndrejVladimirovichK-2877544
2024-11-13 02:56:01,743 - INFO - \u0422\u0435\u043a\u0443\u0449\u0438\u0439 URL \u043f\u043e\u0441\u043b\u0435 \u0437\u0430\u0433\u0440\u0443\u0437\u043a\u0438: https://uslugi.yandex.ru/profile/AndrejVladimirovichK-2877544
2024-11-13 02:56:01,885 - INFO - \u042d\u043b\u0435\u043c\u0435\u043d\u0442 'Logo-Link' \u043d\u0430\u0439\u0434\u0435\u043d
2024-11-13 02:56:02,348 - INFO - \u041a\u043d\u043e\u043f\u043a\u0430 '\u0427\u0430\u0442' \u043d\u0430\u0436\u0430\u0442\u0430
2024-11-13 02:56:52,490 - WARNING - \u042d\u043b\u0435\u043c\u0435\u043d\u0442 '\u042f.\u041c\u0435\u0441\u0441\u0435\u043d\u0434\u0436\u0435\u0440' \u043d\u0435 \u043d\u0430\u0439\u0434\u0435\u043d \u043d\u0430 \u0441\u0442\u0440\u0430\u043d\u0438\u0446\u0435 https://uslugi.yandex.ru/profile/AndrejVladimirovichK-2877544. \u041f\u0440\u043e\u0431\u0443\u0435\u043c \u0430\u043b\u044c\u0442\u0435\u0440\u043d\u0430\u0442\u0438\u0432\u043d\u044b\u0439 XPath.
2024-11-13 02:57:12,614 - WARNING - \u042d\u043b\u0435\u043c\u0435\u043d\u0442 '\u042f.\u041c\u0435\u0441\u0441\u0435\u043d\u0434\u0436\u0435\u0440' \u043d\u0435 \u043d\u0430\u0439\u0434\u0435\u043d \u043d\u0430 \u0441\u0442\u0440\u0430\u043d\u0438\u0446\u0435 https://uslugi.yandex.ru/profile/AndrejVladimirovichK-2877544 \u0434\u0430\u0436\u0435 \u0441 \u0430\u043b\u044c\u0442\u0435\u0440\u043d\u0430\u0442\u0438\u0432\u043d\u044b\u043c XPath. \u041f\u0440\u043e\u043f\u0443\u0441\u043a\u0430\u0435\u043c \u044d\u0442\u043e \u0434\u0435\u0439\u0441\u0442\u0432\u0438\u0435.
2024-11-13 02:57:12,618 - INFO - \u041f\u0435\u0440\u0435\u043a\u043b\u044e\u0447\u0438\u043b\u0438\u0441\u044c \u043d\u0430 iframe
2024-11-13 02:57:12,623 - INFO - \u0422\u0435\u043a\u0441\u0442\u043e\u0432\u043e\u0435 \u043f\u043e\u043b\u0435 \u043d\u0430\u0439\u0434\u0435\u043d\u043e \u043d\u0430 https://uslugi.yandex.ru/profile/AndrejVladimirovichK-2877544
2024-11-13 02:57:12,963 - INFO - \u0422\u0435\u043a\u0441\u0442 \u0432\u0432\u0435\u0434\u0435\u043d \u0432 \u043f\u043e\u043b\u0435 \u043d\u0430 https://uslugi.yandex.ru/profile/AndrejVladimirovichK-2877544
2024-11-13 02:57:17,680 - INFO - \u041a\u043d\u043e\u043f\u043a\u0430 \u043e\u0442\u043f\u0440\u0430\u0432\u043a\u0438 \u0441\u043e\u043e\u0431\u0449\u0435\u043d\u0438\u044f \u043d\u0430\u0436\u0430\u0442\u0430 \u043d\u0430 https://uslugi.yandex.ru/profile/AndrejVladimirovichK-2877544
2024-11-13 02:57:22,253 - INFO - \u0421\u043e\u043e\u0431\u0449\u0435\u043d\u0438\u0435 \u043e\u0442\u043f\u0440\u0430\u0432\u043b\u0435\u043d\u043e \u043d\u0430 https://uslugi.yandex.ru/profile/AndrejVladimirovichK-2877544
2024-11-13 02:57:22,504 - INFO - \u041a\u043d\u043e\u043f\u043a\u0430 '\u041d\u0435 \u0441\u0435\u0439\u0447\u0430\u0441' \u043d\u0430\u0436\u0430\u0442\u0430 \u043d\u0430 https://uslugi.yandex.ru/profile/AndrejVladimirovichK-2877544
2024-11-13 02:57:24,866 - INFO - \u041f\u0440\u043e\u0446\u0435\u0441\u0441 \u0437\u0430\u0432\u0435\u0440\u0448\u0435\u043d
2024-11-13 03:06:25,442 - INFO - \u0417\u0430\u043f\u0443\u0441\u043a \u043f\u0440\u043e\u0446\u0435\u0441\u0441\u0430 \u0441 1 \u043f\u043e\u0442\u043e\u043a\u0430\u043c\u0438
2024-11-13 03:06:25,443 - INFO - \u0417\u0430\u0433\u0440\u0443\u0436\u0435\u043d\u043e 1 URL, 61 \u0441\u043e\u043e\u0431\u0449\u0435\u043d\u0438\u0439 \u0438 2 \u043f\u0440\u043e\u043a\u0441\u0438
2024-11-13 03:06:29,802 - INFO - \u041f\u043e\u043f\u044b\u0442\u043a\u0430 \u0437\u0430\u0433\u0440\u0443\u0437\u043a\u0438 \u0441\u0442\u0440\u0430\u043d\u0438\u0446\u044b: https://uslugi.yandex.ru/profile/AndrejVladimirovichK-2877544
2024-11-13 03:06:30,474 - INFO - \u0422\u0435\u043a\u0443\u0449\u0438\u0439 URL \u043f\u043e\u0441\u043b\u0435 \u0437\u0430\u0433\u0440\u0443\u0437\u043a\u0438: https://uslugi.yandex.ru/profile/AndrejVladimirovichK-2877544
2024-11-13 03:06:30,640 - INFO - \u042d\u043b\u0435\u043c\u0435\u043d\u0442 'Logo-Link' \u043d\u0430\u0439\u0434\u0435\u043d
2024-11-13 03:06:31,088 - INFO - \u041a\u043d\u043e\u043f\u043a\u0430 '\u0427\u0430\u0442' \u043d\u0430\u0436\u0430\u0442\u0430
2024-11-13 03:07:21,214 - WARNING - \u042d\u043b\u0435\u043c\u0435\u043d\u0442 '\u042f.\u041c\u0435\u0441\u0441\u0435\u043d\u0434\u0436\u0435\u0440' \u043d\u0435 \u043d\u0430\u0439\u0434\u0435\u043d \u043d\u0430 \u0441\u0442\u0440\u0430\u043d\u0438\u0446\u0435 https://uslugi.yandex.ru/profile/AndrejVladimirovichK-2877544. \u041f\u0440\u043e\u0431\u0443\u0435\u043c \u0430\u043b\u044c\u0442\u0435\u0440\u043d\u0430\u0442\u0438\u0432\u043d\u044b\u0439 XPath.
2024-11-13 03:07:41,330 - WARNING - \u042d\u043b\u0435\u043c\u0435\u043d\u0442 '\u042f.\u041c\u0435\u0441\u0441\u0435\u043d\u0434\u0436\u0435\u0440' \u043d\u0435 \u043d\u0430\u0439\u0434\u0435\u043d \u043d\u0430 \u0441\u0442\u0440\u0430\u043d\u0438\u0446\u0435 https://uslugi.yandex.ru/profile/AndrejVladimirovichK-2877544 \u0434\u0430\u0436\u0435 \u0441 \u0430\u043b\u044c\u0442\u0435\u0440\u043d\u0430\u0442\u0438\u0432\u043d\u044b\u043c XPath. \u041f\u0440\u043e\u043f\u0443\u0441\u043a\u0430\u0435\u043c \u044d\u0442\u043e \u0434\u0435\u0439\u0441\u0442\u0432\u0438\u0435.
2024-11-13 03:07:41,335 - INFO - \u041f\u0435\u0440\u0435\u043a\u043b\u044e\u0447\u0438\u043b\u0438\u0441\u044c \u043d\u0430 iframe
2024-11-13 03:07:41,340 - INFO - \u0422\u0435\u043a\u0441\u0442\u043e\u0432\u043e\u0435 \u043f\u043e\u043b\u0435 \u043d\u0430\u0439\u0434\u0435\u043d\u043e \u043d\u0430 https://uslugi.yandex.ru/profile/AndrejVladimirovichK-2877544
2024-11-13 03:07:41,708 - INFO - \u0422\u0435\u043a\u0441\u0442 \u0432\u0432\u0435\u0434\u0435\u043d \u0432 \u043f\u043e\u043b\u0435 \u043d\u0430 https://uslugi.yandex.ru/profile/AndrejVladimirovichK-2877544
2024-11-13 03:07:48,851 - INFO - \u041a\u043d\u043e\u043f\u043a\u0430 \u043e\u0442\u043f\u0440\u0430\u0432\u043a\u0438 \u0441\u043e\u043e\u0431\u0449\u0435\u043d\u0438\u044f \u043d\u0430\u0436\u0430\u0442\u0430 \u043d\u0430 https://uslugi.yandex.ru/profile/AndrejVladimirovichK-2877544
2024-11-13 03:07:55,012 - INFO - \u0421\u043e\u043e\u0431\u0449\u0435\u043d\u0438\u0435 \u043e\u0442\u043f\u0440\u0430\u0432\u043b\u0435\u043d\u043e \u043d\u0430 https://uslugi.yandex.ru/profile/AndrejVladimirovichK-2877544
2024-11-13 03:07:55,248 - INFO - \u041a\u043d\u043e\u043f\u043a\u0430 '\u041d\u0435 \u0441\u0435\u0439\u0447\u0430\u0441' \u043d\u0430\u0436\u0430\u0442\u0430 \u043d\u0430 https://uslugi.yandex.ru/profile/AndrejVladimirovichK-2877544
2024-11-13 03:08:00,733 - ERROR - \u041e\u0448\u0438\u0431\u043a\u0430 WebDriver \u043f\u0440\u0438 \u0437\u0430\u0433\u0440\u0443\u0437\u043a\u0435 https://uslugi.yandex.ru/profile/AndrejVladimirovichK-2877544: Message: Element <div class="ui-icon-button ui-icon-button_disabled ui-icon-button_design_submit yamb-compose-button yamb-compose-button_size_s yamb-compose-submit-button yamb-compose-submit-button_type_button yamb-compose-submit-button_disabled"> is not clickable at point (332,592) because another element <div class="ui-gap ui-gap_left_xs"> obscures it
Stacktrace:
RemoteError@chrome://remote/content/shared/RemoteError.sys.mjs:8:8
WebDriverError@chrome://remote/content/shared/webdriver/Errors.sys.mjs:193:5
ElementClickInterceptedError@chrome://remote/content/shared/webdriver/Errors.sys.mjs:337:5
webdriverClickElement@chrome://remote/content/marionette/interaction.sys.mjs:177:11
interaction.clickElement@chrome://remote/content/marionette/interaction.sys.mjs:136:11
clickElement@chrome://remote/content/marionette/actors/MarionetteCommandsChild.sys.mjs:205:29
receiveMessage@chrome://remote/content/marionette/actors/MarionetteCommandsChild.sys.mjs:85:31

2024-11-13 03:08:00,734 - INFO - \u041f\u043e\u043f\u044b\u0442\u043a\u0430 \u0437\u0430\u0433\u0440\u0443\u0437\u043a\u0438 \u0441\u0442\u0440\u0430\u043d\u0438\u0446\u044b: https://uslugi.yandex.ru/profile/AndrejVladimirovichK-2877544
2024-11-13 03:08:01,155 - INFO - \u0422\u0435\u043a\u0443\u0449\u0438\u0439 URL \u043f\u043e\u0441\u043b\u0435 \u0437\u0430\u0433\u0440\u0443\u0437\u043a\u0438: https://uslugi.yandex.ru/profile/AndrejVladimirovichK-2877544
2024-11-13 03:08:01,302 - INFO - \u042d\u043b\u0435\u043c\u0435\u043d\u0442 'Logo-Link' \u043d\u0430\u0439\u0434\u0435\u043d
2024-11-13 03:08:01,750 - INFO - \u041a\u043d\u043e\u043f\u043a\u0430 '\u0427\u0430\u0442' \u043d\u0430\u0436\u0430\u0442\u0430
2024-11-13 03:08:51,871 - WARNING - \u042d\u043b\u0435\u043c\u0435\u043d\u0442 '\u042f.\u041c\u0435\u0441\u0441\u0435\u043d\u0434\u0436\u0435\u0440' \u043d\u0435 \u043d\u0430\u0439\u0434\u0435\u043d \u043d\u0430 \u0441\u0442\u0440\u0430\u043d\u0438\u0446\u0435 https://uslugi.yandex.ru/profile/AndrejVladimirovichK-2877544. \u041f\u0440\u043e\u0431\u0443\u0435\u043c \u0430\u043b\u044c\u0442\u0435\u0440\u043d\u0430\u0442\u0438\u0432\u043d\u044b\u0439 XPath.
2024-11-13 03:09:11,984 - WARNING - \u042d\u043b\u0435\u043c\u0435\u043d\u0442 '\u042f.\u041c\u0435\u0441\u0441\u0435\u043d\u0434\u0436\u0435\u0440' \u043d\u0435 \u043d\u0430\u0439\u0434\u0435\u043d \u043d\u0430 \u0441\u0442\u0440\u0430\u043d\u0438\u0446\u0435 https://uslugi.yandex.ru/profile/AndrejVladimirovichK-2877544 \u0434\u0430\u0436\u0435 \u0441 \u0430\u043b\u044c\u0442\u0435\u0440\u043d\u0430\u0442\u0438\u0432\u043d\u044b\u043c XPath. \u041f\u0440\u043e\u043f\u0443\u0441\u043a\u0430\u0435\u043c \u044d\u0442\u043e \u0434\u0435\u0439\u0441\u0442\u0432\u0438\u0435.
2024-11-13 03:09:11,989 - INFO - \u041f\u0435\u0440\u0435\u043a\u043b\u044e\u0447\u0438\u043b\u0438\u0441\u044c \u043d\u0430 iframe
2024-11-13 03:09:11,994 - INFO - \u0422\u0435\u043a\u0441\u0442\u043e\u0432\u043e\u0435 \u043f\u043e\u043b\u0435 \u043d\u0430\u0439\u0434\u0435\u043d\u043e \u043d\u0430 https://uslugi.yandex.ru/profile/AndrejVladimirovichK-2877544
2024-11-13 03:09:12,295 - INFO - \u0422\u0435\u043a\u0441\u0442 \u0432\u0432\u0435\u0434\u0435\u043d \u0432 \u043f\u043e\u043b\u0435 \u043d\u0430 https://uslugi.yandex.ru/profile/AndrejVladimirovichK-2877544
2024-11-13 03:09:19,518 - INFO - \u041a\u043d\u043e\u043f\u043a\u0430 \u043e\u0442\u043f\u0440\u0430\u0432\u043a\u0438 \u0441\u043e\u043e\u0431\u0449\u0435\u043d\u0438\u044f \u043d\u0430\u0436\u0430\u0442\u0430 \u043d\u0430 https://uslugi.yandex.ru/profile/AndrejVladimirovichK-2877544
2024-11-13 03:09:23,832 - INFO - \u0421\u043e\u043e\u0431\u0449\u0435\u043d\u0438\u0435 \u043e\u0442\u043f\u0440\u0430\u0432\u043b\u0435\u043d\u043e \u043d\u0430 https://uslugi.yandex.ru/profile/AndrejVladimirovichK-2877544
2024-11-13 03:09:24,071 - INFO - \u041a\u043d\u043e\u043f\u043a\u0430 '\u041d\u0435 \u0441\u0435\u0439\u0447\u0430\u0441' \u043d\u0430\u0436\u0430\u0442\u0430 \u043d\u0430 https://uslugi.yandex.ru/profile/AndrejVladimirovichK-2877544
2024-11-13 03:09:30,404 - ERROR - \u041e\u0448\u0438\u0431\u043a\u0430 WebDriver \u043f\u0440\u0438 \u0437\u0430\u0433\u0440\u0443\u0437\u043a\u0435 https://uslugi.yandex.ru/profile/AndrejVladimirovichK-2877544: Message: Element <div class="ui-icon-button ui-icon-button_disabled ui-icon-button_design_submit yamb-compose-button yamb-compose-button_size_s yamb-compose-submit-button yamb-compose-submit-button_type_button yamb-compose-submit-button_disabled"> is not clickable at point (332,592) because another element <div class="ui-gap ui-gap_left_xs"> obscures it
Stacktrace:
RemoteError@chrome://remote/content/shared/RemoteError.sys.mjs:8:8
WebDriverError@chrome://remote/content/shared/webdriver/Errors.sys.mjs:193:5
ElementClickInterceptedError@chrome://remote/content/shared/webdriver/Errors.sys.mjs:337:5
webdriverClickElement@chrome://remote/content/marionette/interaction.sys.mjs:177:11
interaction.clickElement@chrome://remote/content/marionette/interaction.sys.mjs:136:11
clickElement@chrome://remote/content/marionette/actors/MarionetteCommandsChild.sys.mjs:205:29
receiveMessage@chrome://remote/content/marionette/actors/MarionetteCommandsChild.sys.mjs:85:31

2024-11-13 03:09:32,768 - INFO - \u041f\u0440\u043e\u0446\u0435\u0441\u0441 \u0437\u0430\u0432\u0435\u0440\u0448\u0435\u043d
2024-11-13 03:27:12,818 - INFO - \u0417\u0430\u043f\u0443\u0441\u043a \u043f\u0440\u043e\u0446\u0435\u0441\u0441\u0430 \u0441 1 \u043f\u043e\u0442\u043e\u043a\u0430\u043c\u0438
2024-11-13 03:29:20,346 - INFO - \u0417\u0430\u043f\u0443\u0441\u043a \u043f\u0440\u043e\u0446\u0435\u0441\u0441\u0430 \u0441 1 \u043f\u043e\u0442\u043e\u043a\u0430\u043c\u0438
2024-11-13 03:29:20,347 - INFO - \u0417\u0430\u0433\u0440\u0443\u0436\u0435\u043d\u043e 1 URL, 61 \u0441\u043e\u043e\u0431\u0449\u0435\u043d\u0438\u0439 \u0438 2 \u043f\u0440\u043e\u043a\u0441\u0438
2024-11-13 03:29:24,715 - INFO - \u041f\u043e\u043f\u044b\u0442\u043a\u0430 \u0437\u0430\u0433\u0440\u0443\u0437\u043a\u0438 \u0441\u0442\u0440\u0430\u043d\u0438\u0446\u044b: https://uslugi.yandex.ru/profile/AndrejVladimirovichK-2877544
2024-11-13 03:29:25,324 - INFO - \u0422\u0435\u043a\u0443\u0449\u0438\u0439 URL \u043f\u043e\u0441\u043b\u0435 \u0437\u0430\u0433\u0440\u0443\u0437\u043a\u0438: https://uslugi.yandex.ru/profile/AndrejVladimirovichK-2877544
2024-11-13 03:29:25,491 - INFO - \u042d\u043b\u0435\u043c\u0435\u043d\u0442 'Logo-Link' \u043d\u0430\u0439\u0434\u0435\u043d
2024-11-13 03:29:25,972 - INFO - \u041a\u043d\u043e\u043f\u043a\u0430 '\u0427\u0430\u0442' \u043d\u0430\u0436\u0430\u0442\u0430
2024-11-13 03:30:16,097 - WARNING - \u042d\u043b\u0435\u043c\u0435\u043d\u0442 '\u042f.\u041c\u0435\u0441\u0441\u0435\u043d\u0434\u0436\u0435\u0440' \u043d\u0435 \u043d\u0430\u0439\u0434\u0435\u043d \u043d\u0430 \u0441\u0442\u0440\u0430\u043d\u0438\u0446\u0435 https://uslugi.yandex.ru/profile/AndrejVladimirovichK-2877544. \u041f\u0440\u043e\u0431\u0443\u0435\u043c \u0430\u043b\u044c\u0442\u0435\u0440\u043d\u0430\u0442\u0438\u0432\u043d\u044b\u0439 XPath.
2024-11-13 03:30:36,214 - WARNING - \u042d\u043b\u0435\u043c\u0435\u043d\u0442 '\u042f.\u041c\u0435\u0441\u0441\u0435\u043d\u0434\u0436\u0435\u0440' \u043d\u0435 \u043d\u0430\u0439\u0434\u0435\u043d \u043d\u0430 \u0441\u0442\u0440\u0430\u043d\u0438\u0446\u0435 https://uslugi.yandex.ru/profile/AndrejVladimirovichK-2877544 \u0434\u0430\u0436\u0435 \u0441 \u0430\u043b\u044c\u0442\u0435\u0440\u043d\u0430\u0442\u0438\u0432\u043d\u044b\u043c XPath. \u041f\u0440\u043e\u043f\u0443\u0441\u043a\u0430\u0435\u043c \u044d\u0442\u043e \u0434\u0435\u0439\u0441\u0442\u0432\u0438\u0435.
2024-11-13 03:30:36,220 - INFO - \u041f\u0435\u0440\u0435\u043a\u043b\u044e\u0447\u0438\u043b\u0438\u0441\u044c \u043d\u0430 iframe
2024-11-13 03:30:36,225 - INFO - \u0422\u0435\u043a\u0441\u0442\u043e\u0432\u043e\u0435 \u043f\u043e\u043b\u0435 \u043d\u0430\u0439\u0434\u0435\u043d\u043e \u043d\u0430 https://uslugi.yandex.ru/profile/AndrejVladimirovichK-2877544
2024-11-13 03:30:36,562 - INFO - \u0422\u0435\u043a\u0441\u0442 \u0432\u0432\u0435\u0434\u0435\u043d \u0432 \u043f\u043e\u043b\u0435 \u043d\u0430 https://uslugi.yandex.ru/profile/AndrejVladimirovichK-2877544
2024-11-13 03:30:43,525 - INFO - \u041a\u043d\u043e\u043f\u043a\u0430 \u043e\u0442\u043f\u0440\u0430\u0432\u043a\u0438 \u0441\u043e\u043e\u0431\u0449\u0435\u043d\u0438\u044f \u043d\u0430\u0436\u0430\u0442\u0430 \u043d\u0430 https://uslugi.yandex.ru/profile/AndrejVladimirovichK-2877544
2024-11-13 03:30:47,794 - INFO - \u0421\u043e\u043e\u0431\u0449\u0435\u043d\u0438\u0435 \u043e\u0442\u043f\u0440\u0430\u0432\u043b\u0435\u043d\u043e \u043d\u0430 https://uslugi.yandex.ru/profile/AndrejVladimirovichK-2877544
2024-11-13 03:30:48,032 - INFO - \u041a\u043d\u043e\u043f\u043a\u0430 '\u041d\u0435 \u0441\u0435\u0439\u0447\u0430\u0441' \u043d\u0430\u0436\u0430\u0442\u0430 \u043d\u0430 https://uslugi.yandex.ru/profile/AndrejVladimirovichK-2877544
2024-11-13 03:30:54,219 - ERROR - \u041e\u0448\u0438\u0431\u043a\u0430 WebDriver \u043f\u0440\u0438 \u0437\u0430\u0433\u0440\u0443\u0437\u043a\u0435 https://uslugi.yandex.ru/profile/AndrejVladimirovichK-2877544: Message: Element <div class="ui-icon-button ui-icon-button_disabled ui-icon-button_design_submit yamb-compose-button yamb-compose-button_size_s yamb-compose-submit-button yamb-compose-submit-button_type_button yamb-compose-submit-button_disabled"> is not clickable at point (332,592) because another element <div class="ui-gap ui-gap_left_xs"> obscures it
Stacktrace:
RemoteError@chrome://remote/content/shared/RemoteError.sys.mjs:8:8
WebDriverError@chrome://remote/content/shared/webdriver/Errors.sys.mjs:193:5
ElementClickInterceptedError@chrome://remote/content/shared/webdriver/Errors.sys.mjs:337:5
webdriverClickElement@chrome://remote/content/marionette/interaction.sys.mjs:177:11
interaction.clickElement@chrome://remote/content/marionette/interaction.sys.mjs:136:11
clickElement@chrome://remote/content/marionette/actors/MarionetteCommandsChild.sys.mjs:205:29
receiveMessage@chrome://remote/content/marionette/actors/MarionetteCommandsChild.sys.mjs:85:31

2024-11-13 03:30:54,219 - INFO - \u0421\u043f\u0438\u0441\u043e\u043a URL \u043f\u0443\u0441\u0442. \u041e\u0436\u0438\u0434\u0430\u0435\u043c \u0434\u043e\u0431\u0430\u0432\u043b\u0435\u043d\u0438\u044f \u043d\u043e\u0432\u044b\u0445 URL.
2024-11-13 03:31:54,222 - INFO - \u0421\u043f\u0438\u0441\u043e\u043a URL \u043f\u0443\u0441\u0442. \u041e\u0436\u0438\u0434\u0430\u0435\u043c \u0434\u043e\u0431\u0430\u0432\u043b\u0435\u043d\u0438\u044f \u043d\u043e\u0432\u044b\u0445 URL.
2024-11-13 03:32:56,581 - INFO - \u041f\u0440\u043e\u0446\u0435\u0441\u0441 \u0437\u0430\u0432\u0435\u0440\u0448\u0435\u043d
2024-11-13 03:33:39,172 - INFO - \u0417\u0430\u043f\u0443\u0441\u043a \u043f\u0440\u043e\u0446\u0435\u0441\u0441\u0430 \u0441 1 \u043f\u043e\u0442\u043e\u043a\u0430\u043c\u0438
2024-11-13 03:33:39,172 - INFO - \u0417\u0430\u0433\u0440\u0443\u0436\u0435\u043d\u043e 1 URL, 61 \u0441\u043e\u043e\u0431\u0449\u0435\u043d\u0438\u0439 \u0438 2 \u043f\u0440\u043e\u043a\u0441\u0438
2024-11-13 03:33:43,628 - INFO - \u041f\u043e\u043f\u044b\u0442\u043a\u0430 \u0437\u0430\u0433\u0440\u0443\u0437\u043a\u0438 \u0441\u0442\u0440\u0430\u043d\u0438\u0446\u044b: https://uslugi.yandex.ru/profile/AleksandrKolosov-2646155?from=napanel&isPromotion=1&occupationId=%2Fremont-i-ustanovka-tehniki&specId=%2Fremont-i-ustanovka-tehniki%2Fstiral_nye-masiny
2024-11-13 03:33:44,275 - INFO - \u0422\u0435\u043a\u0443\u0449\u0438\u0439 URL \u043f\u043e\u0441\u043b\u0435 \u0437\u0430\u0433\u0440\u0443\u0437\u043a\u0438: https://uslugi.yandex.ru/profile/AleksandrKolosov-2646155?from=napanel&isPromotion=1&occupationId=%2Fremont-i-ustanovka-tehniki&specId=%2Fremont-i-ustanovka-tehniki%2Fstiral_nye-masiny
2024-11-13 03:33:44,414 - INFO - \u042d\u043b\u0435\u043c\u0435\u043d\u0442 'Logo-Link' \u043d\u0430\u0439\u0434\u0435\u043d
2024-11-13 03:33:44,880 - INFO - \u041a\u043d\u043e\u043f\u043a\u0430 '\u0427\u0430\u0442' \u043d\u0430\u0436\u0430\u0442\u0430
2024-11-13 03:34:35,000 - WARNING - \u042d\u043b\u0435\u043c\u0435\u043d\u0442 '\u042f.\u041c\u0435\u0441\u0441\u0435\u043d\u0434\u0436\u0435\u0440' \u043d\u0435 \u043d\u0430\u0439\u0434\u0435\u043d \u043d\u0430 \u0441\u0442\u0440\u0430\u043d\u0438\u0446\u0435 https://uslugi.yandex.ru/profile/AleksandrKolosov-2646155?from=napanel&isPromotion=1&occupationId=%2Fremont-i-ustanovka-tehniki&specId=%2Fremont-i-ustanovka-tehniki%2Fstiral_nye-masiny. \u041f\u0440\u043e\u0431\u0443\u0435\u043c \u0430\u043b\u044c\u0442\u0435\u0440\u043d\u0430\u0442\u0438\u0432\u043d\u044b\u0439 XPath.
2024-11-13 03:34:55,116 - WARNING - \u042d\u043b\u0435\u043c\u0435\u043d\u0442 '\u042f.\u041c\u0435\u0441\u0441\u0435\u043d\u0434\u0436\u0435\u0440' \u043d\u0435 \u043d\u0430\u0439\u0434\u0435\u043d \u043d\u0430 \u0441\u0442\u0440\u0430\u043d\u0438\u0446\u0435 https://uslugi.yandex.ru/profile/AleksandrKolosov-2646155?from=napanel&isPromotion=1&occupationId=%2Fremont-i-ustanovka-tehniki&specId=%2Fremont-i-ustanovka-tehniki%2Fstiral_nye-masiny \u0434\u0430\u0436\u0435 \u0441 \u0430\u043b\u044c\u0442\u0435\u0440\u043d\u0430\u0442\u0438\u0432\u043d\u044b\u043c XPath. \u041f\u0440\u043e\u043f\u0443\u0441\u043a\u0430\u0435\u043c \u044d\u0442\u043e \u0434\u0435\u0439\u0441\u0442\u0432\u0438\u0435.
2024-11-13 03:34:55,121 - INFO - \u041f\u0435\u0440\u0435\u043a\u043b\u044e\u0447\u0438\u043b\u0438\u0441\u044c \u043d\u0430 iframe
2024-11-13 03:34:55,124 - INFO - \u0422\u0435\u043a\u0441\u0442\u043e\u0432\u043e\u0435 \u043f\u043e\u043b\u0435 \u043d\u0430\u0439\u0434\u0435\u043d\u043e \u043d\u0430 https://uslugi.yandex.ru/profile/AleksandrKolosov-2646155?from=napanel&isPromotion=1&occupationId=%2Fremont-i-ustanovka-tehniki&specId=%2Fremont-i-ustanovka-tehniki%2Fstiral_nye-masiny
2024-11-13 03:34:55,477 - INFO - \u0422\u0435\u043a\u0441\u0442 \u0432\u0432\u0435\u0434\u0435\u043d \u0432 \u043f\u043e\u043b\u0435 \u043d\u0430 https://uslugi.yandex.ru/profile/AleksandrKolosov-2646155?from=napanel&isPromotion=1&occupationId=%2Fremont-i-ustanovka-tehniki&specId=%2Fremont-i-ustanovka-tehniki%2Fstiral_nye-masiny
2024-11-13 03:35:02,361 - INFO - \u041a\u043d\u043e\u043f\u043a\u0430 \u043e\u0442\u043f\u0440\u0430\u0432\u043a\u0438 \u0441\u043e\u043e\u0431\u0449\u0435\u043d\u0438\u044f \u043d\u0430\u0436\u0430\u0442\u0430 \u043d\u0430 https://uslugi.yandex.ru/profile/AleksandrKolosov-2646155?from=napanel&isPromotion=1&occupationId=%2Fremont-i-ustanovka-tehniki&specId=%2Fremont-i-ustanovka-tehniki%2Fstiral_nye-masiny
2024-11-13 03:35:08,465 - INFO - \u0421\u043e\u043e\u0431\u0449\u0435\u043d\u0438\u0435 \u043e\u0442\u043f\u0440\u0430\u0432\u043b\u0435\u043d\u043e \u043d\u0430 https://uslugi.yandex.ru/profile/AleksandrKolosov-2646155?from=napanel&isPromotion=1&occupationId=%2Fremont-i-ustanovka-tehniki&specId=%2Fremont-i-ustanovka-tehniki%2Fstiral_nye-masiny
2024-11-13 03:35:08,699 - INFO - \u041a\u043d\u043e\u043f\u043a\u0430 '\u041d\u0435 \u0441\u0435\u0439\u0447\u0430\u0441' \u043d\u0430\u0436\u0430\u0442\u0430 \u043d\u0430 https://uslugi.yandex.ru/profile/AleksandrKolosov-2646155?from=napanel&isPromotion=1&occupationId=%2Fremont-i-ustanovka-tehniki&specId=%2Fremont-i-ustanovka-tehniki%2Fstiral_nye-masiny
2024-11-13 03:35:13,407 - ERROR - \u041e\u0448\u0438\u0431\u043a\u0430 WebDriver \u043f\u0440\u0438 \u0437\u0430\u0433\u0440\u0443\u0437\u043a\u0435 https://uslugi.yandex.ru/profile/AleksandrKolosov-2646155?from=napanel&isPromotion=1&occupationId=%2Fremont-i-ustanovka-tehniki&specId=%2Fremont-i-ustanovka-tehniki%2Fstiral_nye-masiny: Message: Element <div class="ui-icon-button ui-icon-button_disabled ui-icon-button_design_submit yamb-compose-button yamb-compose-button_size_s yamb-compose-submit-button yamb-compose-submit-button_type_button yamb-compose-submit-button_disabled"> is not clickable at point (332,592) because another element <div class="ui-gap ui-gap_left_xs"> obscures it
Stacktrace:
RemoteError@chrome://remote/content/shared/RemoteError.sys.mjs:8:8
WebDriverError@chrome://remote/content/shared/webdriver/Errors.sys.mjs:193:5
ElementClickInterceptedError@chrome://remote/content/shared/webdriver/Errors.sys.mjs:337:5
webdriverClickElement@chrome://remote/content/marionette/interaction.sys.mjs:177:11
interaction.clickElement@chrome://remote/content/marionette/interaction.sys.mjs:136:11
clickElement@chrome://remote/content/marionette/actors/MarionetteCommandsChild.sys.mjs:205:29
receiveMessage@chrome://remote/content/marionette/actors/MarionetteCommandsChild.sys.mjs:85:31

2024-11-13 03:35:13,408 - INFO - \u0421\u043f\u0438\u0441\u043e\u043a URL \u043f\u0443\u0441\u0442. \u041e\u0436\u0438\u0434\u0430\u0435\u043c \u0434\u043e\u0431\u0430\u0432\u043b\u0435\u043d\u0438\u044f \u043d\u043e\u0432\u044b\u0445 URL.
2024-11-13 03:36:13,410 - INFO - \u0421\u043f\u0438\u0441\u043e\u043a URL \u043f\u0443\u0441\u0442. \u041e\u0436\u0438\u0434\u0430\u0435\u043c \u0434\u043e\u0431\u0430\u0432\u043b\u0435\u043d\u0438\u044f \u043d\u043e\u0432\u044b\u0445 URL.
2024-11-13 03:37:15,774 - INFO - \u041f\u0440\u043e\u0446\u0435\u0441\u0441 \u0437\u0430\u0432\u0435\u0440\u0448\u0435\u043d
2024-11-13 03:37:54,333 - INFO - \u0417\u0430\u043f\u0443\u0441\u043a \u043f\u0440\u043e\u0446\u0435\u0441\u0441\u0430 \u0441 1 \u043f\u043e\u0442\u043e\u043a\u0430\u043c\u0438
2024-11-13 03:37:54,333 - INFO - \u0417\u0430\u0433\u0440\u0443\u0436\u0435\u043d\u043e 1 URL, 61 \u0441\u043e\u043e\u0431\u0449\u0435\u043d\u0438\u0439 \u0438 2 \u043f\u0440\u043e\u043a\u0441\u0438
2024-11-13 03:37:58,726 - INFO - \u041f\u043e\u043f\u044b\u0442\u043a\u0430 \u0437\u0430\u0433\u0440\u0443\u0437\u043a\u0438 \u0441\u0442\u0440\u0430\u043d\u0438\u0446\u044b: https://uslugi.yandex.ru/profile/IsaevVladimir-2722210?from=napanel&isPromotion=1&occupationId=%2Fremont-i-ustanovka-tehniki&specId=%2Fremont-i-ustanovka-tehniki%2Fstiral_nye-masiny
2024-11-13 03:37:59,374 - INFO - \u0422\u0435\u043a\u0443\u0449\u0438\u0439 URL \u043f\u043e\u0441\u043b\u0435 \u0437\u0430\u0433\u0440\u0443\u0437\u043a\u0438: https://uslugi.yandex.ru/profile/IsaevVladimir-2722210?from=napanel&isPromotion=1&occupationId=%2Fremont-i-ustanovka-tehniki&specId=%2Fremont-i-ustanovka-tehniki%2Fstiral_nye-masiny
2024-11-13 03:37:59,517 - INFO - \u042d\u043b\u0435\u043c\u0435\u043d\u0442 'Logo-Link' \u043d\u0430\u0439\u0434\u0435\u043d
2024-11-13 03:37:59,992 - INFO - \u041a\u043d\u043e\u043f\u043a\u0430 '\u0427\u0430\u0442' \u043d\u0430\u0436\u0430\u0442\u0430
2024-11-13 03:38:50,115 - WARNING - \u042d\u043b\u0435\u043c\u0435\u043d\u0442 '\u042f.\u041c\u0435\u0441\u0441\u0435\u043d\u0434\u0436\u0435\u0440' \u043d\u0435 \u043d\u0430\u0439\u0434\u0435\u043d \u043d\u0430 \u0441\u0442\u0440\u0430\u043d\u0438\u0446\u0435 https://uslugi.yandex.ru/profile/IsaevVladimir-2722210?from=napanel&isPromotion=1&occupationId=%2Fremont-i-ustanovka-tehniki&specId=%2Fremont-i-ustanovka-tehniki%2Fstiral_nye-masiny. \u041f\u0440\u043e\u0431\u0443\u0435\u043c \u0430\u043b\u044c\u0442\u0435\u0440\u043d\u0430\u0442\u0438\u0432\u043d\u044b\u0439 XPath.
2024-11-13 03:39:10,232 - WARNING - \u042d\u043b\u0435\u043c\u0435\u043d\u0442 '\u042f.\u041c\u0435\u0441\u0441\u0435\u043d\u0434\u0436\u0435\u0440' \u043d\u0435 \u043d\u0430\u0439\u0434\u0435\u043d \u043d\u0430 \u0441\u0442\u0440\u0430\u043d\u0438\u0446\u0435 https://uslugi.yandex.ru/profile/IsaevVladimir-2722210?from=napanel&isPromotion=1&occupationId=%2Fremont-i-ustanovka-tehniki&specId=%2Fremont-i-ustanovka-tehniki%2Fstiral_nye-masiny \u0434\u0430\u0436\u0435 \u0441 \u0430\u043b\u044c\u0442\u0435\u0440\u043d\u0430\u0442\u0438\u0432\u043d\u044b\u043c XPath. \u041f\u0440\u043e\u043f\u0443\u0441\u043a\u0430\u0435\u043c \u044d\u0442\u043e \u0434\u0435\u0439\u0441\u0442\u0432\u0438\u0435.
2024-11-13 03:39:10,237 - INFO - \u041f\u0435\u0440\u0435\u043a\u043b\u044e\u0447\u0438\u043b\u0438\u0441\u044c \u043d\u0430 iframe
2024-11-13 03:39:10,241 - INFO - \u0422\u0435\u043a\u0441\u0442\u043e\u0432\u043e\u0435 \u043f\u043e\u043b\u0435 \u043d\u0430\u0439\u0434\u0435\u043d\u043e \u043d\u0430 https://uslugi.yandex.ru/profile/IsaevVladimir-2722210?from=napanel&isPromotion=1&occupationId=%2Fremont-i-ustanovka-tehniki&specId=%2Fremont-i-ustanovka-tehniki%2Fstiral_nye-masiny
2024-11-13 03:39:10,598 - INFO - \u0422\u0435\u043a\u0441\u0442 \u0432\u0432\u0435\u0434\u0435\u043d \u0432 \u043f\u043e\u043b\u0435 \u043d\u0430 https://uslugi.yandex.ru/profile/IsaevVladimir-2722210?from=napanel&isPromotion=1&occupationId=%2Fremont-i-ustanovka-tehniki&specId=%2Fremont-i-ustanovka-tehniki%2Fstiral_nye-masiny
2024-11-13 03:39:16,856 - INFO - \u041a\u043d\u043e\u043f\u043a\u0430 \u043e\u0442\u043f\u0440\u0430\u0432\u043a\u0438 \u0441\u043e\u043e\u0431\u0449\u0435\u043d\u0438\u044f \u043d\u0430\u0436\u0430\u0442\u0430 \u043d\u0430 https://uslugi.yandex.ru/profile/IsaevVladimir-2722210?from=napanel&isPromotion=1&occupationId=%2Fremont-i-ustanovka-tehniki&specId=%2Fremont-i-ustanovka-tehniki%2Fstiral_nye-masiny
2024-11-13 03:39:21,261 - INFO - \u0421\u043e\u043e\u0431\u0449\u0435\u043d\u0438\u0435 \u043e\u0442\u043f\u0440\u0430\u0432\u043b\u0435\u043d\u043e \u043d\u0430 https://uslugi.yandex.ru/profile/IsaevVladimir-2722210?from=napanel&isPromotion=1&occupationId=%2Fremont-i-ustanovka-tehniki&specId=%2Fremont-i-ustanovka-tehniki%2Fstiral_nye-masiny
2024-11-13 03:39:21,496 - INFO - \u041a\u043d\u043e\u043f\u043a\u0430 '\u041d\u0435 \u0441\u0435\u0439\u0447\u0430\u0441' \u043d\u0430\u0436\u0430\u0442\u0430 \u043d\u0430 https://uslugi.yandex.ru/profile/IsaevVladimir-2722210?from=napanel&isPromotion=1&occupationId=%2Fremont-i-ustanovka-tehniki&specId=%2Fremont-i-ustanovka-tehniki%2Fstiral_nye-masiny
2024-11-13 03:39:26,326 - ERROR - \u041e\u0448\u0438\u0431\u043a\u0430 WebDriver \u043f\u0440\u0438 \u0437\u0430\u0433\u0440\u0443\u0437\u043a\u0435 https://uslugi.yandex.ru/profile/IsaevVladimir-2722210?from=napanel&isPromotion=1&occupationId=%2Fremont-i-ustanovka-tehniki&specId=%2Fremont-i-ustanovka-tehniki%2Fstiral_nye-masiny: Message: Element <div class="ui-icon-button ui-icon-button_disabled ui-icon-button_design_submit yamb-compose-button yamb-compose-button_size_s yamb-compose-submit-button yamb-compose-submit-button_type_button yamb-compose-submit-button_disabled"> is not clickable at point (332,592) because another element <div class="ui-gap ui-gap_left_xs"> obscures it
Stacktrace:
RemoteError@chrome://remote/content/shared/RemoteError.sys.mjs:8:8
WebDriverError@chrome://remote/content/shared/webdriver/Errors.sys.mjs:193:5
ElementClickInterceptedError@chrome://remote/content/shared/webdriver/Errors.sys.mjs:337:5
webdriverClickElement@chrome://remote/content/marionette/interaction.sys.mjs:177:11
interaction.clickElement@chrome://remote/content/marionette/interaction.sys.mjs:136:11
clickElement@chrome://remote/content/marionette/actors/MarionetteCommandsChild.sys.mjs:205:29
receiveMessage@chrome://remote/content/marionette/actors/MarionetteCommandsChild.sys.mjs:85:31

2024-11-13 03:39:26,326 - INFO - \u0421\u043f\u0438\u0441\u043e\u043a URL \u043f\u0443\u0441\u0442. \u041e\u0436\u0438\u0434\u0430\u0435\u043c \u0434\u043e\u0431\u0430\u0432\u043b\u0435\u043d\u0438\u044f \u043d\u043e\u0432\u044b\u0445 URL.
2024-11-13 03:40:28,694 - INFO - \u041f\u0440\u043e\u0446\u0435\u0441\u0441 \u0437\u0430\u0432\u0435\u0440\u0448\u0435\u043d
2024-11-13 14:57:09,591 - INFO - \u0417\u0430\u043f\u0443\u0441\u043a \u043f\u0440\u043e\u0446\u0435\u0441\u0441\u0430 \u0441 1 \u043f\u043e\u0442\u043e\u043a\u0430\u043c\u0438
2024-11-13 14:57:09,591 - INFO - \u0417\u0430\u0433\u0440\u0443\u0436\u0435\u043d\u043e 1 URL, 61 \u0441\u043e\u043e\u0431\u0449\u0435\u043d\u0438\u0439 \u0438 2 \u043f\u0440\u043e\u043a\u0441\u0438
2024-11-13 14:57:13,982 - INFO - \u041f\u043e\u043f\u044b\u0442\u043a\u0430 \u0437\u0430\u0433\u0440\u0443\u0437\u043a\u0438 \u0441\u0442\u0440\u0430\u043d\u0438\u0446\u044b: https://uslugi.yandex.ru/profile/YanCh-255956?from=napanel&occupationId=%2Fremont-i-ustanovka-tehniki&specId=%2Fremont-i-ustanovka-tehniki%2Fstiral_nye-masiny
2024-11-13 14:57:15,077 - INFO - \u0422\u0435\u043a\u0443\u0449\u0438\u0439 URL \u043f\u043e\u0441\u043b\u0435 \u0437\u0430\u0433\u0440\u0443\u0437\u043a\u0438: https://uslugi.yandex.ru/profile/YanCh-255956?from=napanel&occupationId=%2Fremont-i-ustanovka-tehniki&specId=%2Fremont-i-ustanovka-tehniki%2Fstiral_nye-masiny
2024-11-13 14:57:15,098 - INFO - \u042d\u043b\u0435\u043c\u0435\u043d\u0442 'Logo-Link' \u043d\u0430\u0439\u0434\u0435\u043d
2024-11-13 14:57:15,458 - INFO - \u041a\u043d\u043e\u043f\u043a\u0430 '\u0427\u0430\u0442' \u043d\u0430\u0436\u0430\u0442\u0430
2024-11-13 14:57:45,726 - INFO - \u041a\u043d\u043e\u043f\u043a\u0430 '\u042f.\u041c\u0435\u0441\u0441\u0435\u043d\u0434\u0436\u0435\u0440' \u043d\u0430\u0436\u0430\u0442\u0430
2024-11-13 14:58:15,732 - INFO - \u041f\u0435\u0440\u0435\u043a\u043b\u044e\u0447\u0438\u043b\u0438\u0441\u044c \u043d\u0430 iframe
2024-11-13 14:58:15,734 - INFO - \u0422\u0435\u043a\u0441\u0442\u043e\u0432\u043e\u0435 \u043f\u043e\u043b\u0435 \u043d\u0430\u0439\u0434\u0435\u043d\u043e \u043d\u0430 https://uslugi.yandex.ru/profile/YanCh-255956?from=napanel&occupationId=%2Fremont-i-ustanovka-tehniki&specId=%2Fremont-i-ustanovka-tehniki%2Fstiral_nye-masiny
2024-11-13 14:58:16,058 - INFO - \u0422\u0435\u043a\u0441\u0442 \u0432\u0432\u0435\u0434\u0435\u043d \u0432 \u043f\u043e\u043b\u0435 \u043d\u0430 https://uslugi.yandex.ru/profile/YanCh-255956?from=napanel&occupationId=%2Fremont-i-ustanovka-tehniki&specId=%2Fremont-i-ustanovka-tehniki%2Fstiral_nye-masiny
2024-11-13 14:58:20,374 - INFO - \u041a\u043d\u043e\u043f\u043a\u0430 \u043e\u0442\u043f\u0440\u0430\u0432\u043a\u0438 \u0441\u043e\u043e\u0431\u0449\u0435\u043d\u0438\u044f \u043d\u0430\u0436\u0430\u0442\u0430 \u043d\u0430 https://uslugi.yandex.ru/profile/YanCh-255956?from=napanel&occupationId=%2Fremont-i-ustanovka-tehniki&specId=%2Fremont-i-ustanovka-tehniki%2Fstiral_nye-masiny
2024-11-13 14:58:25,006 - INFO - \u0421\u043e\u043e\u0431\u0449\u0435\u043d\u0438\u0435 \u043e\u0442\u043f\u0440\u0430\u0432\u043b\u0435\u043d\u043e \u043d\u0430 https://uslugi.yandex.ru/profile/YanCh-255956?from=napanel&occupationId=%2Fremont-i-ustanovka-tehniki&specId=%2Fremont-i-ustanovka-tehniki%2Fstiral_nye-masiny
2024-11-13 14:58:25,243 - INFO - \u041a\u043d\u043e\u043f\u043a\u0430 '\u041d\u0435 \u0441\u0435\u0439\u0447\u0430\u0441' \u043d\u0430\u0436\u0430\u0442\u0430 \u043d\u0430 https://uslugi.yandex.ru/profile/YanCh-255956?from=napanel&occupationId=%2Fremont-i-ustanovka-tehniki&specId=%2Fremont-i-ustanovka-tehniki%2Fstiral_nye-masiny
2024-11-13 14:58:31,283 - ERROR - \u041e\u0448\u0438\u0431\u043a\u0430 WebDriver \u043f\u0440\u0438 \u0437\u0430\u0433\u0440\u0443\u0437\u043a\u0435 https://uslugi.yandex.ru/profile/YanCh-255956?from=napanel&occupationId=%2Fremont-i-ustanovka-tehniki&specId=%2Fremont-i-ustanovka-tehniki%2Fstiral_nye-masiny: Message: Element <div class="ui-icon-button ui-icon-button_disabled ui-icon-button_design_submit yamb-compose-button yamb-compose-button_size_s yamb-compose-submit-button yamb-compose-submit-button_type_button yamb-compose-submit-button_disabled"> is not clickable at point (332,592) because another element <div class="ui-gap ui-gap_left_xs"> obscures it
Stacktrace:
RemoteError@chrome://remote/content/shared/RemoteError.sys.mjs:8:8
WebDriverError@chrome://remote/content/shared/webdriver/Errors.sys.mjs:193:5
ElementClickInterceptedError@chrome://remote/content/shared/webdriver/Errors.sys.mjs:337:5
webdriverClickElement@chrome://remote/content/marionette/interaction.sys.mjs:177:11
interaction.clickElement@chrome://remote/content/marionette/interaction.sys.mjs:136:11
clickElement@chrome://remote/content/marionette/actors/MarionetteCommandsChild.sys.mjs:205:29
receiveMessage@chrome://remote/content/marionette/actors/MarionetteCommandsChild.sys.mjs:85:31

2024-11-13 14:58:31,283 - INFO - \u0421\u043f\u0438\u0441\u043e\u043a URL \u043f\u0443\u0441\u0442. \u041e\u0436\u0438\u0434\u0430\u0435\u043c \u0434\u043e\u0431\u0430\u0432\u043b\u0435\u043d\u0438\u044f \u043d\u043e\u0432\u044b\u0445 URL.
2024-11-13 14:59:33,527 - INFO - \u041f\u0440\u043e\u0446\u0435\u0441\u0441 \u0437\u0430\u0432\u0435\u0440\u0448\u0435\u043d
2024-11-13 15:15:42,953 - INFO - \u0417\u0430\u043f\u0443\u0441\u043a \u043f\u0440\u043e\u0446\u0435\u0441\u0441\u0430 \u0441 1 \u043f\u043e\u0442\u043e\u043a\u0430\u043c\u0438
2024-11-13 15:15:42,953 - INFO - \u0417\u0430\u0433\u0440\u0443\u0436\u0435\u043d\u043e 0 URL, 61 \u0441\u043e\u043e\u0431\u0449\u0435\u043d\u0438\u0439 \u0438 2 \u043f\u0440\u043e\u043a\u0441\u0438
2024-11-13 15:15:47,336 - INFO - \u0421\u043f\u0438\u0441\u043e\u043a URL \u043f\u0443\u0441\u0442. \u041e\u0436\u0438\u0434\u0430\u0435\u043c \u0434\u043e\u0431\u0430\u0432\u043b\u0435\u043d\u0438\u044f \u043d\u043e\u0432\u044b\u0445 URL.
2024-11-13 15:18:58,712 - INFO - \u0417\u0430\u043f\u0443\u0441\u043a \u043f\u0440\u043e\u0446\u0435\u0441\u0441\u0430 \u0441 1 \u043f\u043e\u0442\u043e\u043a\u0430\u043c\u0438
2024-11-13 15:18:58,714 - INFO - \u0417\u0430\u0433\u0440\u0443\u0436\u0435\u043d\u043e 1 URL, 61 \u0441\u043e\u043e\u0431\u0449\u0435\u043d\u0438\u0439 \u0438 2 \u043f\u0440\u043e\u043a\u0441\u0438
2024-11-13 15:19:03,104 - INFO - \u041f\u043e\u043f\u044b\u0442\u043a\u0430 \u0437\u0430\u0433\u0440\u0443\u0437\u043a\u0438 \u0441\u0442\u0440\u0430\u043d\u0438\u0446\u044b: https://uslugi.yandex.ru/profile/DanilBondarchuk-159058?from=napanel&occupationId=%2Fremont-i-ustanovka-tehniki&specId=%2Fremont-i-ustanovka-tehniki%2Fstiral_nye-masiny
2024-11-13 15:19:04,292 - INFO - \u0422\u0435\u043a\u0443\u0449\u0438\u0439 URL \u043f\u043e\u0441\u043b\u0435 \u0437\u0430\u0433\u0440\u0443\u0437\u043a\u0438: https://uslugi.yandex.ru/profile/DanilBondarchuk-159058?from=napanel&occupationId=%2Fremont-i-ustanovka-tehniki&specId=%2Fremont-i-ustanovka-tehniki%2Fstiral_nye-masiny
2024-11-13 15:19:04,305 - INFO - \u042d\u043b\u0435\u043c\u0435\u043d\u0442 'Logo-Link' \u043d\u0430\u0439\u0434\u0435\u043d
2024-11-13 15:19:20,546 - INFO - \u041a\u043d\u043e\u043f\u043a\u0430 '\u0427\u0430\u0442' \u043d\u0430\u0436\u0430\u0442\u0430
2024-11-13 15:20:10,663 - WARNING - \u042d\u043b\u0435\u043c\u0435\u043d\u0442 '\u042f.\u041c\u0435\u0441\u0441\u0435\u043d\u0434\u0436\u0435\u0440' \u043d\u0435 \u043d\u0430\u0439\u0434\u0435\u043d \u043d\u0430 \u0441\u0442\u0440\u0430\u043d\u0438\u0446\u0435 https://uslugi.yandex.ru/profile/DanilBondarchuk-159058?from=napanel&occupationId=%2Fremont-i-ustanovka-tehniki&specId=%2Fremont-i-ustanovka-tehniki%2Fstiral_nye-masiny. \u041f\u0440\u043e\u0431\u0443\u0435\u043c \u0430\u043b\u044c\u0442\u0435\u0440\u043d\u0430\u0442\u0438\u0432\u043d\u044b\u0439 XPath.
2024-11-13 15:20:30,787 - WARNING - \u042d\u043b\u0435\u043c\u0435\u043d\u0442 '\u042f.\u041c\u0435\u0441\u0441\u0435\u043d\u0434\u0436\u0435\u0440' \u043d\u0435 \u043d\u0430\u0439\u0434\u0435\u043d \u043d\u0430 \u0441\u0442\u0440\u0430\u043d\u0438\u0446\u0435 https://uslugi.yandex.ru/profile/DanilBondarchuk-159058?from=napanel&occupationId=%2Fremont-i-ustanovka-tehniki&specId=%2Fremont-i-ustanovka-tehniki%2Fstiral_nye-masiny \u0434\u0430\u0436\u0435 \u0441 \u0430\u043b\u044c\u0442\u0435\u0440\u043d\u0430\u0442\u0438\u0432\u043d\u044b\u043c XPath. \u041f\u0440\u043e\u043f\u0443\u0441\u043a\u0430\u0435\u043c \u044d\u0442\u043e \u0434\u0435\u0439\u0441\u0442\u0432\u0438\u0435.
2024-11-13 15:20:30,792 - INFO - \u041f\u0435\u0440\u0435\u043a\u043b\u044e\u0447\u0438\u043b\u0438\u0441\u044c \u043d\u0430 iframe
2024-11-13 15:20:30,795 - INFO - \u0422\u0435\u043a\u0441\u0442\u043e\u0432\u043e\u0435 \u043f\u043e\u043b\u0435 \u043d\u0430\u0439\u0434\u0435\u043d\u043e \u043d\u0430 https://uslugi.yandex.ru/profile/DanilBondarchuk-159058?from=napanel&occupationId=%2Fremont-i-ustanovka-tehniki&specId=%2Fremont-i-ustanovka-tehniki%2Fstiral_nye-masiny
2024-11-13 15:20:31,143 - INFO - \u0422\u0435\u043a\u0441\u0442 \u0432\u0432\u0435\u0434\u0435\u043d \u0432 \u043f\u043e\u043b\u0435 \u043d\u0430 https://uslugi.yandex.ru/profile/DanilBondarchuk-159058?from=napanel&occupationId=%2Fremont-i-ustanovka-tehniki&specId=%2Fremont-i-ustanovka-tehniki%2Fstiral_nye-masiny
2024-11-13 15:20:36,895 - INFO - \u041a\u043d\u043e\u043f\u043a\u0430 \u043e\u0442\u043f\u0440\u0430\u0432\u043a\u0438 \u0441\u043e\u043e\u0431\u0449\u0435\u043d\u0438\u044f \u043d\u0430\u0436\u0430\u0442\u0430 \u043d\u0430 https://uslugi.yandex.ru/profile/DanilBondarchuk-159058?from=napanel&occupationId=%2Fremont-i-ustanovka-tehniki&specId=%2Fremont-i-ustanovka-tehniki%2Fstiral_nye-masiny
2024-11-13 15:20:43,563 - INFO - \u0421\u043e\u043e\u0431\u0449\u0435\u043d\u0438\u0435 \u043e\u0442\u043f\u0440\u0430\u0432\u043b\u0435\u043d\u043e \u043d\u0430 https://uslugi.yandex.ru/profile/DanilBondarchuk-159058?from=napanel&occupationId=%2Fremont-i-ustanovka-tehniki&specId=%2Fremont-i-ustanovka-tehniki%2Fstiral_nye-masiny
2024-11-13 15:20:43,796 - INFO - \u041a\u043d\u043e\u043f\u043a\u0430 '\u041d\u0435 \u0441\u0435\u0439\u0447\u0430\u0441' \u043d\u0430\u0436\u0430\u0442\u0430 \u043d\u0430 https://uslugi.yandex.ru/profile/DanilBondarchuk-159058?from=napanel&occupationId=%2Fremont-i-ustanovka-tehniki&specId=%2Fremont-i-ustanovka-tehniki%2Fstiral_nye-masiny
2024-11-13 15:20:48,049 - ERROR - \u041e\u0448\u0438\u0431\u043a\u0430 WebDriver \u043f\u0440\u0438 \u0437\u0430\u0433\u0440\u0443\u0437\u043a\u0435 https://uslugi.yandex.ru/profile/DanilBondarchuk-159058?from=napanel&occupationId=%2Fremont-i-ustanovka-tehniki&specId=%2Fremont-i-ustanovka-tehniki%2Fstiral_nye-masiny: Message: Element <div class="ui-icon-button ui-icon-button_disabled ui-icon-button_design_submit yamb-compose-button yamb-compose-button_size_s yamb-compose-submit-button yamb-compose-submit-button_type_button yamb-compose-submit-button_disabled"> is not clickable at point (332,592) because another element <div class="ui-gap ui-gap_left_xs"> obscures it
Stacktrace:
RemoteError@chrome://remote/content/shared/RemoteError.sys.mjs:8:8
WebDriverError@chrome://remote/content/shared/webdriver/Errors.sys.mjs:193:5
ElementClickInterceptedError@chrome://remote/content/shared/webdriver/Errors.sys.mjs:337:5
webdriverClickElement@chrome://remote/content/marionette/interaction.sys.mjs:177:11
interaction.clickElement@chrome://remote/content/marionette/interaction.sys.mjs:136:11
clickElement@chrome://remote/content/marionette/actors/MarionetteCommandsChild.sys.mjs:205:29
receiveMessage@chrome://remote/content/marionette/actors/MarionetteCommandsChild.sys.mjs:85:31

2024-11-13 15:20:48,049 - INFO - \u0421\u043f\u0438\u0441\u043e\u043a URL \u043f\u0443\u0441\u0442. \u041e\u0436\u0438\u0434\u0430\u0435\u043c \u0434\u043e\u0431\u0430\u0432\u043b\u0435\u043d\u0438\u044f \u043d\u043e\u0432\u044b\u0445 URL.
2024-11-13 15:21:50,403 - INFO - \u041f\u0440\u043e\u0446\u0435\u0441\u0441 \u0437\u0430\u0432\u0435\u0440\u0448\u0435\u043d
2024-11-13 15:24:08,459 - INFO - \u0417\u0430\u043f\u0443\u0441\u043a \u043f\u0440\u043e\u0446\u0435\u0441\u0441\u0430 \u0441 1 \u043f\u043e\u0442\u043e\u043a\u0430\u043c\u0438
2024-11-13 15:24:08,459 - INFO - \u0417\u0430\u0433\u0440\u0443\u0436\u0435\u043d\u043e 1 URL, 61 \u0441\u043e\u043e\u0431\u0449\u0435\u043d\u0438\u0439 \u0438 2 \u043f\u0440\u043e\u043a\u0441\u0438
2024-11-13 15:24:12,849 - INFO - \u041f\u043e\u043f\u044b\u0442\u043a\u0430 \u0437\u0430\u0433\u0440\u0443\u0437\u043a\u0438 \u0441\u0442\u0440\u0430\u043d\u0438\u0446\u044b: https://uslugi.yandex.ru/profile/SergejYurevichM-1123343?from=napanel&occupationId=%2Fremont-i-ustanovka-tehniki&specId=%2Fremont-i-ustanovka-tehniki%2Fstiral_nye-masiny
2024-11-13 15:24:13,736 - INFO - \u0422\u0435\u043a\u0443\u0449\u0438\u0439 URL \u043f\u043e\u0441\u043b\u0435 \u0437\u0430\u0433\u0440\u0443\u0437\u043a\u0438: https://uslugi.yandex.ru/profile/SergejYurevichM-1123343?from=napanel&occupationId=%2Fremont-i-ustanovka-tehniki&specId=%2Fremont-i-ustanovka-tehniki%2Fstiral_nye-masiny
2024-11-13 15:24:13,861 - INFO - \u042d\u043b\u0435\u043c\u0435\u043d\u0442 'Logo-Link' \u043d\u0430\u0439\u0434\u0435\u043d
2024-11-13 15:24:32,440 - INFO - \u041a\u043d\u043e\u043f\u043a\u0430 '\u0427\u0430\u0442' \u043d\u0430\u0436\u0430\u0442\u0430
2024-11-13 15:25:02,700 - INFO - \u041a\u043d\u043e\u043f\u043a\u0430 '\u042f.\u041c\u0435\u0441\u0441\u0435\u043d\u0434\u0436\u0435\u0440' \u043d\u0430\u0436\u0430\u0442\u0430
2024-11-13 15:25:32,706 - INFO - \u041f\u0435\u0440\u0435\u043a\u043b\u044e\u0447\u0438\u043b\u0438\u0441\u044c \u043d\u0430 iframe
2024-11-13 15:25:32,709 - INFO - \u0422\u0435\u043a\u0441\u0442\u043e\u0432\u043e\u0435 \u043f\u043e\u043b\u0435 \u043d\u0430\u0439\u0434\u0435\u043d\u043e \u043d\u0430 https://uslugi.yandex.ru/profile/SergejYurevichM-1123343?from=napanel&occupationId=%2Fremont-i-ustanovka-tehniki&specId=%2Fremont-i-ustanovka-tehniki%2Fstiral_nye-masiny
2024-11-13 15:25:33,049 - INFO - \u0422\u0435\u043a\u0441\u0442 \u0432\u0432\u0435\u0434\u0435\u043d \u0432 \u043f\u043e\u043b\u0435 \u043d\u0430 https://uslugi.yandex.ru/profile/SergejYurevichM-1123343?from=napanel&occupationId=%2Fremont-i-ustanovka-tehniki&specId=%2Fremont-i-ustanovka-tehniki%2Fstiral_nye-masiny
2024-11-13 15:25:39,914 - INFO - \u041a\u043d\u043e\u043f\u043a\u0430 \u043e\u0442\u043f\u0440\u0430\u0432\u043a\u0438 \u0441\u043e\u043e\u0431\u0449\u0435\u043d\u0438\u044f \u043d\u0430\u0436\u0430\u0442\u0430 \u043d\u0430 https://uslugi.yandex.ru/profile/SergejYurevichM-1123343?from=napanel&occupationId=%2Fremont-i-ustanovka-tehniki&specId=%2Fremont-i-ustanovka-tehniki%2Fstiral_nye-masiny
2024-11-13 15:25:45,418 - INFO - \u0421\u043e\u043e\u0431\u0449\u0435\u043d\u0438\u0435 \u043e\u0442\u043f\u0440\u0430\u0432\u043b\u0435\u043d\u043e \u043d\u0430 https://uslugi.yandex.ru/profile/SergejYurevichM-1123343?from=napanel&occupationId=%2Fremont-i-ustanovka-tehniki&specId=%2Fremont-i-ustanovka-tehniki%2Fstiral_nye-masiny
2024-11-13 15:25:45,654 - INFO - \u041a\u043d\u043e\u043f\u043a\u0430 '\u041d\u0435 \u0441\u0435\u0439\u0447\u0430\u0441' \u043d\u0430\u0436\u0430\u0442\u0430 \u043d\u0430 https://uslugi.yandex.ru/profile/SergejYurevichM-1123343?from=napanel&occupationId=%2Fremont-i-ustanovka-tehniki&specId=%2Fremont-i-ustanovka-tehniki%2Fstiral_nye-masiny
2024-11-13 15:25:50,051 - ERROR - \u041e\u0448\u0438\u0431\u043a\u0430 WebDriver \u043f\u0440\u0438 \u0437\u0430\u0433\u0440\u0443\u0437\u043a\u0435 https://uslugi.yandex.ru/profile/SergejYurevichM-1123343?from=napanel&occupationId=%2Fremont-i-ustanovka-tehniki&specId=%2Fremont-i-ustanovka-tehniki%2Fstiral_nye-masiny: Message: Element <div class="ui-icon-button ui-icon-button_disabled ui-icon-button_design_submit yamb-compose-button yamb-compose-button_size_s yamb-compose-submit-button yamb-compose-submit-button_type_button yamb-compose-submit-button_disabled"> is not clickable at point (332,592) because another element <div class="ui-gap ui-gap_left_xs"> obscures it
Stacktrace:
RemoteError@chrome://remote/content/shared/RemoteError.sys.mjs:8:8
WebDriverError@chrome://remote/content/shared/webdriver/Errors.sys.mjs:193:5
ElementClickInterceptedError@chrome://remote/content/shared/webdriver/Errors.sys.mjs:337:5
webdriverClickElement@chrome://remote/content/marionette/interaction.sys.mjs:177:11
interaction.clickElement@chrome://remote/content/marionette/interaction.sys.mjs:136:11
clickElement@chrome://remote/content/marionette/actors/MarionetteCommandsChild.sys.mjs:205:29
receiveMessage@chrome://remote/content/marionette/actors/MarionetteCommandsChild.sys.mjs:85:31

2024-11-13 15:25:50,052 - INFO - \u0421\u043f\u0438\u0441\u043e\u043a URL \u043f\u0443\u0441\u0442. \u041e\u0436\u0438\u0434\u0430\u0435\u043c \u0434\u043e\u0431\u0430\u0432\u043b\u0435\u043d\u0438\u044f \u043d\u043e\u0432\u044b\u0445 URL.
2024-11-13 15:26:52,409 - INFO - \u041f\u0440\u043e\u0446\u0435\u0441\u0441 \u0437\u0430\u0432\u0435\u0440\u0448\u0435\u043d
2024-11-13 15:38:06,034 - INFO - \u0417\u0430\u043f\u0443\u0441\u043a \u043f\u0440\u043e\u0446\u0435\u0441\u0441\u0430 \u0441 1 \u043f\u043e\u0442\u043e\u043a\u0430\u043c\u0438
2024-11-13 15:38:06,034 - INFO - \u0417\u0430\u0433\u0440\u0443\u0436\u0435\u043d\u043e 1 URL, 61 \u0441\u043e\u043e\u0431\u0449\u0435\u043d\u0438\u0439 \u0438 2 \u043f\u0440\u043e\u043a\u0441\u0438
2024-11-13 15:38:10,426 - INFO - \u041f\u043e\u043f\u044b\u0442\u043a\u0430 \u0437\u0430\u0433\u0440\u0443\u0437\u043a\u0438 \u0441\u0442\u0440\u0430\u043d\u0438\u0446\u044b: https://uslugi.yandex.ru/profile/SergejGundobin-1387125?from=napanel&occupationId=%2Fremont-i-ustanovka-tehniki&specId=%2Fremont-i-ustanovka-tehniki%2Fstiral_nye-masiny
2024-11-13 15:38:11,766 - INFO - \u0422\u0435\u043a\u0443\u0449\u0438\u0439 URL \u043f\u043e\u0441\u043b\u0435 \u0437\u0430\u0433\u0440\u0443\u0437\u043a\u0438: https://uslugi.yandex.ru/profile/SergejGundobin-1387125?from=napanel&occupationId=%2Fremont-i-ustanovka-tehniki&specId=%2Fremont-i-ustanovka-tehniki%2Fstiral_nye-masiny
2024-11-13 15:38:11,907 - INFO - \u042d\u043b\u0435\u043c\u0435\u043d\u0442 'Logo-Link' \u043d\u0430\u0439\u0434\u0435\u043d
2024-11-13 15:38:29,245 - INFO - \u041a\u043d\u043e\u043f\u043a\u0430 '\u0427\u0430\u0442' \u043d\u0430\u0436\u0430\u0442\u0430
2024-11-13 15:38:44,836 - INFO - \u041a\u043d\u043e\u043f\u043a\u0430 '\u042f.\u041c\u0435\u0441\u0441\u0435\u043d\u0434\u0436\u0435\u0440' \u043d\u0430\u0436\u0430\u0442\u0430
2024-11-13 15:39:00,476 - INFO - \u041f\u0435\u0440\u0435\u043a\u043b\u044e\u0447\u0438\u043b\u0438\u0441\u044c \u043d\u0430 iframe
2024-11-13 15:39:00,479 - INFO - \u0422\u0435\u043a\u0441\u0442\u043e\u0432\u043e\u0435 \u043f\u043e\u043b\u0435 \u043d\u0430\u0439\u0434\u0435\u043d\u043e \u043d\u0430 https://uslugi.yandex.ru/profile/SergejGundobin-1387125?from=napanel&occupationId=%2Fremont-i-ustanovka-tehniki&specId=%2Fremont-i-ustanovka-tehniki%2Fstiral_nye-masiny
2024-11-13 15:39:00,819 - INFO - \u0422\u0435\u043a\u0441\u0442 \u0432\u0432\u0435\u0434\u0435\u043d \u0432 \u043f\u043e\u043b\u0435 \u043d\u0430 https://uslugi.yandex.ru/profile/SergejGundobin-1387125?from=napanel&occupationId=%2Fremont-i-ustanovka-tehniki&specId=%2Fremont-i-ustanovka-tehniki%2Fstiral_nye-masiny
2024-11-13 15:39:05,886 - INFO - \u041a\u043d\u043e\u043f\u043a\u0430 \u043e\u0442\u043f\u0440\u0430\u0432\u043a\u0438 \u0441\u043e\u043e\u0431\u0449\u0435\u043d\u0438\u044f \u043d\u0430\u0436\u0430\u0442\u0430 \u043d\u0430 https://uslugi.yandex.ru/profile/SergejGundobin-1387125?from=napanel&occupationId=%2Fremont-i-ustanovka-tehniki&specId=%2Fremont-i-ustanovka-tehniki%2Fstiral_nye-masiny
2024-11-13 15:39:10,346 - INFO - \u0421\u043e\u043e\u0431\u0449\u0435\u043d\u0438\u0435 \u043e\u0442\u043f\u0440\u0430\u0432\u043b\u0435\u043d\u043e \u043d\u0430 https://uslugi.yandex.ru/profile/SergejGundobin-1387125?from=napanel&occupationId=%2Fremont-i-ustanovka-tehniki&specId=%2Fremont-i-ustanovka-tehniki%2Fstiral_nye-masiny
2024-11-13 15:39:10,582 - INFO - \u041a\u043d\u043e\u043f\u043a\u0430 '\u041d\u0435 \u0441\u0435\u0439\u0447\u0430\u0441' \u043d\u0430\u0436\u0430\u0442\u0430 \u043d\u0430 https://uslugi.yandex.ru/profile/SergejGundobin-1387125?from=napanel&occupationId=%2Fremont-i-ustanovka-tehniki&specId=%2Fremont-i-ustanovka-tehniki%2Fstiral_nye-masiny
2024-11-13 15:39:15,359 - ERROR - \u041e\u0448\u0438\u0431\u043a\u0430 WebDriver \u043f\u0440\u0438 \u0437\u0430\u0433\u0440\u0443\u0437\u043a\u0435 https://uslugi.yandex.ru/profile/SergejGundobin-1387125?from=napanel&occupationId=%2Fremont-i-ustanovka-tehniki&specId=%2Fremont-i-ustanovka-tehniki%2Fstiral_nye-masiny: Message: Element <div class="ui-icon-button ui-icon-button_disabled ui-icon-button_design_submit yamb-compose-button yamb-compose-button_size_s yamb-compose-submit-button yamb-compose-submit-button_type_button yamb-compose-submit-button_disabled"> is not clickable at point (332,592) because another element <div class="ui-gap ui-gap_left_xs"> obscures it
Stacktrace:
RemoteError@chrome://remote/content/shared/RemoteError.sys.mjs:8:8
WebDriverError@chrome://remote/content/shared/webdriver/Errors.sys.mjs:193:5
ElementClickInterceptedError@chrome://remote/content/shared/webdriver/Errors.sys.mjs:337:5
webdriverClickElement@chrome://remote/content/marionette/interaction.sys.mjs:177:11
interaction.clickElement@chrome://remote/content/marionette/interaction.sys.mjs:136:11
clickElement@chrome://remote/content/marionette/actors/MarionetteCommandsChild.sys.mjs:205:29
receiveMessage@chrome://remote/content/marionette/actors/MarionetteCommandsChild.sys.mjs:85:31

2024-11-13 15:39:15,359 - INFO - \u0421\u043f\u0438\u0441\u043e\u043a URL \u043f\u0443\u0441\u0442. \u041e\u0436\u0438\u0434\u0430\u0435\u043c \u0434\u043e\u0431\u0430\u0432\u043b\u0435\u043d\u0438\u044f \u043d\u043e\u0432\u044b\u0445 URL.
2024-11-13 15:40:17,713 - INFO - \u041f\u0440\u043e\u0446\u0435\u0441\u0441 \u0437\u0430\u0432\u0435\u0440\u0448\u0435\u043d
2024-11-14 18:13:01,684 - INFO - \u0417\u0430\u043f\u0443\u0441\u043a \u043f\u0440\u043e\u0446\u0435\u0441\u0441\u0430 \u0441 1 \u043f\u043e\u0442\u043e\u043a\u0430\u043c\u0438
2024-11-14 18:13:01,684 - INFO - \u0417\u0430\u0433\u0440\u0443\u0436\u0435\u043d\u043e 2176 URL, 61 \u0441\u043e\u043e\u0431\u0449\u0435\u043d\u0438\u0439 \u0438 2 \u043f\u0440\u043e\u043a\u0441\u0438
2024-11-14 18:13:06,055 - INFO - \u041f\u043e\u043f\u044b\u0442\u043a\u0430 \u0437\u0430\u0433\u0440\u0443\u0437\u043a\u0438 \u0441\u0442\u0440\u0430\u043d\u0438\u0446\u044b: https://uslugi.yandex.ru/profile/DenisDalmatov-1867582
2024-11-14 18:13:06,704 - INFO - \u0422\u0435\u043a\u0443\u0449\u0438\u0439 URL \u043f\u043e\u0441\u043b\u0435 \u0437\u0430\u0433\u0440\u0443\u0437\u043a\u0438: https://uslugi.yandex.ru/profile/DenisDalmatov-1867582
2024-11-14 18:13:06,821 - INFO - \u042d\u043b\u0435\u043c\u0435\u043d\u0442 'Logo-Link' \u043d\u0430\u0439\u0434\u0435\u043d
2024-11-14 18:13:25,793 - INFO - \u041a\u043d\u043e\u043f\u043a\u0430 '\u0427\u0430\u0442' \u043d\u0430\u0436\u0430\u0442\u0430
2024-11-14 18:13:41,294 - INFO - \u041a\u043d\u043e\u043f\u043a\u0430 '\u042f.\u041c\u0435\u0441\u0441\u0435\u043d\u0434\u0436\u0435\u0440' \u043d\u0430\u0436\u0430\u0442\u0430
2024-11-14 18:13:57,202 - INFO - \u041f\u0435\u0440\u0435\u043a\u043b\u044e\u0447\u0438\u043b\u0438\u0441\u044c \u043d\u0430 iframe
2024-11-14 18:13:57,205 - INFO - \u0422\u0435\u043a\u0441\u0442\u043e\u0432\u043e\u0435 \u043f\u043e\u043b\u0435 \u043d\u0430\u0439\u0434\u0435\u043d\u043e \u043d\u0430 https://uslugi.yandex.ru/profile/DenisDalmatov-1867582
2024-11-14 18:13:57,565 - INFO - \u0422\u0435\u043a\u0441\u0442 \u0432\u0432\u0435\u0434\u0435\u043d \u0432 \u043f\u043e\u043b\u0435 \u043d\u0430 https://uslugi.yandex.ru/profile/DenisDalmatov-1867582
2024-11-14 18:14:03,077 - INFO - \u041a\u043d\u043e\u043f\u043a\u0430 \u043e\u0442\u043f\u0440\u0430\u0432\u043a\u0438 \u0441\u043e\u043e\u0431\u0449\u0435\u043d\u0438\u044f \u043d\u0430\u0436\u0430\u0442\u0430 \u043d\u0430 https://uslugi.yandex.ru/profile/DenisDalmatov-1867582
2024-11-14 18:14:09,768 - INFO - \u0421\u043e\u043e\u0431\u0449\u0435\u043d\u0438\u0435 \u043e\u0442\u043f\u0440\u0430\u0432\u043b\u0435\u043d\u043e \u043d\u0430 https://uslugi.yandex.ru/profile/DenisDalmatov-1867582
2024-11-14 18:14:10,004 - INFO - \u041a\u043d\u043e\u043f\u043a\u0430 '\u041d\u0435 \u0441\u0435\u0439\u0447\u0430\u0441' \u043d\u0430\u0436\u0430\u0442\u0430 \u043d\u0430 https://uslugi.yandex.ru/profile/DenisDalmatov-1867582
2024-11-14 18:14:15,819 - ERROR - \u041e\u0448\u0438\u0431\u043a\u0430 WebDriver \u043f\u0440\u0438 \u0437\u0430\u0433\u0440\u0443\u0437\u043a\u0435 https://uslugi.yandex.ru/profile/DenisDalmatov-1867582: Message: Element <div class="ui-icon-button ui-icon-button_disabled ui-icon-button_design_submit yamb-compose-button yamb-compose-button_size_s yamb-compose-submit-button yamb-compose-submit-button_type_button yamb-compose-submit-button_disabled"> is not clickable at point (332,592) because another element <div class="ui-gap ui-gap_left_xs"> obscures it
Stacktrace:
RemoteError@chrome://remote/content/shared/RemoteError.sys.mjs:8:8
WebDriverError@chrome://remote/content/shared/webdriver/Errors.sys.mjs:193:5
ElementClickInterceptedError@chrome://remote/content/shared/webdriver/Errors.sys.mjs:337:5
webdriverClickElement@chrome://remote/content/marionette/interaction.sys.mjs:177:11
interaction.clickElement@chrome://remote/content/marionette/interaction.sys.mjs:136:11
clickElement@chrome://remote/content/marionette/actors/MarionetteCommandsChild.sys.mjs:205:29
receiveMessage@chrome://remote/content/marionette/actors/MarionetteCommandsChild.sys.mjs:85:31

2024-11-14 18:14:15,822 - INFO - \u041f\u043e\u043f\u044b\u0442\u043a\u0430 \u0437\u0430\u0433\u0440\u0443\u0437\u043a\u0438 \u0441\u0442\u0440\u0430\u043d\u0438\u0446\u044b: https://uslugi.yandex.ru/profile/An21Vek-955219
2024-11-14 18:14:16,421 - INFO - \u0422\u0435\u043a\u0443\u0449\u0438\u0439 URL \u043f\u043e\u0441\u043b\u0435 \u0437\u0430\u0433\u0440\u0443\u0437\u043a\u0438: https://uslugi.yandex.ru/profile/An21Vek-955219
2024-11-14 18:14:16,505 - INFO - \u042d\u043b\u0435\u043c\u0435\u043d\u0442 'Logo-Link' \u043d\u0430\u0439\u0434\u0435\u043d
2024-11-14 18:14:32,613 - INFO - \u041a\u043d\u043e\u043f\u043a\u0430 '\u0427\u0430\u0442' \u043d\u0430\u0436\u0430\u0442\u0430
2024-11-14 18:14:47,125 - INFO - \u041a\u043d\u043e\u043f\u043a\u0430 '\u042f.\u041c\u0435\u0441\u0441\u0435\u043d\u0434\u0436\u0435\u0440' \u043d\u0430\u0436\u0430\u0442\u0430
2024-11-14 18:15:03,926 - INFO - \u041f\u0435\u0440\u0435\u043a\u043b\u044e\u0447\u0438\u043b\u0438\u0441\u044c \u043d\u0430 iframe
2024-11-14 18:15:03,930 - INFO - \u0422\u0435\u043a\u0441\u0442\u043e\u0432\u043e\u0435 \u043f\u043e\u043b\u0435 \u043d\u0430\u0439\u0434\u0435\u043d\u043e \u043d\u0430 https://uslugi.yandex.ru/profile/An21Vek-955219
2024-11-14 18:15:04,249 - INFO - \u0422\u0435\u043a\u0441\u0442 \u0432\u0432\u0435\u0434\u0435\u043d \u0432 \u043f\u043e\u043b\u0435 \u043d\u0430 https://uslugi.yandex.ru/profile/An21Vek-955219
2024-11-14 18:15:11,302 - INFO - \u041a\u043d\u043e\u043f\u043a\u0430 \u043e\u0442\u043f\u0440\u0430\u0432\u043a\u0438 \u0441\u043e\u043e\u0431\u0449\u0435\u043d\u0438\u044f \u043d\u0430\u0436\u0430\u0442\u0430 \u043d\u0430 https://uslugi.yandex.ru/profile/An21Vek-955219
2024-11-14 18:15:16,772 - INFO - \u0421\u043e\u043e\u0431\u0449\u0435\u043d\u0438\u0435 \u043e\u0442\u043f\u0440\u0430\u0432\u043b\u0435\u043d\u043e \u043d\u0430 https://uslugi.yandex.ru/profile/An21Vek-955219
2024-11-14 18:15:17,005 - INFO - \u041a\u043d\u043e\u043f\u043a\u0430 '\u041d\u0435 \u0441\u0435\u0439\u0447\u0430\u0441' \u043d\u0430\u0436\u0430\u0442\u0430 \u043d\u0430 https://uslugi.yandex.ru/profile/An21Vek-955219
2024-11-14 18:15:23,687 - ERROR - \u041e\u0448\u0438\u0431\u043a\u0430 WebDriver \u043f\u0440\u0438 \u0437\u0430\u0433\u0440\u0443\u0437\u043a\u0435 https://uslugi.yandex.ru/profile/An21Vek-955219: Message: Element <div class="ui-icon-button ui-icon-button_disabled ui-icon-button_design_submit yamb-compose-button yamb-compose-button_size_s yamb-compose-submit-button yamb-compose-submit-button_type_button yamb-compose-submit-button_disabled"> is not clickable at point (332,592) because another element <div class="ui-gap ui-gap_left_xs"> obscures it
Stacktrace:
RemoteError@chrome://remote/content/shared/RemoteError.sys.mjs:8:8
WebDriverError@chrome://remote/content/shared/webdriver/Errors.sys.mjs:193:5
ElementClickInterceptedError@chrome://remote/content/shared/webdriver/Errors.sys.mjs:337:5
webdriverClickElement@chrome://remote/content/marionette/interaction.sys.mjs:177:11
interaction.clickElement@chrome://remote/content/marionette/interaction.sys.mjs:136:11
clickElement@chrome://remote/content/marionette/actors/MarionetteCommandsChild.sys.mjs:205:29
receiveMessage@chrome://remote/content/marionette/actors/MarionetteCommandsChild.sys.mjs:85:31

2024-11-14 18:15:23,691 - INFO - \u041f\u043e\u043f\u044b\u0442\u043a\u0430 \u0437\u0430\u0433\u0440\u0443\u0437\u043a\u0438 \u0441\u0442\u0440\u0430\u043d\u0438\u0446\u044b: https://uslugi.yandex.ru/profile/ViktorSh-343798
2024-11-14 18:15:24,173 - INFO - \u0422\u0435\u043a\u0443\u0449\u0438\u0439 URL \u043f\u043e\u0441\u043b\u0435 \u0437\u0430\u0433\u0440\u0443\u0437\u043a\u0438: https://uslugi.yandex.ru/profile/ViktorSh-343798
2024-11-14 18:15:24,263 - INFO - \u042d\u043b\u0435\u043c\u0435\u043d\u0442 'Logo-Link' \u043d\u0430\u0439\u0434\u0435\u043d
2024-11-14 18:15:40,852 - INFO - \u041a\u043d\u043e\u043f\u043a\u0430 '\u0427\u0430\u0442' \u043d\u0430\u0436\u0430\u0442\u0430
2024-11-14 18:15:54,485 - INFO - \u041a\u043d\u043e\u043f\u043a\u0430 '\u042f.\u041c\u0435\u0441\u0441\u0435\u043d\u0434\u0436\u0435\u0440' \u043d\u0430\u0436\u0430\u0442\u0430
2024-11-14 18:16:08,447 - INFO - \u041f\u0435\u0440\u0435\u043a\u043b\u044e\u0447\u0438\u043b\u0438\u0441\u044c \u043d\u0430 iframe
2024-11-14 18:16:08,449 - INFO - \u0422\u0435\u043a\u0441\u0442\u043e\u0432\u043e\u0435 \u043f\u043e\u043b\u0435 \u043d\u0430\u0439\u0434\u0435\u043d\u043e \u043d\u0430 https://uslugi.yandex.ru/profile/ViktorSh-343798
2024-11-14 18:16:08,762 - INFO - \u0422\u0435\u043a\u0441\u0442 \u0432\u0432\u0435\u0434\u0435\u043d \u0432 \u043f\u043e\u043b\u0435 \u043d\u0430 https://uslugi.yandex.ru/profile/ViktorSh-343798
2024-11-14 18:16:15,313 - INFO - \u041a\u043d\u043e\u043f\u043a\u0430 \u043e\u0442\u043f\u0440\u0430\u0432\u043a\u0438 \u0441\u043e\u043e\u0431\u0449\u0435\u043d\u0438\u044f \u043d\u0430\u0436\u0430\u0442\u0430 \u043d\u0430 https://uslugi.yandex.ru/profile/ViktorSh-343798
2024-11-14 18:16:22,151 - INFO - \u0421\u043e\u043e\u0431\u0449\u0435\u043d\u0438\u0435 \u043e\u0442\u043f\u0440\u0430\u0432\u043b\u0435\u043d\u043e \u043d\u0430 https://uslugi.yandex.ru/profile/ViktorSh-343798
2024-11-14 18:16:22,386 - INFO - \u041a\u043d\u043e\u043f\u043a\u0430 '\u041d\u0435 \u0441\u0435\u0439\u0447\u0430\u0441' \u043d\u0430\u0436\u0430\u0442\u0430 \u043d\u0430 https://uslugi.yandex.ru/profile/ViktorSh-343798
2024-11-14 18:16:28,500 - ERROR - \u041e\u0448\u0438\u0431\u043a\u0430 WebDriver \u043f\u0440\u0438 \u0437\u0430\u0433\u0440\u0443\u0437\u043a\u0435 https://uslugi.yandex.ru/profile/ViktorSh-343798: Message: Element <div class="ui-icon-button ui-icon-button_disabled ui-icon-button_design_submit yamb-compose-button yamb-compose-button_size_s yamb-compose-submit-button yamb-compose-submit-button_type_button yamb-compose-submit-button_disabled"> is not clickable at point (332,592) because another element <div class="ui-gap ui-gap_left_xs"> obscures it
Stacktrace:
RemoteError@chrome://remote/content/shared/RemoteError.sys.mjs:8:8
WebDriverError@chrome://remote/content/shared/webdriver/Errors.sys.mjs:193:5
ElementClickInterceptedError@chrome://remote/content/shared/webdriver/Errors.sys.mjs:337:5
webdriverClickElement@chrome://remote/content/marionette/interaction.sys.mjs:177:11
interaction.clickElement@chrome://remote/content/marionette/interaction.sys.mjs:136:11
clickElement@chrome://remote/content/marionette/actors/MarionetteCommandsChild.sys.mjs:205:29
receiveMessage@chrome://remote/content/marionette/actors/MarionetteCommandsChild.sys.mjs:85:31

2024-11-14 18:16:30,859 - INFO - \u041f\u0440\u043e\u0446\u0435\u0441\u0441 \u0437\u0430\u0432\u0435\u0440\u0448\u0435\u043d
2024-11-14 18:33:35,538 - INFO - \u0417\u0430\u043f\u0443\u0441\u043a \u043f\u0440\u043e\u0446\u0435\u0441\u0441\u0430 \u0441 1 \u043f\u043e\u0442\u043e\u043a\u0430\u043c\u0438
2024-11-14 18:33:35,539 - INFO - \u0417\u0430\u0433\u0440\u0443\u0436\u0435\u043d\u043e 2173 URL, 61 \u0441\u043e\u043e\u0431\u0449\u0435\u043d\u0438\u0439 \u0438 2 \u043f\u0440\u043e\u043a\u0441\u0438
2024-11-14 18:33:35,539 - INFO - \u0418\u0441\u043f\u043e\u043b\u044c\u0437\u0443\u0435\u043c \u043f\u0440\u043e\u043a\u0441\u0438: AsGhrni:sINEn9s@109.237.106.72:37299
2024-11-14 18:33:39,879 - INFO - \u041f\u043e\u043f\u044b\u0442\u043a\u0430 \u0437\u0430\u0433\u0440\u0443\u0437\u043a\u0438 \u0441\u0442\u0440\u0430\u043d\u0438\u0446\u044b: https://uslugi.yandex.ru/profile/EkaterinaKozlina-658213
2024-11-14 18:33:40,683 - INFO - \u0422\u0435\u043a\u0443\u0449\u0438\u0439 URL \u043f\u043e\u0441\u043b\u0435 \u0437\u0430\u0433\u0440\u0443\u0437\u043a\u0438: https://uslugi.yandex.ru/profile/EkaterinaKozlina-658213
2024-11-14 18:33:40,796 - INFO - \u042d\u043b\u0435\u043c\u0435\u043d\u0442 'Logo-Link' \u043d\u0430\u0439\u0434\u0435\u043d
2024-11-14 18:33:58,755 - INFO - \u041a\u043d\u043e\u043f\u043a\u0430 '\u0427\u0430\u0442' \u043d\u0430\u0436\u0430\u0442\u0430
2024-11-14 18:34:32,052 - WARNING - \u042d\u043b\u0435\u043c\u0435\u043d\u0442 '\u042f.\u041c\u0435\u0441\u0441\u0435\u043d\u0434\u0436\u0435\u0440' \u043d\u0435 \u043d\u0430\u0439\u0434\u0435\u043d \u043d\u0430 \u0441\u0442\u0440\u0430\u043d\u0438\u0446\u0435 https://uslugi.yandex.ru/profile/EkaterinaKozlina-658213. \u041f\u0440\u043e\u0431\u0443\u0435\u043c \u0430\u043b\u044c\u0442\u0435\u0440\u043d\u0430\u0442\u0438\u0432\u043d\u044b\u0439 XPath.
2024-11-14 18:34:52,169 - WARNING - \u042d\u043b\u0435\u043c\u0435\u043d\u0442 '\u042f.\u041c\u0435\u0441\u0441\u0435\u043d\u0434\u0436\u0435\u0440' \u043d\u0435 \u043d\u0430\u0439\u0434\u0435\u043d \u043d\u0430 \u0441\u0442\u0440\u0430\u043d\u0438\u0446\u0435 https://uslugi.yandex.ru/profile/EkaterinaKozlina-658213 \u0434\u0430\u0436\u0435 \u0441 \u0430\u043b\u044c\u0442\u0435\u0440\u043d\u0430\u0442\u0438\u0432\u043d\u044b\u043c XPath. \u041f\u0440\u043e\u043f\u0443\u0441\u043a\u0430\u0435\u043c \u044d\u0442\u043e \u0434\u0435\u0439\u0441\u0442\u0432\u0438\u0435.
2024-11-14 18:34:52,173 - INFO - \u041f\u0435\u0440\u0435\u043a\u043b\u044e\u0447\u0438\u043b\u0438\u0441\u044c \u043d\u0430 iframe
2024-11-14 18:34:52,179 - INFO - \u0422\u0435\u043a\u0441\u0442\u043e\u0432\u043e\u0435 \u043f\u043e\u043b\u0435 \u043d\u0430\u0439\u0434\u0435\u043d\u043e \u043d\u0430 https://uslugi.yandex.ru/profile/EkaterinaKozlina-658213
2024-11-14 18:34:52,478 - INFO - \u0422\u0435\u043a\u0441\u0442 \u0432\u0432\u0435\u0434\u0435\u043d \u0432 \u043f\u043e\u043b\u0435 \u043d\u0430 https://uslugi.yandex.ru/profile/EkaterinaKozlina-658213
2024-11-14 18:34:58,772 - INFO - \u041a\u043d\u043e\u043f\u043a\u0430 \u043e\u0442\u043f\u0440\u0430\u0432\u043a\u0438 \u0441\u043e\u043e\u0431\u0449\u0435\u043d\u0438\u044f \u043d\u0430\u0436\u0430\u0442\u0430 \u043d\u0430 https://uslugi.yandex.ru/profile/EkaterinaKozlina-658213
2024-11-14 18:35:04,624 - INFO - \u0421\u043e\u043e\u0431\u0449\u0435\u043d\u0438\u0435 \u043e\u0442\u043f\u0440\u0430\u0432\u043b\u0435\u043d\u043e \u043d\u0430 https://uslugi.yandex.ru/profile/EkaterinaKozlina-658213
2024-11-14 18:35:04,860 - INFO - \u041a\u043d\u043e\u043f\u043a\u0430 '\u041d\u0435 \u0441\u0435\u0439\u0447\u0430\u0441' \u043d\u0430\u0436\u0430\u0442\u0430 \u043d\u0430 https://uslugi.yandex.ru/profile/EkaterinaKozlina-658213
2024-11-14 18:35:11,540 - ERROR - \u041e\u0448\u0438\u0431\u043a\u0430 WebDriver \u043f\u0440\u0438 \u0437\u0430\u0433\u0440\u0443\u0437\u043a\u0435 https://uslugi.yandex.ru/profile/EkaterinaKozlina-658213: Message: Element <div class="ui-icon-button ui-icon-button_disabled ui-icon-button_design_submit yamb-compose-button yamb-compose-button_size_s yamb-compose-submit-button yamb-compose-submit-button_type_button yamb-compose-submit-button_disabled"> is not clickable at point (332,592) because another element <div class="ui-gap ui-gap_left_xs"> obscures it
Stacktrace:
RemoteError@chrome://remote/content/shared/RemoteError.sys.mjs:8:8
WebDriverError@chrome://remote/content/shared/webdriver/Errors.sys.mjs:193:5
ElementClickInterceptedError@chrome://remote/content/shared/webdriver/Errors.sys.mjs:337:5
webdriverClickElement@chrome://remote/content/marionette/interaction.sys.mjs:177:11
interaction.clickElement@chrome://remote/content/marionette/interaction.sys.mjs:136:11
clickElement@chrome://remote/content/marionette/actors/MarionetteCommandsChild.sys.mjs:205:29
receiveMessage@chrome://remote/content/marionette/actors/MarionetteCommandsChild.sys.mjs:85:31

2024-11-14 18:35:14,221 - INFO - \u041f\u0440\u043e\u0446\u0435\u0441\u0441 \u0437\u0430\u0432\u0435\u0440\u0448\u0435\u043d
2024-11-14 18:52:34,590 - INFO - \u0417\u0430\u043f\u0443\u0441\u043a \u043f\u0440\u043e\u0446\u0435\u0441\u0441\u0430 \u0441 1 \u043f\u043e\u0442\u043e\u043a\u0430\u043c\u0438
2024-11-14 18:52:34,591 - INFO - \u0417\u0430\u0433\u0440\u0443\u0436\u0435\u043d\u043e 2172 URL, 61 \u0441\u043e\u043e\u0431\u0449\u0435\u043d\u0438\u0439 \u0438 2 \u043f\u0440\u043e\u043a\u0441\u0438
2024-11-14 18:52:38,985 - INFO - \u0421\u043e\u0437\u0434\u0430\u043d \u0434\u0440\u0430\u0439\u0432\u0435\u0440 \u0441 User-Agent: Mozilla/5.0 (Windows NT 10.0; Win64; x64) AppleWebKit/537.36 (KHTML, like Gecko) Chrome/121.0.0.0 Safari/537.36 Edg/121.0.0.0
2024-11-14 18:52:39,003 - INFO - \u0418\u0441\u043f\u043e\u043b\u044c\u0437\u0443\u0435\u043c \u043f\u0440\u043e\u043a\u0441\u0438: BTamDtp:Peb5bQy@79.143.19.35:26755, User-Agent: Mozilla/5.0 (Windows NT 10.0; Win64; x64) AppleWebKit/537.36 (KHTML, like Gecko) Chrome/121.0.0.0 Safari/537.36 Edg/121.0.0.0
2024-11-14 18:52:39,006 - INFO - \u041f\u043e\u043f\u044b\u0442\u043a\u0430 \u0437\u0430\u0433\u0440\u0443\u0437\u043a\u0438 \u0441\u0442\u0440\u0430\u043d\u0438\u0446\u044b: https://uslugi.yandex.ru/profile/NedvizhimostImperiya-414371
2024-11-14 18:52:39,577 - INFO - \u0422\u0435\u043a\u0443\u0449\u0438\u0439 URL \u043f\u043e\u0441\u043b\u0435 \u0437\u0430\u0433\u0440\u0443\u0437\u043a\u0438: https://uslugi.yandex.ru/profile/NedvizhimostImperiya-414371
2024-11-14 18:52:39,693 - INFO - \u042d\u043b\u0435\u043c\u0435\u043d\u0442 'Logo-Link' \u043d\u0430\u0439\u0434\u0435\u043d
2024-11-14 18:52:57,260 - INFO - \u041a\u043d\u043e\u043f\u043a\u0430 '\u0427\u0430\u0442' \u043d\u0430\u0436\u0430\u0442\u0430
2024-11-14 18:53:13,825 - INFO - \u041a\u043d\u043e\u043f\u043a\u0430 '\u042f.\u041c\u0435\u0441\u0441\u0435\u043d\u0434\u0436\u0435\u0440' \u043d\u0430\u0436\u0430\u0442\u0430
2024-11-14 18:53:27,346 - INFO - \u041f\u0435\u0440\u0435\u043a\u043b\u044e\u0447\u0438\u043b\u0438\u0441\u044c \u043d\u0430 iframe
2024-11-14 18:53:27,349 - INFO - \u0422\u0435\u043a\u0441\u0442\u043e\u0432\u043e\u0435 \u043f\u043e\u043b\u0435 \u043d\u0430\u0439\u0434\u0435\u043d\u043e \u043d\u0430 https://uslugi.yandex.ru/profile/NedvizhimostImperiya-414371
2024-11-14 18:53:27,652 - INFO - \u0422\u0435\u043a\u0441\u0442 \u0432\u0432\u0435\u0434\u0435\u043d \u0432 \u043f\u043e\u043b\u0435 \u043d\u0430 https://uslugi.yandex.ru/profile/NedvizhimostImperiya-414371
2024-11-14 18:53:33,892 - INFO - \u041a\u043d\u043e\u043f\u043a\u0430 \u043e\u0442\u043f\u0440\u0430\u0432\u043a\u0438 \u0441\u043e\u043e\u0431\u0449\u0435\u043d\u0438\u044f \u043d\u0430\u0436\u0430\u0442\u0430 \u043d\u0430 https://uslugi.yandex.ru/profile/NedvizhimostImperiya-414371
2024-11-14 18:53:38,805 - INFO - \u0421\u043e\u043e\u0431\u0449\u0435\u043d\u0438\u0435 \u043e\u0442\u043f\u0440\u0430\u0432\u043b\u0435\u043d\u043e \u043d\u0430 https://uslugi.yandex.ru/profile/NedvizhimostImperiya-414371
2024-11-14 18:53:39,041 - INFO - \u041a\u043d\u043e\u043f\u043a\u0430 '\u041d\u0435 \u0441\u0435\u0439\u0447\u0430\u0441' \u043d\u0430\u0436\u0430\u0442\u0430 \u043d\u0430 https://uslugi.yandex.ru/profile/NedvizhimostImperiya-414371
2024-11-14 18:53:45,599 - ERROR - \u041e\u0448\u0438\u0431\u043a\u0430 WebDriver \u043f\u0440\u0438 \u0437\u0430\u0433\u0440\u0443\u0437\u043a\u0435 https://uslugi.yandex.ru/profile/NedvizhimostImperiya-414371: Message: Element <div class="ui-icon-button ui-icon-button_disabled ui-icon-button_design_submit yamb-compose-button yamb-compose-button_size_s yamb-compose-submit-button yamb-compose-submit-button_type_button yamb-compose-submit-button_disabled"> is not clickable at point (332,592) because another element <div class="ui-gap ui-gap_left_xs"> obscures it
Stacktrace:
RemoteError@chrome://remote/content/shared/RemoteError.sys.mjs:8:8
WebDriverError@chrome://remote/content/shared/webdriver/Errors.sys.mjs:193:5
ElementClickInterceptedError@chrome://remote/content/shared/webdriver/Errors.sys.mjs:337:5
webdriverClickElement@chrome://remote/content/marionette/interaction.sys.mjs:177:11
interaction.clickElement@chrome://remote/content/marionette/interaction.sys.mjs:136:11
clickElement@chrome://remote/content/marionette/actors/MarionetteCommandsChild.sys.mjs:205:29
receiveMessage@chrome://remote/content/marionette/actors/MarionetteCommandsChild.sys.mjs:85:31

2024-11-14 18:53:48,285 - INFO - \u041f\u0440\u043e\u0446\u0435\u0441\u0441 \u0437\u0430\u0432\u0435\u0440\u0448\u0435\u043d
2024-11-14 18:59:38,788 - INFO - \u0417\u0430\u043f\u0443\u0441\u043a \u043f\u0440\u043e\u0446\u0435\u0441\u0441\u0430 \u0441 1 \u043f\u043e\u0442\u043e\u043a\u0430\u043c\u0438
2024-11-14 18:59:38,789 - INFO - \u0417\u0430\u0433\u0440\u0443\u0436\u0435\u043d\u043e 2171 URL, 61 \u0441\u043e\u043e\u0431\u0449\u0435\u043d\u0438\u0439 \u0438 2 \u043f\u0440\u043e\u043a\u0441\u0438
2024-11-14 18:59:43,129 - INFO - \u0421\u043e\u0437\u0434\u0430\u043d \u0434\u0440\u0430\u0439\u0432\u0435\u0440 \u0441 User-Agent: Mozilla/5.0 (Windows NT 10.0; Win64; x64) AppleWebKit/537.36 (KHTML, like Gecko) Chrome/121.0.0.0 Safari/537.36 Edg/121.0.0.0 Agency/98.8.8188.80
2024-11-14 18:59:43,141 - INFO - \u0418\u0441\u043f\u043e\u043b\u044c\u0437\u0443\u0435\u043c \u043f\u0440\u043e\u043a\u0441\u0438: BTamDtp:Peb5bQy@79.143.19.35:26755, User-Agent: Mozilla/5.0 (Windows NT 10.0; Win64; x64) AppleWebKit/537.36 (KHTML, like Gecko) Chrome/121.0.0.0 Safari/537.36 Edg/121.0.0.0 Agency/98.8.8188.80
2024-11-14 18:59:43,146 - INFO - \u041f\u043e\u043f\u044b\u0442\u043a\u0430 \u0437\u0430\u0433\u0440\u0443\u0437\u043a\u0438 \u0441\u0442\u0440\u0430\u043d\u0438\u0446\u044b: https://uslugi.yandex.ru/profile/ElenaSolodovnikova-1837333
2024-11-14 18:59:43,732 - INFO - \u0422\u0435\u043a\u0443\u0449\u0438\u0439 URL \u043f\u043e\u0441\u043b\u0435 \u0437\u0430\u0433\u0440\u0443\u0437\u043a\u0438: https://uslugi.yandex.ru/profile/ElenaSolodovnikova-1837333
2024-11-14 18:59:43,851 - INFO - \u042d\u043b\u0435\u043c\u0435\u043d\u0442 'Logo-Link' \u043d\u0430\u0439\u0434\u0435\u043d
2024-11-14 19:00:04,037 - INFO - \u041a\u043d\u043e\u043f\u043a\u0430 '\u0427\u0430\u0442' \u043d\u0430\u0436\u0430\u0442\u0430
2024-11-14 19:00:17,311 - INFO - \u041a\u043d\u043e\u043f\u043a\u0430 '\u042f.\u041c\u0435\u0441\u0441\u0435\u043d\u0434\u0436\u0435\u0440' \u043d\u0430\u0436\u0430\u0442\u0430
2024-11-14 19:00:34,217 - INFO - \u041f\u0435\u0440\u0435\u043a\u043b\u044e\u0447\u0438\u043b\u0438\u0441\u044c \u043d\u0430 iframe
2024-11-14 19:00:34,219 - INFO - \u0422\u0435\u043a\u0441\u0442\u043e\u0432\u043e\u0435 \u043f\u043e\u043b\u0435 \u043d\u0430\u0439\u0434\u0435\u043d\u043e \u043d\u0430 https://uslugi.yandex.ru/profile/ElenaSolodovnikova-1837333
2024-11-14 19:00:34,532 - INFO - \u0422\u0435\u043a\u0441\u0442 \u0432\u0432\u0435\u0434\u0435\u043d \u0432 \u043f\u043e\u043b\u0435 \u043d\u0430 https://uslugi.yandex.ru/profile/ElenaSolodovnikova-1837333
2024-11-14 19:00:39,080 - INFO - \u041a\u043d\u043e\u043f\u043a\u0430 \u043e\u0442\u043f\u0440\u0430\u0432\u043a\u0438 \u0441\u043e\u043e\u0431\u0449\u0435\u043d\u0438\u044f \u043d\u0430\u0436\u0430\u0442\u0430 \u043d\u0430 https://uslugi.yandex.ru/profile/ElenaSolodovnikova-1837333
2024-11-14 19:00:45,334 - INFO - \u0421\u043e\u043e\u0431\u0449\u0435\u043d\u0438\u0435 \u043e\u0442\u043f\u0440\u0430\u0432\u043b\u0435\u043d\u043e \u043d\u0430 https://uslugi.yandex.ru/profile/ElenaSolodovnikova-1837333
2024-11-14 19:00:45,571 - INFO - \u041a\u043d\u043e\u043f\u043a\u0430 '\u041d\u0435 \u0441\u0435\u0439\u0447\u0430\u0441' \u043d\u0430\u0436\u0430\u0442\u0430 \u043d\u0430 https://uslugi.yandex.ru/profile/ElenaSolodovnikova-1837333
2024-11-14 19:00:50,836 - ERROR - \u041e\u0448\u0438\u0431\u043a\u0430 WebDriver \u043f\u0440\u0438 \u0437\u0430\u0433\u0440\u0443\u0437\u043a\u0435 https://uslugi.yandex.ru/profile/ElenaSolodovnikova-1837333: Message: Element <div class="ui-icon-button ui-icon-button_disabled ui-icon-button_design_submit yamb-compose-button yamb-compose-button_size_s yamb-compose-submit-button yamb-compose-submit-button_type_button yamb-compose-submit-button_disabled"> is not clickable at point (332,592) because another element <div class="ui-gap ui-gap_left_xs"> obscures it
Stacktrace:
RemoteError@chrome://remote/content/shared/RemoteError.sys.mjs:8:8
WebDriverError@chrome://remote/content/shared/webdriver/Errors.sys.mjs:193:5
ElementClickInterceptedError@chrome://remote/content/shared/webdriver/Errors.sys.mjs:337:5
webdriverClickElement@chrome://remote/content/marionette/interaction.sys.mjs:177:11
interaction.clickElement@chrome://remote/content/marionette/interaction.sys.mjs:136:11
clickElement@chrome://remote/content/marionette/actors/MarionetteCommandsChild.sys.mjs:205:29
receiveMessage@chrome://remote/content/marionette/actors/MarionetteCommandsChild.sys.mjs:85:31

2024-11-14 19:00:50,839 - INFO - \u041f\u043e\u043f\u044b\u0442\u043a\u0430 \u0437\u0430\u0433\u0440\u0443\u0437\u043a\u0438 \u0441\u0442\u0440\u0430\u043d\u0438\u0446\u044b: https://uslugi.yandex.ru/profile/OlgaStasevich-2592118
2024-11-14 19:00:51,577 - INFO - \u0422\u0435\u043a\u0443\u0449\u0438\u0439 URL \u043f\u043e\u0441\u043b\u0435 \u0437\u0430\u0433\u0440\u0443\u0437\u043a\u0438: https://uslugi.yandex.ru/profile/OlgaStasevich-2592118
2024-11-14 19:00:51,612 - INFO - \u042d\u043b\u0435\u043c\u0435\u043d\u0442 'Logo-Link' \u043d\u0430\u0439\u0434\u0435\u043d
2024-11-14 19:01:10,454 - INFO - \u041a\u043d\u043e\u043f\u043a\u0430 '\u0427\u0430\u0442' \u043d\u0430\u0436\u0430\u0442\u0430
2024-11-14 19:01:25,468 - INFO - \u041a\u043d\u043e\u043f\u043a\u0430 '\u042f.\u041c\u0435\u0441\u0441\u0435\u043d\u0434\u0436\u0435\u0440' \u043d\u0430\u0436\u0430\u0442\u0430
2024-11-14 19:01:38,916 - INFO - \u041f\u0435\u0440\u0435\u043a\u043b\u044e\u0447\u0438\u043b\u0438\u0441\u044c \u043d\u0430 iframe
2024-11-14 19:01:38,920 - INFO - \u0422\u0435\u043a\u0441\u0442\u043e\u0432\u043e\u0435 \u043f\u043e\u043b\u0435 \u043d\u0430\u0439\u0434\u0435\u043d\u043e \u043d\u0430 https://uslugi.yandex.ru/profile/OlgaStasevich-2592118
2024-11-14 19:01:39,288 - INFO - \u0422\u0435\u043a\u0441\u0442 \u0432\u0432\u0435\u0434\u0435\u043d \u0432 \u043f\u043e\u043b\u0435 \u043d\u0430 https://uslugi.yandex.ru/profile/OlgaStasevich-2592118
2024-11-14 19:01:46,150 - INFO - \u041a\u043d\u043e\u043f\u043a\u0430 \u043e\u0442\u043f\u0440\u0430\u0432\u043a\u0438 \u0441\u043e\u043e\u0431\u0449\u0435\u043d\u0438\u044f \u043d\u0430\u0436\u0430\u0442\u0430 \u043d\u0430 https://uslugi.yandex.ru/profile/OlgaStasevich-2592118
2024-11-14 19:01:52,809 - INFO - \u0421\u043e\u043e\u0431\u0449\u0435\u043d\u0438\u0435 \u043e\u0442\u043f\u0440\u0430\u0432\u043b\u0435\u043d\u043e \u043d\u0430 https://uslugi.yandex.ru/profile/OlgaStasevich-2592118
2024-11-14 19:01:53,044 - INFO - \u041a\u043d\u043e\u043f\u043a\u0430 '\u041d\u0435 \u0441\u0435\u0439\u0447\u0430\u0441' \u043d\u0430\u0436\u0430\u0442\u0430 \u043d\u0430 https://uslugi.yandex.ru/profile/OlgaStasevich-2592118
2024-11-14 19:01:58,747 - ERROR - \u041e\u0448\u0438\u0431\u043a\u0430 WebDriver \u043f\u0440\u0438 \u0437\u0430\u0433\u0440\u0443\u0437\u043a\u0435 https://uslugi.yandex.ru/profile/OlgaStasevich-2592118: Message: Element <div class="ui-icon-button ui-icon-button_disabled ui-icon-button_design_submit yamb-compose-button yamb-compose-button_size_s yamb-compose-submit-button yamb-compose-submit-button_type_button yamb-compose-submit-button_disabled"> is not clickable at point (332,592) because another element <div class="ui-gap ui-gap_left_xs"> obscures it
Stacktrace:
RemoteError@chrome://remote/content/shared/RemoteError.sys.mjs:8:8
WebDriverError@chrome://remote/content/shared/webdriver/Errors.sys.mjs:193:5
ElementClickInterceptedError@chrome://remote/content/shared/webdriver/Errors.sys.mjs:337:5
webdriverClickElement@chrome://remote/content/marionette/interaction.sys.mjs:177:11
interaction.clickElement@chrome://remote/content/marionette/interaction.sys.mjs:136:11
clickElement@chrome://remote/content/marionette/actors/MarionetteCommandsChild.sys.mjs:205:29
receiveMessage@chrome://remote/content/marionette/actors/MarionetteCommandsChild.sys.mjs:85:31

2024-11-14 19:01:58,751 - INFO - \u041f\u043e\u043f\u044b\u0442\u043a\u0430 \u0437\u0430\u0433\u0440\u0443\u0437\u043a\u0438 \u0441\u0442\u0440\u0430\u043d\u0438\u0446\u044b: https://uslugi.yandex.ru/profile/TatyanaP-2524702
2024-11-14 19:01:59,187 - INFO - \u0422\u0435\u043a\u0443\u0449\u0438\u0439 URL \u043f\u043e\u0441\u043b\u0435 \u0437\u0430\u0433\u0440\u0443\u0437\u043a\u0438: https://uslugi.yandex.ru/profile/TatyanaP-2524702
2024-11-14 19:01:59,281 - INFO - \u042d\u043b\u0435\u043c\u0435\u043d\u0442 'Logo-Link' \u043d\u0430\u0439\u0434\u0435\u043d
2024-11-14 19:02:15,178 - INFO - \u041a\u043d\u043e\u043f\u043a\u0430 '\u0427\u0430\u0442' \u043d\u0430\u0436\u0430\u0442\u0430
2024-11-14 19:02:31,568 - INFO - \u041a\u043d\u043e\u043f\u043a\u0430 '\u042f.\u041c\u0435\u0441\u0441\u0435\u043d\u0434\u0436\u0435\u0440' \u043d\u0430\u0436\u0430\u0442\u0430
2024-11-14 19:02:46,511 - INFO - \u041f\u0435\u0440\u0435\u043a\u043b\u044e\u0447\u0438\u043b\u0438\u0441\u044c \u043d\u0430 iframe
2024-11-14 19:02:46,514 - INFO - \u0422\u0435\u043a\u0441\u0442\u043e\u0432\u043e\u0435 \u043f\u043e\u043b\u0435 \u043d\u0430\u0439\u0434\u0435\u043d\u043e \u043d\u0430 https://uslugi.yandex.ru/profile/TatyanaP-2524702
2024-11-14 19:02:46,840 - INFO - \u0422\u0435\u043a\u0441\u0442 \u0432\u0432\u0435\u0434\u0435\u043d \u0432 \u043f\u043e\u043b\u0435 \u043d\u0430 https://uslugi.yandex.ru/profile/TatyanaP-2524702
2024-11-14 19:02:51,986 - INFO - \u041a\u043d\u043e\u043f\u043a\u0430 \u043e\u0442\u043f\u0440\u0430\u0432\u043a\u0438 \u0441\u043e\u043e\u0431\u0449\u0435\u043d\u0438\u044f \u043d\u0430\u0436\u0430\u0442\u0430 \u043d\u0430 https://uslugi.yandex.ru/profile/TatyanaP-2524702
2024-11-14 19:02:56,551 - INFO - \u0421\u043e\u043e\u0431\u0449\u0435\u043d\u0438\u0435 \u043e\u0442\u043f\u0440\u0430\u0432\u043b\u0435\u043d\u043e \u043d\u0430 https://uslugi.yandex.ru/profile/TatyanaP-2524702
2024-11-14 19:02:56,786 - INFO - \u041a\u043d\u043e\u043f\u043a\u0430 '\u041d\u0435 \u0441\u0435\u0439\u0447\u0430\u0441' \u043d\u0430\u0436\u0430\u0442\u0430 \u043d\u0430 https://uslugi.yandex.ru/profile/TatyanaP-2524702
2024-11-14 19:03:01,654 - ERROR - \u041e\u0448\u0438\u0431\u043a\u0430 WebDriver \u043f\u0440\u0438 \u0437\u0430\u0433\u0440\u0443\u0437\u043a\u0435 https://uslugi.yandex.ru/profile/TatyanaP-2524702: Message: Element <div class="ui-icon-button ui-icon-button_disabled ui-icon-button_design_submit yamb-compose-button yamb-compose-button_size_s yamb-compose-submit-button yamb-compose-submit-button_type_button yamb-compose-submit-button_disabled"> is not clickable at point (332,592) because another element <div class="ui-gap ui-gap_left_xs"> obscures it
Stacktrace:
RemoteError@chrome://remote/content/shared/RemoteError.sys.mjs:8:8
WebDriverError@chrome://remote/content/shared/webdriver/Errors.sys.mjs:193:5
ElementClickInterceptedError@chrome://remote/content/shared/webdriver/Errors.sys.mjs:337:5
webdriverClickElement@chrome://remote/content/marionette/interaction.sys.mjs:177:11
interaction.clickElement@chrome://remote/content/marionette/interaction.sys.mjs:136:11
clickElement@chrome://remote/content/marionette/actors/MarionetteCommandsChild.sys.mjs:205:29
receiveMessage@chrome://remote/content/marionette/actors/MarionetteCommandsChild.sys.mjs:85:31

2024-11-14 19:03:04,019 - INFO - \u041f\u0440\u043e\u0446\u0435\u0441\u0441 \u0437\u0430\u0432\u0435\u0440\u0448\u0435\u043d
